###############################################################################
#                                                                             #
# IAR C/C++ Compiler V8.10.1.10194/W32 for 8051         24/Aug/2019  20:01:21 #
# Copyright 2004-2011 IAR Systems AB.                                         #
#                                                                             #
#    Core               =  plain                                              #
#    Code model         =  banked                                             #
#    Data model         =  large                                              #
#    Calling convention =  xdata reentrant                                    #
#    Constant location  =  data_rom                                           #
#    Dptr setup         =  1,16                                               #
#    Source file        =  D:\ZStack-CC2530-2.5.1a\Projects\zstack\Samples\Sa #
#                          mpleApp\Source\SampleApp.c                         #
#    Command line       =  -f D:\ZStack-CC2530-2.5.1a\Projects\zstack\Samples #
#                          \SampleApp\CC2530DB\..\..\..\Tools\CC2530DB\f8wRou #
#                          ter.cfg (-DCPU32MHZ -DROOT=__near_func             #
#                          -DMAC_CFG_APP_PENDING_QUEUE=TRUE                   #
#                          -DMAC_CFG_TX_DATA_MAX=5 -DMAC_CFG_TX_MAX=8         #
#                          -DMAC_CFG_RX_MAX=5 -DRTR_NWK) -f                   #
#                          D:\ZStack-CC2530-2.5.1a\Projects\zstack\Samples\Sa #
#                          mpleApp\CC2530DB\..\..\..\Tools\CC2530DB\f8wConfig #
#                          .cfg (-DZIGBEEPRO -DSECURE=0                       #
#                          -DZG_SECURE_DYNAMIC=0 -DREFLECTOR                  #
#                          -DDEFAULT_CHANLIST=0x00000800                      #
#                          -DZDAPP_CONFIG_PAN_ID=0xFFFF                       #
#                          -DNWK_START_DELAY=100 -DEXTENDED_JOINING_RANDOM_MA #
#                          SK=0x007F -DBEACON_REQUEST_DELAY=100               #
#                          -DBEACON_REQ_DELAY_MASK=0x00FF                     #
#                          -DLINK_STATUS_JITTER_MASK=0x007F                   #
#                          -DROUTE_EXPIRY_TIME=30 -DAPSC_ACK_WAIT_DURATION_PO #
#                          LLED=3000 -DNWK_INDIRECT_MSG_TIMEOUT=7             #
#                          -DMAX_RREQ_ENTRIES=8 -DAPSC_MAX_FRAME_RETRIES=3    #
#                          -DNWK_MAX_DATA_RETRIES=2                           #
#                          -DMAX_POLL_FAILURE_RETRIES=2 -DMAX_BCAST=9         #
#                          -DAPS_MAX_GROUPS=16 -DMAX_RTG_ENTRIES=40           #
#                          -DNWK_MAX_BINDING_ENTRIES=4                        #
#                          -DMAX_BINDING_CLUSTER_IDS=4 "-DDEFAULT_KEY={0x01,  #
#                          0x03, 0x05, 0x07, 0x09, 0x0B, 0x0D, 0x0F, 0x00,    #
#                          0x02, 0x04, 0x06, 0x08, 0x0A, 0x0C, 0x0D}"         #
#                          -DMAC_MAX_FRAME_SIZE=116                           #
#                          -DZDNWKMGR_MIN_TRANSMISSIONS=20 "-DCONST=const     #
#                          __code" -DGENERIC=__generic                        #
#                          -DRFD_RCVC_ALWAYS_ON=FALSE -DPOLL_RATE=1000        #
#                          -DQUEUED_POLL_RATE=100 -DRESPONSE_POLL_RATE=100)   #
#                          -DREJOIN_POLL_RATE=440 D:\ZStack-CC2530-2.5.1a\Pro #
#                          jects\zstack\Samples\SampleApp\Source\SampleApp.c  #
#                          -D ZTOOL_P1 -D MT_TASK -D MT_SYS_FUNC -D           #
#                          MT_ZDO_FUNC -D LCD_SUPPORTED=DEBUG -lC             #
#                          D:\ZStack-CC2530-2.5.1a\Projects\zstack\Samples\Sa #
#                          mpleApp\CC2530DB\RouterEB\List\ -lA                #
#                          D:\ZStack-CC2530-2.5.1a\Projects\zstack\Samples\Sa #
#                          mpleApp\CC2530DB\RouterEB\List\ --diag_suppress    #
#                          Pe001,Pa010 -o D:\ZStack-CC2530-2.5.1a\Projects\zs #
#                          tack\Samples\SampleApp\CC2530DB\RouterEB\Obj\ -e   #
#                          --no_code_motion --debug --core=plain --dptr=16,1  #
#                          --data_model=large --code_model=banked             #
#                          --calling_convention=xdata_reentrant               #
#                          --place_constants=data_rom --nr_virtual_regs 16    #
#                          -I D:\ZStack-CC2530-2.5.1a\Projects\zstack\Samples #
#                          \SampleApp\CC2530DB\ -I D:\ZStack-CC2530-2.5.1a\Pr #
#                          ojects\zstack\Samples\SampleApp\CC2530DB\..\Source #
#                          \ -I D:\ZStack-CC2530-2.5.1a\Projects\zstack\Sampl #
#                          es\SampleApp\CC2530DB\..\..\..\ZMain\TI2530DB\ -I  #
#                          D:\ZStack-CC2530-2.5.1a\Projects\zstack\Samples\Sa #
#                          mpleApp\CC2530DB\..\..\..\..\..\Components\hal\inc #
#                          lude\ -I D:\ZStack-CC2530-2.5.1a\Projects\zstack\S #
#                          amples\SampleApp\CC2530DB\..\..\..\..\..\Component #
#                          s\hal\target\CC2530EB\ -I                          #
#                          D:\ZStack-CC2530-2.5.1a\Projects\zstack\Samples\Sa #
#                          mpleApp\CC2530DB\..\..\..\..\..\Components\mac\inc #
#                          lude\ -I D:\ZStack-CC2530-2.5.1a\Projects\zstack\S #
#                          amples\SampleApp\CC2530DB\..\..\..\..\..\Component #
#                          s\mac\high_level\ -I D:\ZStack-CC2530-2.5.1a\Proje #
#                          cts\zstack\Samples\SampleApp\CC2530DB\..\..\..\..\ #
#                          ..\Components\mac\low_level\srf04\ -I              #
#                          D:\ZStack-CC2530-2.5.1a\Projects\zstack\Samples\Sa #
#                          mpleApp\CC2530DB\..\..\..\..\..\Components\mac\low #
#                          _level\srf04\single_chip\ -I                       #
#                          D:\ZStack-CC2530-2.5.1a\Projects\zstack\Samples\Sa #
#                          mpleApp\CC2530DB\..\..\..\..\..\Components\mt\ -I  #
#                          D:\ZStack-CC2530-2.5.1a\Projects\zstack\Samples\Sa #
#                          mpleApp\CC2530DB\..\..\..\..\..\Components\osal\in #
#                          clude\ -I D:\ZStack-CC2530-2.5.1a\Projects\zstack\ #
#                          Samples\SampleApp\CC2530DB\..\..\..\..\..\Componen #
#                          ts\services\saddr\ -I D:\ZStack-CC2530-2.5.1a\Proj #
#                          ects\zstack\Samples\SampleApp\CC2530DB\..\..\..\.. #
#                          \..\Components\services\sdata\ -I                  #
#                          D:\ZStack-CC2530-2.5.1a\Projects\zstack\Samples\Sa #
#                          mpleApp\CC2530DB\..\..\..\..\..\Components\stack\a #
#                          f\ -I D:\ZStack-CC2530-2.5.1a\Projects\zstack\Samp #
#                          les\SampleApp\CC2530DB\..\..\..\..\..\Components\s #
#                          tack\nwk\ -I D:\ZStack-CC2530-2.5.1a\Projects\zsta #
#                          ck\Samples\SampleApp\CC2530DB\..\..\..\..\..\Compo #
#                          nents\stack\sapi\ -I D:\ZStack-CC2530-2.5.1a\Proje #
#                          cts\zstack\Samples\SampleApp\CC2530DB\..\..\..\..\ #
#                          ..\Components\stack\sec\ -I                        #
#                          D:\ZStack-CC2530-2.5.1a\Projects\zstack\Samples\Sa #
#                          mpleApp\CC2530DB\..\..\..\..\..\Components\stack\s #
#                          ys\ -I D:\ZStack-CC2530-2.5.1a\Projects\zstack\Sam #
#                          ples\SampleApp\CC2530DB\..\..\..\..\..\Components\ #
#                          stack\zdo\ -I D:\ZStack-CC2530-2.5.1a\Projects\zst #
#                          ack\Samples\SampleApp\CC2530DB\..\..\..\..\..\Comp #
#                          onents\zmac\ -I D:\ZStack-CC2530-2.5.1a\Projects\z #
#                          stack\Samples\SampleApp\CC2530DB\..\..\..\..\..\Co #
#                          mponents\zmac\f8w\ -Ohz --require_prototypes       #
#    List file          =  D:\ZStack-CC2530-2.5.1a\Projects\zstack\Samples\Sa #
#                          mpleApp\CC2530DB\RouterEB\List\SampleApp.lst       #
#    Object file        =  D:\ZStack-CC2530-2.5.1a\Projects\zstack\Samples\Sa #
#                          mpleApp\CC2530DB\RouterEB\Obj\SampleApp.r51        #
#                                                                             #
#                                                                             #
###############################################################################

D:\ZStack-CC2530-2.5.1a\Projects\zstack\Samples\SampleApp\Source\SampleApp.c
      1          /**************************************************************************************************
      2            Filename:       SampleApp.c
      3            Revised:        $Date: 2009-03-18 15:56:27 -0700 (Wed, 18 Mar 2009) $
      4            Revision:       $Revision: 19453 $
      5          
      6            Description:    Sample Application (no Profile).
      7          
      8          
      9            Copyright 2007 Texas Instruments Incorporated. All rights reserved.
     10          
     11            IMPORTANT: Your use of this Software is limited to those specific rights
     12            granted under the terms of a software license agreement between the user
     13            who downloaded the software, his/her employer (which must be your employer)
     14            and Texas Instruments Incorporated (the "License").  You may not use this
     15            Software unless you agree to abide by the terms of the License. The License
     16            limits your use, and you acknowledge, that the Software may not be modified,
     17            copied or distributed unless embedded on a Texas Instruments microcontroller
     18            or used solely and exclusively in conjunction with a Texas Instruments radio
     19            frequency transceiver, which is integrated into your product.  Other than for
     20            the foregoing purpose, you may not use, reproduce, copy, prepare derivative
     21            works of, modify, distribute, perform, display or sell this Software and/or
     22            its documentation for any purpose.
     23          
     24            YOU FURTHER ACKNOWLEDGE AND AGREE THAT THE SOFTWARE AND DOCUMENTATION ARE
     25            PROVIDED AS IS?WITHOUT WARRANTY OF ANY KIND, EITHER EXPRESS OR IMPLIED,
     26            INCLUDING WITHOUT LIMITATION, ANY WARRANTY OF MERCHANTABILITY, TITLE,
     27            NON-INFRINGEMENT AND FITNESS FOR A PARTICULAR PURPOSE. IN NO EVENT SHALL
     28            TEXAS INSTRUMENTS OR ITS LICENSORS BE LIABLE OR OBLIGATED UNDER CONTRACT,
     29            NEGLIGENCE, STRICT LIABILITY, CONTRIBUTION, BREACH OF WARRANTY, OR OTHER
     30            LEGAL EQUITABLE THEORY ANY DIRECT OR INDIRECT DAMAGES OR EXPENSES
     31            INCLUDING BUT NOT LIMITED TO ANY INCIDENTAL, SPECIAL, INDIRECT, PUNITIVE
     32            OR CONSEQUENTIAL DAMAGES, LOST PROFITS OR LOST DATA, COST OF PROCUREMENT
     33            OF SUBSTITUTE GOODS, TECHNOLOGY, SERVICES, OR ANY CLAIMS BY THIRD PARTIES
     34            (INCLUDING BUT NOT LIMITED TO ANY DEFENSE THEREOF), OR OTHER SIMILAR COSTS.
     35          
     36            Should you have any questions regarding your right to use this Software,
     37            contact Texas Instruments Incorporated at www.TI.com.
     38          **************************************************************************************************/
     39          
     40          /*********************************************************************
     41            This application isn't intended to do anything useful, it is
     42            intended to be a simple example of an application's structure.
     43          
     44            This application sends it's messages either as broadcast or
     45            broadcast filtered group messages.  The other (more normal)
     46            message addressing is unicast.  Most of the other sample
     47            applications are written to support the unicast message model.
     48          
     49            Key control:
     50              SW1:  Sends a flash command to all devices in Group 1.
     51              SW2:  Adds/Removes (toggles) this device in and out
     52                    of Group 1.  This will enable and disable the
     53                    reception of the flash command.
     54          *********************************************************************/
     55          
     56          /*********************************************************************
     57           * INCLUDES
     58           */
     59          #include "OSAL.h"
     60          #include "ZGlobals.h"
     61          #include "AF.h"
     62          #include "aps_groups.h"
     63          #include "ZDApp.h"
     64          #include "MT.h"  //透传中CMD_SERIAL_MSG的定义
     65          
     66          #include "SampleApp.h"
     67          #include "SampleAppHw.h"
     68          
     69          #include "OnBoard.h"
     70          #include "string.h"
     71          
     72          /* HAL */
     73          #include "hal_lcd.h"
     74          #include "hal_led.h"
     75          #include "hal_key.h"
     76          
     77          
     78          
     79          //用户引入的头文件
     80          #include "MT_UART.h"
     81          /*********************************************************************
     82           * MACROS
     83           */
     84          
     85          /*********************************************************************
     86           * CONSTANTS
     87           */
     88          
     89          /*********************************************************************
     90           * TYPEDEFS
     91           */
     92          
     93          /*********************************************************************
     94           * GLOBAL VARIABLES
     95           */
     96          
     97          // This list should be filled with Application specific Cluster IDs.

   \                                 In  segment XDATA_ROM_C, align 1
     98          const cId_t SampleApp_ClusterList[SAMPLEAPP_MAX_CLUSTERS] =
   \                     SampleApp_ClusterList:
   \   000000   0100         DW 1
   \   000002   0200         DW 2
   \   000004   0000         DW 0
   \   000006   0000         DW 0
     99          {
    100            SAMPLEAPP_PERIODIC_CLUSTERID,
    101            SAMPLEAPP_FLASH_CLUSTERID
    102          };
    103          

   \                                 In  segment XDATA_ROM_C, align 1
    104          const SimpleDescriptionFormat_t SampleApp_SimpleDesc =
   \                     SampleApp_SimpleDesc:
   \   000000   14           DB 20
   \   000001   080F         DW 3848
   \   000003   0100         DW 1
   \   000005   00           DB 0
   \   000006   04           DB 4
   \   000007   ....         DW SampleApp_ClusterList
   \   000009   04           DB 4
   \   00000A   ....         DW SampleApp_ClusterList
    105          {
    106            SAMPLEAPP_ENDPOINT,              //  int Endpoint;
    107            SAMPLEAPP_PROFID,                //  uint16 AppProfId[2];
    108            SAMPLEAPP_DEVICEID,              //  uint16 AppDeviceId[2];
    109            SAMPLEAPP_DEVICE_VERSION,        //  int   AppDevVer:4;
    110            SAMPLEAPP_FLAGS,                 //  int   AppFlags:4;
    111            SAMPLEAPP_MAX_CLUSTERS,          //  uint8  AppNumInClusters;
    112            (cId_t *)SampleApp_ClusterList,  //  uint8 *pAppInClusterList;
    113            SAMPLEAPP_MAX_CLUSTERS,          //  uint8  AppNumInClusters;
    114            (cId_t *)SampleApp_ClusterList   //  uint8 *pAppInClusterList;
    115          };
    116          
    117          // This is the Endpoint/Interface description.  It is defined here, but
    118          // filled-in in SampleApp_Init().  Another way to go would be to fill
    119          // in the structure here and make it a "const" (in code space).  The
    120          // way it's defined in this sample app it is define in RAM.

   \                                 In  segment XDATA_Z, align 1, keep-with-next
    121          endPointDesc_t SampleApp_epDesc;
   \                     SampleApp_epDesc:
   \   000000                DS 6
   \   000006                REQUIRE __INIT_XDATA_Z
    122          
    123          /*********************************************************************
    124           * EXTERNAL VARIABLES
    125           */
    126          
    127          /*********************************************************************
    128           * EXTERNAL FUNCTIONS
    129           */
    130          
    131          /*********************************************************************
    132           * LOCAL VARIABLES
    133           */

   \                                 In  segment XDATA_Z, align 1, keep-with-next
    134          uint8 SampleApp_TaskID;   // Task ID for internal task/event processing
   \                     SampleApp_TaskID:
   \   000000                DS 1
   \   000001                REQUIRE __INIT_XDATA_Z
    135                                    // This variable will be received when
    136                                    // SampleApp_Init() is called.

   \                                 In  segment XDATA_Z, align 1, keep-with-next
    137          devStates_t SampleApp_NwkState;
   \                     SampleApp_NwkState:
   \   000000                DS 1
   \   000001                REQUIRE __INIT_XDATA_Z
    138          

   \                                 In  segment XDATA_Z, align 1, keep-with-next
    139          uint8 SampleApp_TransID;  // This is the unique message ID (counter)
   \                     SampleApp_TransID:
   \   000000                DS 1
   \   000001                REQUIRE __INIT_XDATA_Z
    140          

   \                                 In  segment XDATA_Z, align 1, keep-with-next
    141          afAddrType_t SampleApp_Periodic_DstAddr;
   \                     SampleApp_Periodic_DstAddr:
   \   000000                DS 12
   \   00000C                REQUIRE __INIT_XDATA_Z

   \                                 In  segment XDATA_Z, align 1, keep-with-next
    142          afAddrType_t SampleApp_Flash_DstAddr; //组播
   \                     SampleApp_Flash_DstAddr:
   \   000000                DS 12
   \   00000C                REQUIRE __INIT_XDATA_Z
    143          

   \                                 In  segment XDATA_Z, align 1, keep-with-next
    144          afAddrType_t Point_To_Point_DstAddr; //WeBee点对点通信定义
   \                     Point_To_Point_DstAddr:
   \   000000                DS 12
   \   00000C                REQUIRE __INIT_XDATA_Z
    145          

   \                                 In  segment XDATA_Z, align 1, keep-with-next
    146          aps_Group_t SampleApp_Group; //分组内容
   \                     SampleApp_Group:
   \   000000                DS 18
   \   000012                REQUIRE __INIT_XDATA_Z
    147          

   \                                 In  segment XDATA_Z, align 1, keep-with-next
    148          uint8 SampleAppPeriodicCounter = 0;
   \                     SampleAppPeriodicCounter:
   \   000000                DS 1
   \   000001                REQUIRE __INIT_XDATA_Z

   \                                 In  segment XDATA_Z, align 1, keep-with-next
    149          uint8 SampleAppFlashCounter = 0;
   \                     SampleAppFlashCounter:
   \   000000                DS 1
   \   000001                REQUIRE __INIT_XDATA_Z
    150          
    151          /*********************************************************************
    152           * LOCAL FUNCTIONS     函数声明
    153           */
    154          void SampleApp_HandleKeys( uint8 shift, uint8 keys );
    155          void SampleApp_MessageMSGCB( afIncomingMSGPacket_t *pckt );
    156          void SampleApp_SendPeriodicMessage( void );
    157          void SampleApp_SendFlashMessage( uint16 flashTime );
    158          void SampleApp_SerialCMD(mtOSALSerialData_t *cmdMsg); // 串口通信
    159          void SampleApp_SendPointToPointMessage( void ); //点对点
    160          void SampleApp_SendGroupMessage( void );// 网蜂组播通讯发送函数定义
    161          /*********************************************************************
    162           * NETWORK LAYER CALLBACKS
    163           */
    164          
    165          /*********************************************************************
    166           * PUBLIC FUNCTIONS
    167           */
    168          
    169          /*********************************************************************
    170           * @fn      SampleApp_Init
    171           *
    172           * @brief   Initialization function for the Generic App Task.
    173           *          This is called during initialization and should contain
    174           *          any application specific initialization (ie. hardware
    175           *          initialization/setup, table initialization, power up
    176           *          notificaiton ... ).
    177           *
    178           * @param   task_id - the ID assigned by OSAL.  This ID should be
    179           *                    used to send messages and set timers.
    180           *
    181           * @return  none
    182           */

   \                                 In  segment BANKED_CODE, align 1, keep-with-next
    183          void SampleApp_Init( uint8 task_id )
   \                     SampleApp_Init:
    184          {
   \   000000   74F5         MOV     A,#-0xb
   \   000002   12....       LCALL   ?BANKED_ENTER_XDATA
   \   000005                ; Saved register size: 11
   \   000005                ; Auto size: 0
   \   000005   E9           MOV     A,R1
   \   000006   FE           MOV     R6,A
    185            SampleApp_TaskID = task_id;
   \   000007   90....       MOV     DPTR,#SampleApp_TaskID
   \   00000A   F0           MOVX    @DPTR,A
    186            SampleApp_NwkState = DEV_INIT;
   \   00000B   90....       MOV     DPTR,#SampleApp_NwkState
   \   00000E   7401         MOV     A,#0x1
   \   000010   F0           MOVX    @DPTR,A
    187            SampleApp_TransID = 0;
   \   000011   90....       MOV     DPTR,#SampleApp_TransID
   \   000014   E4           CLR     A
   \   000015   F0           MOVX    @DPTR,A
    188            MT_UartInit(); //初始化UART
   \   000016                ; Setup parameters for call to function MT_UartInit
   \   000016   12....       LCALL   ??MT_UartInit?relay
    189            MT_UartRegisterTaskID(task_id);// 登记任务号
   \   000019                ; Setup parameters for call to function MT_UartRegisterTaskID
   \   000019   EE           MOV     A,R6
   \   00001A   F9           MOV     R1,A
   \   00001B   12....       LCALL   ??MT_UartRegisterTaskID?relay
    190            HalUARTWrite(0, "Hello World\n", 12); // （串口 0 ，'字符’,字符个数）
   \   00001E                ; Setup parameters for call to function HalUARTWrite
   \   00001E   7C0C         MOV     R4,#0xc
   \   000020   7D00         MOV     R5,#0x0
   \   000022   7A..         MOV     R2,#`?<Constant "Hello World\\n">` & 0xff
   \   000024   7B..         MOV     R3,#(`?<Constant "Hello World\\n">` >> 8) & 0xff
   \   000026   7900         MOV     R1,#0x0
   \   000028   12....       LCALL   ??HalUARTWrite?relay
    191          
    192          
    193          
    194          
    195          
    196          
    197          
    198            // Device hardware initialization can be added here or in main() (Zmain.c).
    199            // If the hardware is application specific - add it here.
    200            // If the hardware is other parts of the device add it in main().
    201          
    202           #if defined ( BUILD_ALL_DEVICES )
    203            // The "Demo" target is setup to have BUILD_ALL_DEVICES and HOLD_AUTO_START
    204            // We are looking at a jumper (defined in SampleAppHw.c) to be jumpered
    205            // together - if they are - we will start up a coordinator. Otherwise,
    206            // the device will start as a router.
    207            if ( readCoordinatorJumper() )
    208              zgDeviceLogicalType = ZG_DEVICETYPE_COORDINATOR;
    209            else
    210              zgDeviceLogicalType = ZG_DEVICETYPE_ROUTER;
    211          #endif // BUILD_ALL_DEVICES
    212          
    213          #if defined ( HOLD_AUTO_START )
    214            // HOLD_AUTO_START is a compile option that will surpress ZDApp
    215            //  from starting the device and wait for the application to
    216            //  start the device.
    217            ZDOInitDevice(0);
    218          #endif
    219          
    220            
    221            
    222            //WeBee点对点通讯定义
    223            Point_To_Point_DstAddr.addrMode = (afAddrMode_t)Addr16Bit; //点播模式
   \   00002B   90....       MOV     DPTR,#Point_To_Point_DstAddr + 8
   \   00002E   7402         MOV     A,#0x2
   \   000030   F0           MOVX    @DPTR,A
    224            Point_To_Point_DstAddr.endPoint = SAMPLEAPP_ENDPOINT;
   \   000031   A3           INC     DPTR
   \   000032   7414         MOV     A,#0x14
   \   000034   F0           MOVX    @DPTR,A
    225            Point_To_Point_DstAddr.addr.shortAddr = 0x0000; //发给协调器
   \   000035   90....       MOV     DPTR,#Point_To_Point_DstAddr
   \   000038   E4           CLR     A
   \   000039   F0           MOVX    @DPTR,A
   \   00003A   A3           INC     DPTR
   \   00003B   F0           MOVX    @DPTR,A
    226            
    227            
    228            
    229            
    230            
    231            
    232            // Setup for the periodic message's destination address
    233            // Broadcast to everyone
    234            SampleApp_Periodic_DstAddr.addrMode = (afAddrMode_t)AddrBroadcast;
   \   00003C   90....       MOV     DPTR,#SampleApp_Periodic_DstAddr + 8
   \   00003F   740F         MOV     A,#0xf
   \   000041   F0           MOVX    @DPTR,A
    235            SampleApp_Periodic_DstAddr.endPoint = SAMPLEAPP_ENDPOINT;
   \   000042   A3           INC     DPTR
   \   000043   7414         MOV     A,#0x14
   \   000045   F0           MOVX    @DPTR,A
    236            SampleApp_Periodic_DstAddr.addr.shortAddr = 0xFFFF;
   \   000046   90....       MOV     DPTR,#SampleApp_Periodic_DstAddr
   \   000049   74FF         MOV     A,#-0x1
   \   00004B   F0           MOVX    @DPTR,A
   \   00004C   A3           INC     DPTR
   \   00004D   F0           MOVX    @DPTR,A
    237          
    238            
    239            
    240            
    241            
    242            
    243            
    244            //组播Group1设置
    245            // Setup for the flash command's destination address - Group 1
    246            SampleApp_Flash_DstAddr.addrMode = (afAddrMode_t)afAddrGroup;
   \   00004E   90....       MOV     DPTR,#SampleApp_Flash_DstAddr + 8
   \   000051   7401         MOV     A,#0x1
   \   000053   F0           MOVX    @DPTR,A
    247            SampleApp_Flash_DstAddr.endPoint = SAMPLEAPP_ENDPOINT;  //endpoint 端点
   \   000054   A3           INC     DPTR
   \   000055   7414         MOV     A,#0x14
   \   000057   F0           MOVX    @DPTR,A
    248            SampleApp_Flash_DstAddr.addr.shortAddr = SAMPLEAPP_FLASH_GROUP;
   \   000058   90....       MOV     DPTR,#SampleApp_Flash_DstAddr
   \   00005B   7402         MOV     A,#0x2
   \   00005D   F0           MOVX    @DPTR,A
   \   00005E   A3           INC     DPTR
   \   00005F   E4           CLR     A
   \   000060   F0           MOVX    @DPTR,A
    249          
    250            
    251            
    252            
    253            
    254            // Fill out the endpoint description.
    255            SampleApp_epDesc.endPoint = SAMPLEAPP_ENDPOINT;
   \   000061   90....       MOV     DPTR,#SampleApp_epDesc
   \   000064   7414         MOV     A,#0x14
   \   000066   F0           MOVX    @DPTR,A
    256            SampleApp_epDesc.task_id = &SampleApp_TaskID;
   \   000067   A3           INC     DPTR
   \   000068   74..         MOV     A,#SampleApp_TaskID & 0xff
   \   00006A   F0           MOVX    @DPTR,A
   \   00006B   A3           INC     DPTR
   \   00006C   74..         MOV     A,#(SampleApp_TaskID >> 8) & 0xff
   \   00006E   F0           MOVX    @DPTR,A
    257            SampleApp_epDesc.simpleDesc
    258                      = (SimpleDescriptionFormat_t *)&SampleApp_SimpleDesc;
   \   00006F   A3           INC     DPTR
   \   000070   74..         MOV     A,#SampleApp_SimpleDesc & 0xff
   \   000072   F0           MOVX    @DPTR,A
   \   000073   A3           INC     DPTR
   \   000074   74..         MOV     A,#(SampleApp_SimpleDesc >> 8) & 0xff
   \   000076   F0           MOVX    @DPTR,A
    259            SampleApp_epDesc.latencyReq = noLatencyReqs;
   \   000077   A3           INC     DPTR
   \   000078   E4           CLR     A
   \   000079   F0           MOVX    @DPTR,A
    260          
    261            // Register the endpoint description with the AF
    262            afRegister( &SampleApp_epDesc );
   \   00007A                ; Setup parameters for call to function afRegister
   \   00007A   7A..         MOV     R2,#SampleApp_epDesc & 0xff
   \   00007C   7B..         MOV     R3,#(SampleApp_epDesc >> 8) & 0xff
   \   00007E   12....       LCALL   ??afRegister?relay
    263          
    264            // Register for all key events - This app will handle all key events
    265            RegisterForKeys( SampleApp_TaskID );
   \   000081                ; Setup parameters for call to function RegisterForKeys
   \   000081   90....       MOV     DPTR,#SampleApp_TaskID
   \   000084   E0           MOVX    A,@DPTR
   \   000085   F9           MOV     R1,A
   \   000086   12....       LCALL   ??RegisterForKeys?relay
    266          
    267            
    268            
    269            /***********设置 Group_ID*************/
    270            // By default, all devices start out in Group 1
    271            SampleApp_Group.ID = SAMPLEAPP_FLASH_GROUP; //0x0001
   \   000089   90....       MOV     DPTR,#SampleApp_Group
   \   00008C   7402         MOV     A,#0x2
   \   00008E   F0           MOVX    @DPTR,A
   \   00008F   A3           INC     DPTR
   \   000090   E4           CLR     A
   \   000091   F0           MOVX    @DPTR,A
    272            osal_memcpy( SampleApp_Group.name, "Group 1", 7  );
   \   000092                ; Setup parameters for call to function osal_memcpy
   \   000092   75....       MOV     ?V0 + 0,#`?<Constant "Group 1">` & 0xff
   \   000095   75....       MOV     ?V0 + 1,#(`?<Constant "Group 1">` >> 8) & 0xff
   \   000098   F5..         MOV     ?V0 + 2,A
   \   00009A   78..         MOV     R0,#?V0 + 0
   \   00009C   12....       LCALL   ?PUSH_XSTACK_I_THREE
   \   00009F   7C07         MOV     R4,#0x7
   \   0000A1   7D00         MOV     R5,#0x0
   \   0000A3   7A..         MOV     R2,#(SampleApp_Group + 2) & 0xff
   \   0000A5   7B..         MOV     R3,#((SampleApp_Group + 2) >> 8) & 0xff
   \   0000A7   12....       LCALL   ??osal_memcpy?relay
   \   0000AA   7403         MOV     A,#0x3
   \   0000AC   12....       LCALL   ?DEALLOC_XSTACK8
    273            aps_AddGroup( SAMPLEAPP_ENDPOINT, &SampleApp_Group );
   \   0000AF                ; Setup parameters for call to function aps_AddGroup
   \   0000AF   7A..         MOV     R2,#SampleApp_Group & 0xff
   \   0000B1   7B..         MOV     R3,#(SampleApp_Group >> 8) & 0xff
   \   0000B3   7914         MOV     R1,#0x14
   \   0000B5   12....       LCALL   ??aps_AddGroup?relay
    274          
    275            
    276            
    277          #if defined ( LCD_SUPPORTED )
    278            HalLcdWriteString( "SampleApp", HAL_LCD_LINE_1 );
   \   0000B8                ; Setup parameters for call to function HalLcdWriteString
   \   0000B8   7901         MOV     R1,#0x1
   \   0000BA   7A..         MOV     R2,#`?<Constant "SampleApp">` & 0xff
   \   0000BC   7B..         MOV     R3,#(`?<Constant "SampleApp">` >> 8) & 0xff
   \   0000BE   12....       LCALL   ??HalLcdWriteString?relay
    279          #endif
    280          }
   \   0000C1   7F03         MOV     R7,#0x3
   \   0000C3   02....       LJMP    ?BANKED_LEAVE_XDATA
    281          
    282          /*********************************************************************
    283           * @fn      SampleApp_ProcessEvent
    284           *
    285           * @brief   Generic Application Task event processor.  This function
    286           *          is called to process all events for the task.  Events
    287           *          include timers, messages and any other user defined events.
    288           *
    289           * @param   task_id  - The OSAL assigned task ID.
    290           * @param   events - events to process.  This is a bit map and can
    291           *                   contain more than one event.
    292           *          ******************应用处理程序****************************
    293           * @return  none
    294           */

   \                                 In  segment BANKED_CODE, align 1, keep-with-next
    295          uint16 SampleApp_ProcessEvent( uint8 task_id, uint16 events )
   \                     SampleApp_ProcessEvent:
    296          {
   \   000000   74F4         MOV     A,#-0xc
   \   000002   12....       LCALL   ?BANKED_ENTER_XDATA
   \   000005                ; Saved register size: 12
   \   000005                ; Auto size: 0
   \   000005   EA           MOV     A,R2
   \   000006   FE           MOV     R6,A
   \   000007   EB           MOV     A,R3
   \   000008   FF           MOV     R7,A
    297            afIncomingMSGPacket_t *MSGpkt;
    298            (void)task_id;  // Intentionally unreferenced parameter
    299          
    300            if ( events & SYS_EVENT_MSG ) //系统信息发送事件
   \   000009   5480         ANL     A,#0x80
   \   00000B   7003         JNZ     $+5
   \   00000D   02....       LJMP    ??SampleApp_ProcessEvent_0 & 0xFFFF
    301            {
    302              MSGpkt = (afIncomingMSGPacket_t *)osal_msg_receive( SampleApp_TaskID );
   \   000010                ; Setup parameters for call to function osal_msg_receive
   \   000010   802B         SJMP    ??SampleApp_ProcessEvent_1
    303              while ( MSGpkt )
    304              {
    305                switch ( MSGpkt->hdr.event )
    306                {
    307                  case CMD_SERIAL_MSG:    // 串口收到数据后由MT_UART层传递过的数据，用网蜂方法接收，编译时不定义MT相关内容
    308                      SampleApp_SerialCMD((mtOSALSerialData_t *)MSGpkt);
    309                      break;
    310          
    311                  // Received when a key is pressed
    312                  case KEY_CHANGE: //按键事件及处理函数
    313                    HalUARTWrite(0, "KEY ", 4);
    314                    SampleApp_HandleKeys( ((keyChange_t *)MSGpkt)->state, ((keyChange_t *)MSGpkt)->keys );
    315                    break;
    316          
    317                  // Received when a messages is received (OTA) for this endpoint
    318                  // 接收处理函数
    319                  case AF_INCOMING_MSG_CMD:
    320                    SampleApp_MessageMSGCB( MSGpkt );
    321                    break;
    322          
    323                  // Received whenever the device changes state in the network
    324                  case ZDO_STATE_CHANGE:  //网络状态改变，如未连接上网络
    325                    SampleApp_NwkState = (devStates_t)(MSGpkt->hdr.status);
   \                     ??SampleApp_ProcessEvent_2:
   \   000012   A3           INC     DPTR
   \   000013   E0           MOVX    A,@DPTR
   \   000014   90....       MOV     DPTR,#SampleApp_NwkState
   \   000017   F0           MOVX    @DPTR,A
    326                    if ( (SampleApp_NwkState == DEV_ZB_COORD) //协调器
    327                        || (SampleApp_NwkState == DEV_ROUTER) //路由器
    328                        || (SampleApp_NwkState == DEV_END_DEVICE) ) //终端 都执行
   \   000018   6409         XRL     A,#0x9
   \   00001A   600A         JZ      ??SampleApp_ProcessEvent_3
   \   00001C   E0           MOVX    A,@DPTR
   \   00001D   6407         XRL     A,#0x7
   \   00001F   6005         JZ      ??SampleApp_ProcessEvent_3
   \   000021   E0           MOVX    A,@DPTR
   \   000022   6406         XRL     A,#0x6
   \   000024   7010         JNZ     ??SampleApp_ProcessEvent_4
    329                    {
    330                      // Start sending the periodic message in a regular interval.
    331                      osal_start_timerEx( SampleApp_TaskID,
    332                                        SAMPLEAPP_SEND_PERIODIC_MSG_EVT,
    333                                        SAMPLEAPP_SEND_PERIODIC_MSG_TIMEOUT );
   \                     ??SampleApp_ProcessEvent_3:
   \   000026                ; Setup parameters for call to function osal_start_timerEx
   \   000026   7C88         MOV     R4,#-0x78
   \   000028   7D13         MOV     R5,#0x13
   \   00002A   7A01         MOV     R2,#0x1
   \   00002C   7B00         MOV     R3,#0x0
   \   00002E   90....       MOV     DPTR,#SampleApp_TaskID
   \   000031   E0           MOVX    A,@DPTR
   \   000032   F9           MOV     R1,A
   \   000033   12....       LCALL   ??osal_start_timerEx?relay
    334                    }
    335                    else
    336                    {
    337                      // Device is no longer in the network
    338          //              HalUARTWrite(0,"网络断开",8);
    339                    }
    340                    break;
    341          
    342                  default:
    343                    break;
    344                }
    345          
    346                // Release the memory
    347                osal_msg_deallocate( (uint8 *)MSGpkt );
   \                     ??SampleApp_ProcessEvent_4:
   \   000036                ; Setup parameters for call to function osal_msg_deallocate
   \   000036   AA..         MOV     R2,?V0 + 0
   \   000038   AB..         MOV     R3,?V0 + 1
   \   00003A   12....       LCALL   ??osal_msg_deallocate?relay
    348          
    349                // Next - if one is available
    350                MSGpkt = (afIncomingMSGPacket_t *)osal_msg_receive( SampleApp_TaskID );
   \   00003D                ; Setup parameters for call to function osal_msg_receive
   \                     ??SampleApp_ProcessEvent_1:
   \   00003D   90....       MOV     DPTR,#SampleApp_TaskID
   \   000040   E0           MOVX    A,@DPTR
   \   000041   F9           MOV     R1,A
   \   000042   12....       LCALL   ??osal_msg_receive?relay
   \   000045   8A..         MOV     ?V0 + 0,R2
   \   000047   8B..         MOV     ?V0 + 1,R3
   \   000049   E5..         MOV     A,?V0 + 0
   \   00004B   45..         ORL     A,?V0 + 1
   \   00004D   6051         JZ      ??SampleApp_ProcessEvent_5
   \   00004F   85..82       MOV     DPL,?V0 + 0
   \   000052   85..83       MOV     DPH,?V0 + 1
   \   000055   E0           MOVX    A,@DPTR
   \   000056   14           DEC     A
   \   000057   600E         JZ      ??SampleApp_ProcessEvent_6
   \   000059   24E7         ADD     A,#-0x19
   \   00005B   603A         JZ      ??SampleApp_ProcessEvent_7
   \   00005D   245A         ADD     A,#0x5a
   \   00005F   600F         JZ      ??SampleApp_ProcessEvent_8
   \   000061   24EF         ADD     A,#-0x11
   \   000063   60AD         JZ      ??SampleApp_ProcessEvent_2
   \   000065   80CF         SJMP    ??SampleApp_ProcessEvent_4
   \                     ??SampleApp_ProcessEvent_6:
   \   000067                ; Setup parameters for call to function SampleApp_SerialCMD
   \   000067   AA..         MOV     R2,?V0 + 0
   \   000069   AB..         MOV     R3,?V0 + 1
   \   00006B   12....       LCALL   ??SampleApp_SerialCMD?relay
   \   00006E   80C6         SJMP    ??SampleApp_ProcessEvent_4
   \                     ??SampleApp_ProcessEvent_8:
   \   000070                ; Setup parameters for call to function HalUARTWrite
   \   000070   7C04         MOV     R4,#0x4
   \   000072   7D00         MOV     R5,#0x0
   \   000074   7A..         MOV     R2,#`?<Constant "KEY ">` & 0xff
   \   000076   7B..         MOV     R3,#(`?<Constant "KEY ">` >> 8) & 0xff
   \   000078   7900         MOV     R1,#0x0
   \   00007A   12....       LCALL   ??HalUARTWrite?relay
   \   00007D                ; Setup parameters for call to function SampleApp_HandleKeys
   \   00007D   85..82       MOV     DPL,?V0 + 0
   \   000080   85..83       MOV     DPH,?V0 + 1
   \   000083   A3           INC     DPTR
   \   000084   A3           INC     DPTR
   \   000085   A3           INC     DPTR
   \   000086   E0           MOVX    A,@DPTR
   \   000087   FA           MOV     R2,A
   \   000088   85..82       MOV     DPL,?V0 + 0
   \   00008B   85..83       MOV     DPH,?V0 + 1
   \   00008E   A3           INC     DPTR
   \   00008F   A3           INC     DPTR
   \   000090   E0           MOVX    A,@DPTR
   \   000091   F9           MOV     R1,A
   \   000092   12....       LCALL   ??SampleApp_HandleKeys?relay
   \   000095   809F         SJMP    ??SampleApp_ProcessEvent_4
   \                     ??SampleApp_ProcessEvent_7:
   \   000097                ; Setup parameters for call to function SampleApp_MessageMSGCB
   \   000097   AA..         MOV     R2,?V0 + 0
   \   000099   AB..         MOV     R3,?V0 + 1
   \   00009B   12....       LCALL   ??SampleApp_MessageMSGCB?relay
   \   00009E   8096         SJMP    ??SampleApp_ProcessEvent_4
    351              }
    352          
    353              // return unprocessed events
    354              return (events ^ SYS_EVENT_MSG);
   \                     ??SampleApp_ProcessEvent_5:
   \   0000A0   EE           MOV     A,R6
   \   0000A1   FA           MOV     R2,A
   \   0000A2   EF           MOV     A,R7
   \   0000A3   6480         XRL     A,#0x80
   \                     ??SampleApp_ProcessEvent_9:
   \   0000A5   FB           MOV     R3,A
   \   0000A6   802A         SJMP    ??SampleApp_ProcessEvent_10
    355            }
    356          
    357            // Send a message out - This event is generated by a timer
    358            //  (setup in SampleApp_Init()).
    359            if ( events & SAMPLEAPP_SEND_PERIODIC_MSG_EVT )  //周期性发送函数
   \                     ??SampleApp_ProcessEvent_0:
   \   0000A8   EE           MOV     A,R6
   \   0000A9   A2E0         MOV     C,0xE0 /* A   */.0
   \   0000AB   5021         JNC     ??SampleApp_ProcessEvent_11
    360            {
    361              // Send the periodic message
    362              //SampleApp_SendPeriodicMessage(); //用户发送处理函数
    363              
    364              /*Point_to_Point*/
    365              //SampleApp_SendPointToPointMessage(); //点对点发送函数
    366              
    367              /*Group*/
    368              SampleApp_SendGroupMessage(); //组播通讯程序
   \   0000AD                ; Setup parameters for call to function SampleApp_SendGroupMessage
   \   0000AD   12....       LCALL   ??SampleApp_SendGroupMessage?relay
    369              
    370              
    371              // Setup to send message again in normal period (+ a little jitter)
    372              osal_start_timerEx( SampleApp_TaskID, SAMPLEAPP_SEND_PERIODIC_MSG_EVT,
    373                  (SAMPLEAPP_SEND_PERIODIC_MSG_TIMEOUT + (osal_rand() & 0x00FF)) );
   \   0000B0                ; Setup parameters for call to function osal_rand
   \   0000B0   12....       LCALL   ??osal_rand?relay
   \   0000B3                ; Setup parameters for call to function osal_start_timerEx
   \   0000B3   EA           MOV     A,R2
   \   0000B4   2488         ADD     A,#-0x78
   \   0000B6   FC           MOV     R4,A
   \   0000B7   E4           CLR     A
   \   0000B8   3413         ADDC    A,#0x13
   \   0000BA   FD           MOV     R5,A
   \   0000BB   7A01         MOV     R2,#0x1
   \   0000BD   7B00         MOV     R3,#0x0
   \   0000BF   90....       MOV     DPTR,#SampleApp_TaskID
   \   0000C2   E0           MOVX    A,@DPTR
   \   0000C3   F9           MOV     R1,A
   \   0000C4   12....       LCALL   ??osal_start_timerEx?relay
    374          
    375              // return unprocessed events
    376              return (events ^ SAMPLEAPP_SEND_PERIODIC_MSG_EVT);
   \   0000C7   EE           MOV     A,R6
   \   0000C8   6401         XRL     A,#0x1
   \   0000CA   FA           MOV     R2,A
   \   0000CB   EF           MOV     A,R7
   \   0000CC   80D7         SJMP    ??SampleApp_ProcessEvent_9
    377            }
    378          
    379            // Discard unknown events
    380            return 0;
   \                     ??SampleApp_ProcessEvent_11:
   \   0000CE   7A00         MOV     R2,#0x0
   \   0000D0   7B00         MOV     R3,#0x0
   \                     ??SampleApp_ProcessEvent_10:
   \   0000D2   7F04         MOV     R7,#0x4
   \   0000D4   02....       LJMP    ?BANKED_LEAVE_XDATA
    381          }
    382          
    383          
    384          /*自定义点对点发送函数*/

   \                                 In  segment BANKED_CODE, align 1, keep-with-next
    385          void SampleApp_SendPointToPointMessage( void )
   \                     SampleApp_SendPointToPointMessage:
    386          {
   \   000000   74F6         MOV     A,#-0xa
   \   000002   12....       LCALL   ?BANKED_ENTER_XDATA
   \   000005                ; Saved register size: 10
   \   000005                ; Auto size: 11
   \   000005   74F5         MOV     A,#-0xb
   \   000007   12....       LCALL   ?ALLOC_XSTACK8
    387            uint8 data[11]={'f','r','o','m',' ','r','o','u','t','e','1'};
   \   00000A   85..82       MOV     DPL,?XSP + 0
   \   00000D   85..83       MOV     DPH,?XSP + 1
   \   000010   AC82         MOV     R4,DPL
   \   000012   AD83         MOV     R5,DPH
   \   000014   7583..       MOV     DPH,#(`?<Constant {102, 114, 111, 109, 32, 114, 111, ` >> 8) & 0xff
   \   000017   7582..       MOV     DPL,#`?<Constant {102, 114, 111, 109, 32, 114, 111, ` & 0xff
   \   00001A   740B         MOV     A,#0xb
   \   00001C   12....       LCALL   ?MOVE_LONG8_XDATA_XDATA
    388            if ( AF_DataRequest( &Point_To_Point_DstAddr, //点对点通信方式目标地址
    389                                &SampleApp_epDesc,
    390                                SAMPLEAPP_POINT_TO_POINT_CLUSTERID, //点对点簇ID
    391                                12,
    392                                data,
    393                                &SampleApp_TransID,
    394                                AF_DISCV_ROUTE,
    395                                AF_DEFAULT_RADIUS ) == afStatus_SUCCESS )
   \   00001F                ; Setup parameters for call to function AF_DataRequest
   \   00001F   75..1E       MOV     ?V0 + 0,#0x1e
   \   000022   78..         MOV     R0,#?V0 + 0
   \   000024   12....       LCALL   ?PUSH_XSTACK_I_ONE
   \   000027   75....       MOV     ?V0 + 0,#SampleApp_TransID & 0xff
   \   00002A   75....       MOV     ?V0 + 1,#(SampleApp_TransID >> 8) & 0xff
   \   00002D   78..         MOV     R0,#?V0 + 0
   \   00002F   12....       LCALL   ?PUSH_XSTACK_I_TWO
   \   000032   7403         MOV     A,#0x3
   \   000034   12....       LCALL   ?XSTACK_DISP0_8
   \   000037   8582..       MOV     ?V0 + 0,DPL
   \   00003A   8583..       MOV     ?V0 + 1,DPH
   \   00003D   78..         MOV     R0,#?V0 + 0
   \   00003F   12....       LCALL   ?PUSH_XSTACK_I_TWO
   \   000042   75..0C       MOV     ?V0 + 0,#0xc
   \   000045   75..00       MOV     ?V0 + 1,#0x0
   \   000048   78..         MOV     R0,#?V0 + 0
   \   00004A   12....       LCALL   ?PUSH_XSTACK_I_TWO
   \   00004D   75..04       MOV     ?V0 + 0,#0x4
   \   000050   78..         MOV     R0,#?V0 + 0
   \   000052   12....       LCALL   ?PUSH_XSTACK_I_TWO
   \   000055   7920         MOV     R1,#0x20
   \   000057   7C..         MOV     R4,#SampleApp_epDesc & 0xff
   \   000059   7D..         MOV     R5,#(SampleApp_epDesc >> 8) & 0xff
   \   00005B   7A..         MOV     R2,#Point_To_Point_DstAddr & 0xff
   \   00005D   7B..         MOV     R3,#(Point_To_Point_DstAddr >> 8) & 0xff
   \   00005F   12....       LCALL   ??Subroutine4_0 & 0xFFFF
   \                     ??CrossCallReturnLabel_5:
   \   000062   12....       LCALL   ?DEALLOC_XSTACK8
    396            {
    397            }
    398            else
    399            {
    400              // Error occurred in request to send.
    401            }
    402          }
   \   000065   740B         MOV     A,#0xb
   \   000067   02....       LJMP    ?Subroutine0 & 0xFFFF

   \                                 In  segment BANKED_CODE, align 1, keep-with-next
   \                     ?Subroutine0:
   \   000000   12....       LCALL   ?DEALLOC_XSTACK8
   \   000003                REQUIRE ??Subroutine3_0
   \   000003                ; // Fall through to label ??Subroutine3_0

   \                                 In  segment BANKED_CODE, align 1, keep-with-next
   \                     ??Subroutine3_0:
   \   000000   7F02         MOV     R7,#0x2
   \   000002   02....       LJMP    ?BANKED_LEAVE_XDATA

   \                                 In  segment BANKED_CODE, align 1, keep-with-next
   \                     ??Subroutine4_0:
   \   000000   12....       LCALL   ??AF_DataRequest?relay
   \   000003   7409         MOV     A,#0x9
   \   000005   22           RET
    403          
    404          
    405          
    406          
    407          
    408          /*自行定义的 处理串口发来数据包 的函数*/

   \                                 In  segment BANKED_CODE, align 1, keep-with-next
    409          void SampleApp_SerialCMD(mtOSALSerialData_t *cmdMsg)
   \                     SampleApp_SerialCMD:
    410          {
   \   000000   74F2         MOV     A,#-0xe
   \   000002   12....       LCALL   ?BANKED_ENTER_XDATA
   \   000005                ; Saved register size: 14
   \   000005                ; Auto size: 0
    411              uint8 i,len,*str=NULL; //len 有用数据长度
    412              str=cmdMsg->msg; //指向数据开头
   \   000005   8A82         MOV     DPL,R2
   \   000007   8B83         MOV     DPH,R3
   \   000009   A3           INC     DPTR
   \   00000A   A3           INC     DPTR
   \   00000B   E0           MOVX    A,@DPTR
   \   00000C   F5..         MOV     ?V0 + 2,A
   \   00000E   A3           INC     DPTR
   \   00000F   E0           MOVX    A,@DPTR
   \   000010   F5..         MOV     ?V0 + 3,A
    413              len=*str; //msg 里的第 1 个字节代表后面的数据长度
   \   000012   85..82       MOV     DPL,?V0 + 2
   \   000015   F583         MOV     DPH,A
   \   000017   E0           MOVX    A,@DPTR
   \   000018   F5..         MOV     ?V0 + 0,A
    414              /********打印出串口接收到的数据，用于提示*********/
    415              HalUARTWrite(0,"我说: ",strlen("我说: "));
   \   00001A                ; Setup parameters for call to function HalUARTWrite
   \   00001A   7C06         MOV     R4,#0x6
   \   00001C   7D00         MOV     R5,#0x0
   \   00001E   7A..         MOV     R2,#`?<Constant "\\316\\322\\313\\265: ">` & 0xff
   \   000020   7B..         MOV     R3,#(`?<Constant "\\316\\322\\313\\265: ">` >> 8) & 0xff
   \   000022   7900         MOV     R1,#0x0
   \   000024   12....       LCALL   ??HalUARTWrite?relay
    416              for(i=1;i<=len;i++)
   \   000027   7E01         MOV     R6,#0x1
   \   000029   8012         SJMP    ??SampleApp_SerialCMD_0
    417              {
    418                HalUARTWrite(0,str+i,1);
   \                     ??SampleApp_SerialCMD_1:
   \   00002B                ; Setup parameters for call to function HalUARTWrite
   \   00002B   8E..         MOV     ?V0 + 4,R6
   \   00002D   E5..         MOV     A,?V0 + 2
   \   00002F   25..         ADD     A,?V0 + 4
   \   000031   FA           MOV     R2,A
   \   000032   E5..         MOV     A,?V0 + 3
   \   000034   3400         ADDC    A,#0x0
   \   000036   FB           MOV     R3,A
   \   000037   7900         MOV     R1,#0x0
   \   000039   12....       LCALL   ??HalUARTWrite?relay
    419              }
   \   00003C   0E           INC     R6
   \                     ??SampleApp_SerialCMD_0:
   \   00003D   E5..         MOV     A,?V0 + 0
   \   00003F   C3           CLR     C
   \   000040   9E           SUBB    A,R6
   \   000041   7C01         MOV     R4,#0x1
   \   000043   7D00         MOV     R5,#0x0
   \   000045   50E4         JNC     ??SampleApp_SerialCMD_1
    420                  
    421              HalUARTWrite(0,"\n",1 );//换行
   \   000047                ; Setup parameters for call to function HalUARTWrite
   \   000047   7A..         MOV     R2,#`?<Constant "\\n">` & 0xff
   \   000049   7B..         MOV     R3,#(`?<Constant "\\n">` >> 8) & 0xff
   \   00004B   7900         MOV     R1,#0x0
   \   00004D   12....       LCALL   ??HalUARTWrite?relay
    422              
    423              //模拟异或操作
    424          //    int8 A[] = {'1','0','0','0','0','0','0','1'};
    425          //    unsigned char One = '1',Zero = '0';
    426          //    for (i=0;i<8;++i)
    427          //    {
    428          //      if(A[i]-*(str+i+1))
    429          //      {
    430          //        HalUARTWrite(0,&One,1);
    431          //        *(str+1+i) = One;
    432          //      }
    433          //      else
    434          //      {
    435          //        HalUARTWrite(0,&Zero,1);
    436          //        *(str+1+i) = Zero;
    437          //      }
    438          //
    439          //    }
    440          //    
    441              
    442              
    443              
    444          //    
    445          //    /*下面瞎写的*/
    446          //    if( *(str) == 4)
    447          //    {
    448          //      uint8 data[10]={'0','1','2','3','4','5','6','7','8','9'};
    449          //      
    450          //      //HalUARTWrite(0,"get an 'a' !",strlen("get an 'a' !") );
    451          //      if ( AF_DataRequest( &SampleApp_Periodic_DstAddr, &SampleApp_epDesc,
    452          //                          SAMPLEAPP_COM_CLUSTERID,//自己定义一个
    453          //                          10, // 数据长度
    454          //                          data, //数据内容
    455          //                          &SampleApp_TransID,
    456          //                          AF_DISCV_ROUTE,
    457          //                          AF_DEFAULT_RADIUS ) == afStatus_SUCCESS )
    458          //      {
    459          //      }
    460          //      
    461          //      
    462          //      else
    463          //      {
    464          //        // Error occurred in request to send.
    465          //      }
    466          //    }
    467          //    /*上面瞎写的*/
    468              
    469              
    470              /*******发送出去***参考网蜂 1 小时无线数据传输教程*********/
    471              if ( AF_DataRequest( &SampleApp_Periodic_DstAddr, &SampleApp_epDesc,
    472                                  SAMPLEAPP_COM_CLUSTERID,//自己定义一个
    473                                  len+1, // 数据长度
    474                                  str, //数据内容
    475                                  &SampleApp_TransID,
    476                                  AF_DISCV_ROUTE,
    477                                  AF_DEFAULT_RADIUS ) == afStatus_SUCCESS )
   \   000050                ; Setup parameters for call to function AF_DataRequest
   \   000050   75..1E       MOV     ?V0 + 1,#0x1e
   \   000053   78..         MOV     R0,#?V0 + 1
   \   000055   12....       LCALL   ?PUSH_XSTACK_I_ONE
   \   000058   75....       MOV     ?V0 + 4,#SampleApp_TransID & 0xff
   \   00005B   75....       MOV     ?V0 + 5,#(SampleApp_TransID >> 8) & 0xff
   \   00005E   78..         MOV     R0,#?V0 + 4
   \   000060   12....       LCALL   ?PUSH_XSTACK_I_TWO
   \   000063   78..         MOV     R0,#?V0 + 2
   \   000065   12....       LCALL   ?PUSH_XSTACK_I_TWO
   \   000068   E5..         MOV     A,?V0 + 0
   \   00006A   2401         ADD     A,#0x1
   \   00006C   F5..         MOV     ?V0 + 0,A
   \   00006E   E4           CLR     A
   \   00006F   3400         ADDC    A,#0x0
   \   000071   F5..         MOV     ?V0 + 1,A
   \   000073   78..         MOV     R0,#?V0 + 0
   \   000075   12....       LCALL   ?PUSH_XSTACK_I_TWO
   \   000078   75..03       MOV     ?V0 + 0,#0x3
   \   00007B   75..00       MOV     ?V0 + 1,#0x0
   \   00007E   78..         MOV     R0,#?V0 + 0
   \   000080   12....       LCALL   ?PUSH_XSTACK_I_TWO
   \   000083   12....       LCALL   ?Subroutine2 & 0xFFFF
   \                     ??CrossCallReturnLabel_3:
   \   000086   12....       LCALL   ?DEALLOC_XSTACK8
    478              {
    479              }
    480              
    481          
    482              else
    483              {
    484                  // Error occurred in request to send.
    485              }
    486          }
   \   000089   7F06         MOV     R7,#0x6
   \   00008B   02....       LJMP    ?BANKED_LEAVE_XDATA

   \                                 In  segment BANKED_CODE, align 1, keep-with-next
   \                     ?Subroutine2:
   \   000000   7920         MOV     R1,#0x20
   \   000002   7C..         MOV     R4,#SampleApp_epDesc & 0xff
   \   000004   7D..         MOV     R5,#(SampleApp_epDesc >> 8) & 0xff
   \   000006   7A..         MOV     R2,#SampleApp_Periodic_DstAddr & 0xff
   \   000008   7B..         MOV     R3,#(SampleApp_Periodic_DstAddr >> 8) & 0xff
   \   00000A                REQUIRE ??Subroutine4_0
   \   00000A                ; // Fall through to label ??Subroutine4_0
    487          
    488          
    489          
    490          
    491          /********************************************************
    492                              组播发送函数
    493          *********************************************************/

   \                                 In  segment BANKED_CODE, align 1, keep-with-next
    494          void SampleApp_SendGroupMessage( void )
   \                     SampleApp_SendGroupMessage:
    495          {
   \   000000   74F6         MOV     A,#-0xa
   \   000002   12....       LCALL   ?BANKED_ENTER_XDATA
   \   000005                ; Saved register size: 10
   \   000005                ; Auto size: 10
   \   000005   74F6         MOV     A,#-0xa
   \   000007   12....       LCALL   ?ALLOC_XSTACK8
    496            uint8 data[10]={'g','r','o','u','p',' ','2',' ','r','1'};// 自定// 义数据
   \   00000A   85..82       MOV     DPL,?XSP + 0
   \   00000D   85..83       MOV     DPH,?XSP + 1
   \   000010   AC82         MOV     R4,DPL
   \   000012   AD83         MOV     R5,DPH
   \   000014   7583..       MOV     DPH,#(`?<Constant {103, 114, 111, 117, 112, 32, 50, 3` >> 8) & 0xff
   \   000017   7582..       MOV     DPL,#`?<Constant {103, 114, 111, 117, 112, 32, 50, 3` & 0xff
   \   00001A   740A         MOV     A,#0xa
   \   00001C   12....       LCALL   ?MOVE_LONG8_XDATA_XDATA
    497            if ( AF_DataRequest( & SampleApp_Flash_DstAddr,
    498                                &SampleApp_epDesc,
    499                                SAMPLEAPP_FLASH_CLUSTERID,
    500                                10,
    501                                data,
    502                                &SampleApp_TransID,
    503                                AF_DISCV_ROUTE,
    504                                AF_DEFAULT_RADIUS ) == afStatus_SUCCESS )
   \   00001F                ; Setup parameters for call to function AF_DataRequest
   \   00001F   75..1E       MOV     ?V0 + 0,#0x1e
   \   000022   78..         MOV     R0,#?V0 + 0
   \   000024   12....       LCALL   ?PUSH_XSTACK_I_ONE
   \   000027   75....       MOV     ?V0 + 0,#SampleApp_TransID & 0xff
   \   00002A   75....       MOV     ?V0 + 1,#(SampleApp_TransID >> 8) & 0xff
   \   00002D   78..         MOV     R0,#?V0 + 0
   \   00002F   12....       LCALL   ?PUSH_XSTACK_I_TWO
   \   000032   7403         MOV     A,#0x3
   \   000034   12....       LCALL   ?XSTACK_DISP0_8
   \   000037   8582..       MOV     ?V0 + 0,DPL
   \   00003A   8583..       MOV     ?V0 + 1,DPH
   \   00003D   78..         MOV     R0,#?V0 + 0
   \   00003F   12....       LCALL   ?PUSH_XSTACK_I_TWO
   \   000042   75..0A       MOV     ?V0 + 0,#0xa
   \   000045   75..00       MOV     ?V0 + 1,#0x0
   \   000048   78..         MOV     R0,#?V0 + 0
   \   00004A   12....       LCALL   ?PUSH_XSTACK_I_TWO
   \   00004D   75..02       MOV     ?V0 + 0,#0x2
   \   000050   78..         MOV     R0,#?V0 + 0
   \   000052   12....       LCALL   ?PUSH_XSTACK_I_TWO
   \   000055   7920         MOV     R1,#0x20
   \   000057   7C..         MOV     R4,#SampleApp_epDesc & 0xff
   \   000059   7D..         MOV     R5,#(SampleApp_epDesc >> 8) & 0xff
   \   00005B   7A..         MOV     R2,#SampleApp_Flash_DstAddr & 0xff
   \   00005D   7B..         MOV     R3,#(SampleApp_Flash_DstAddr >> 8) & 0xff
   \   00005F   12....       LCALL   ??Subroutine4_0 & 0xFFFF
   \                     ??CrossCallReturnLabel_6:
   \   000062   12....       LCALL   ?DEALLOC_XSTACK8
    505            {
    506            }
    507            else
    508            {
    509              // Error occurred in request to send.
    510            }
    511          }
   \   000065   740A         MOV     A,#0xa
   \   000067   02....       LJMP    ?Subroutine0 & 0xFFFF
    512          
    513          
    514          
    515          
    516          
    517          
    518          
    519          /*********************************************************************
    520           * LOCAL FUNCTIONS
    521           */
    522          
    523          /*********************************************************************
    524           * @fn      SampleApp_MessageMSGCB
    525           *
    526           * @brief   Data message processor callback.  This function processes
    527           *          any incoming data - probably from other devices.  So, based
    528           *          on cluster ID, perform the intended action.
    529          
    530                      ****************接收函数*********************
    531           *          处理接收到的数据,可能是从其他设备收到的数据.
    532           * @param   none
    533           *
    534           * @return  none
    535           */

   \                                 In  segment BANKED_CODE, align 1, keep-with-next
    536          void SampleApp_MessageMSGCB( afIncomingMSGPacket_t *pkt )
   \                     SampleApp_MessageMSGCB:
    537          {
   \   000000   74F6         MOV     A,#-0xa
   \   000002   12....       LCALL   ?BANKED_ENTER_XDATA
   \   000005                ; Saved register size: 10
   \   000005                ; Auto size: 0
   \   000005   EA           MOV     A,R2
   \   000006   FE           MOV     R6,A
   \   000007   EB           MOV     A,R3
   \   000008   FF           MOV     R7,A
    538            uint16 flashTime;
                          ^
Warning[Pe177]: variable "flashTime" was declared but never referenced
    539            uint8 i,len; //透传
    540            switch ( pkt->clusterId )
   \   000009   8E82         MOV     DPL,R6
   \   00000B   8F83         MOV     DPH,R7
   \   00000D   A3           INC     DPTR
   \   00000E   A3           INC     DPTR
   \   00000F   A3           INC     DPTR
   \   000010   A3           INC     DPTR
   \   000011   E0           MOVX    A,@DPTR
   \   000012   F5..         MOV     ?V0 + 0,A
   \   000014   A3           INC     DPTR
   \   000015   E0           MOVX    A,@DPTR
   \   000016   F5..         MOV     ?V0 + 1,A
   \   000018   78..         MOV     R0,#?V0 + 0
   \   00001A   12....       LCALL   ?US_SWITCH_DENSE
   \                     `?<Jumptable for SampleApp_MessageMSGCB>_0`:
   \   00001D   0200         DW        2
   \   00001F   02           DB        2
   \   000020   ....         DW        ??SampleApp_MessageMSGCB_0
   \   000022   ....         DW        ??SampleApp_MessageMSGCB_1
   \   000024   ....         DW        ??SampleApp_MessageMSGCB_2
   \   000026   ....         DW        ??SampleApp_MessageMSGCB_3
    541            {
    542              
    543              /*收到点对点消息*/
    544            case SAMPLEAPP_POINT_TO_POINT_CLUSTERID:
    545              HalUARTWrite(0, "I got DATA ", 11);  //给串口发送提示
   \                     ??SampleApp_MessageMSGCB_3:
   \   000028                ; Setup parameters for call to function HalUARTWrite
   \   000028   7C0B         MOV     R4,#0xb
   \   00002A   7D00         MOV     R5,#0x0
   \   00002C   7A..         MOV     R2,#`?<Constant "I got DATA ">` & 0xff
   \   00002E   7B..         MOV     R3,#(`?<Constant "I got DATA ">` >> 8) & 0xff
   \   000030   804F         SJMP    ??SampleApp_MessageMSGCB_4
    546              HalUARTWrite(0, &pkt->cmd.Data[0], 11); // 打印收到数据
    547              HalUARTWrite(0, "\n", 1); // 回车换行
    548              break;
    549              
    550              /*收到周期性消息*/
    551            case SAMPLEAPP_PERIODIC_CLUSTERID:
    552              //            HalUARTWrite(0, "I get data ", 11);  //给串口发送提示
    553              //            HalUARTWrite(0, &pkt->cmd.Data[0], 10); // 打印收到数据
    554              //            HalUARTWrite(0, "\n", 1); // 回车换行
    555              break;
    556              
    557          //    /*组播消息*/
    558          //  case SAMPLEAPP_FLASH_CLUSTERID:
    559          //    flashTime = BUILD_UINT16(pkt->cmd.Data[1], pkt->cmd.Data[2] );
    560          //    HalLedBlink( HAL_LED_4, 4, 50, (flashTime / 4) );
    561          //    break;
    562              
    563              /*收到对方串口透传消息*/
    564            case SAMPLEAPP_COM_CLUSTERID: 
    565              HalUARTWrite(0,"对方说: ",strlen("对方说: "));
   \                     ??SampleApp_MessageMSGCB_2:
   \   000032                ; Setup parameters for call to function HalUARTWrite
   \   000032   7C08         MOV     R4,#0x8
   \   000034   7D00         MOV     R5,#0x0
   \   000036   7A..         MOV     R2,#`?<Constant "\\266\\324\\267\\275\\313\\265: ">` & 0xff
   \   000038   7B..         MOV     R3,#(`?<Constant "\\266\\324\\267\\275\\313\\265: ">` >> 8) & 0xff
   \   00003A   7900         MOV     R1,#0x0
   \   00003C   12....       LCALL   ??HalUARTWrite?relay
    566              len=pkt->cmd.Data[0];
   \   00003F   12....       LCALL   ?Subroutine1 & 0xFFFF
   \                     ??CrossCallReturnLabel_0:
   \   000042   F8           MOV     R0,A
   \   000043   A3           INC     DPTR
   \   000044   E0           MOVX    A,@DPTR
   \   000045   F583         MOV     DPH,A
   \   000047   8882         MOV     DPL,R0
   \   000049   E0           MOVX    A,@DPTR
   \   00004A   F5..         MOV     ?V0 + 1,A
    567              for(i=0;i<len;i++)
   \   00004C   75..00       MOV     ?V0 + 0,#0x0
   \   00004F   801F         SJMP    ??SampleApp_MessageMSGCB_5
    568                HalUARTWrite(0,&pkt->cmd.Data[i+1],1);//发给 PC 机
   \                     ??SampleApp_MessageMSGCB_6:
   \   000051                ; Setup parameters for call to function HalUARTWrite
   \   000051   7C01         MOV     R4,#0x1
   \   000053   7D00         MOV     R5,#0x0
   \   000055   A8..         MOV     R0,?V0 + 0
   \   000057   12....       LCALL   ?Subroutine1 & 0xFFFF
   \                     ??CrossCallReturnLabel_1:
   \   00005A   28           ADD     A,R0
   \   00005B   FA           MOV     R2,A
   \   00005C   A3           INC     DPTR
   \   00005D   E0           MOVX    A,@DPTR
   \   00005E   3400         ADDC    A,#0x0
   \   000060   8A82         MOV     DPL,R2
   \   000062   F583         MOV     DPH,A
   \   000064   A3           INC     DPTR
   \   000065   AA82         MOV     R2,DPL
   \   000067   AB83         MOV     R3,DPH
   \   000069   7900         MOV     R1,#0x0
   \   00006B   12....       LCALL   ??HalUARTWrite?relay
   \   00006E   05..         INC     ?V0 + 0
   \                     ??SampleApp_MessageMSGCB_5:
   \   000070   E5..         MOV     A,?V0 + 0
   \   000072   C3           CLR     C
   \   000073   95..         SUBB    A,?V0 + 1
   \   000075   40DA         JC      ??SampleApp_MessageMSGCB_6
    569              HalUARTWrite(0,"\n",1); // 回车换行
   \   000077                ; Setup parameters for call to function HalUARTWrite
   \   000077   801D         SJMP    ??SampleApp_MessageMSGCB_7
    570              break;
    571              
    572              /*收到组播消息*/
    573            case SAMPLEAPP_FLASH_CLUSTERID:
    574              HalUARTWrite(0,"I get data\n",11);// 用于提示有数据
   \                     ??SampleApp_MessageMSGCB_1:
   \   000079                ; Setup parameters for call to function HalUARTWrite
   \   000079   7C0B         MOV     R4,#0xb
   \   00007B   7D00         MOV     R5,#0x0
   \   00007D   7A..         MOV     R2,#`?<Constant "I get data\\n">` & 0xff
   \   00007F   7B..         MOV     R3,#(`?<Constant "I get data\\n">` >> 8) & 0xff
   \                     ??SampleApp_MessageMSGCB_4:
   \   000081   7900         MOV     R1,#0x0
   \   000083   12....       LCALL   ??HalUARTWrite?relay
    575              HalUARTWrite(0, &pkt->cmd.Data[0],11); // 打印收到数据
   \   000086                ; Setup parameters for call to function HalUARTWrite
   \   000086   7C0B         MOV     R4,#0xb
   \   000088   7D00         MOV     R5,#0x0
   \   00008A   12....       LCALL   ?Subroutine1 & 0xFFFF
   \                     ??CrossCallReturnLabel_2:
   \   00008D   FA           MOV     R2,A
   \   00008E   A3           INC     DPTR
   \   00008F   E0           MOVX    A,@DPTR
   \   000090   FB           MOV     R3,A
   \   000091   7900         MOV     R1,#0x0
   \   000093   12....       LCALL   ??HalUARTWrite?relay
    576              HalUARTWrite(0,"\n",1); //
   \   000096                ; Setup parameters for call to function HalUARTWrite
   \                     ??SampleApp_MessageMSGCB_7:
   \   000096   7C01         MOV     R4,#0x1
   \   000098   7D00         MOV     R5,#0x0
   \   00009A   7A..         MOV     R2,#`?<Constant "\\n">` & 0xff
   \   00009C   7B..         MOV     R3,#(`?<Constant "\\n">` >> 8) & 0xff
   \   00009E   7900         MOV     R1,#0x0
   \   0000A0   12....       LCALL   ??HalUARTWrite?relay
    577              //HalLedBlink( HAL_LED_2, 4, 50, (flashTime / 4) ); //四号灯闪烁
    578              break;
    579            }
    580          }
   \                     ??SampleApp_MessageMSGCB_0:
   \   0000A3   02....       LJMP    ??Subroutine3_0 & 0xFFFF

   \                                 In  segment BANKED_CODE, align 1, keep-with-next
   \                     ?Subroutine1:
   \   000000   EE           MOV     A,R6
   \   000001   2422         ADD     A,#0x22
   \   000003   F582         MOV     DPL,A
   \   000005   EF           MOV     A,R7
   \   000006   3400         ADDC    A,#0x0
   \   000008   F583         MOV     DPH,A
   \   00000A   E0           MOVX    A,@DPTR
   \   00000B   22           RET
    581          
    582          /*********************************************************************
    583           * @fn      SampleApp_SendPeriodicMessage
    584           *
    585           * @brief   Send the periodic message.
    586           *
    587           * @param   none
    588           *
    589           * @return  none
    590           */

   \                                 In  segment BANKED_CODE, align 1, keep-with-next
    591          void SampleApp_SendPeriodicMessage( void )
   \                     SampleApp_SendPeriodicMessage:
    592          {
   \   000000   74F6         MOV     A,#-0xa
   \   000002   12....       LCALL   ?BANKED_ENTER_XDATA
   \   000005                ; Saved register size: 10
   \   000005                ; Auto size: 0
    593            //uint8 data[10]={'0','1','2','3','4','5','6','7','8','9'};
    594            if ( AF_DataRequest( &SampleApp_Periodic_DstAddr, &SampleApp_epDesc,
    595                                 SAMPLEAPP_PERIODIC_CLUSTERID,
    596          //                       10,    //数据长度
    597          //                       data,  //指针方式
    598                                 1,  //数据长度
    599                                 (uint8*)&SampleAppPeriodicCounter, //要发送的内容
    600                                 &SampleApp_TransID,
    601                                 AF_DISCV_ROUTE,
    602                                 AF_DEFAULT_RADIUS ) == afStatus_SUCCESS )
   \   000005                ; Setup parameters for call to function AF_DataRequest
   \   000005   75..1E       MOV     ?V0 + 0,#0x1e
   \   000008   78..         MOV     R0,#?V0 + 0
   \   00000A   12....       LCALL   ?PUSH_XSTACK_I_ONE
   \   00000D   75....       MOV     ?V0 + 0,#SampleApp_TransID & 0xff
   \   000010   75....       MOV     ?V0 + 1,#(SampleApp_TransID >> 8) & 0xff
   \   000013   78..         MOV     R0,#?V0 + 0
   \   000015   12....       LCALL   ?PUSH_XSTACK_I_TWO
   \   000018   75....       MOV     ?V0 + 0,#SampleAppPeriodicCounter & 0xff
   \   00001B   75....       MOV     ?V0 + 1,#(SampleAppPeriodicCounter >> 8) & 0xff
   \   00001E   78..         MOV     R0,#?V0 + 0
   \   000020   12....       LCALL   ?PUSH_XSTACK_I_TWO
   \   000023   75..01       MOV     ?V0 + 0,#0x1
   \   000026   75..00       MOV     ?V0 + 1,#0x0
   \   000029   78..         MOV     R0,#?V0 + 0
   \   00002B   12....       LCALL   ?PUSH_XSTACK_I_TWO
   \   00002E   78..         MOV     R0,#?V0 + 0
   \   000030   12....       LCALL   ?PUSH_XSTACK_I_TWO
   \   000033   12....       LCALL   ?Subroutine2 & 0xFFFF
   \                     ??CrossCallReturnLabel_4:
   \   000036   80..         SJMP    ?Subroutine0
    603            {
    604            }
    605            else
    606            {
    607              // Error occurred in request to send.
    608            }
    609          }
    610          
    611          /*********************************************************************
    612           * @fn      SampleApp_SendFlashMessage
    613           *
    614           * @brief   Send the flash message to group 1.
    615           *
    616           * @param   flashTime - in milliseconds
    617           *
    618           * @return  none
    619           */

   \                                 In  segment BANKED_CODE, align 1, keep-with-next
    620          void SampleApp_SendFlashMessage( uint16 flashTime )
   \                     SampleApp_SendFlashMessage:
    621          {
   \   000000   74F6         MOV     A,#-0xa
   \   000002   12....       LCALL   ?BANKED_ENTER_XDATA
   \   000005                ; Saved register size: 10
   \   000005                ; Auto size: 3
   \   000005   74FD         MOV     A,#-0x3
   \   000007   12....       LCALL   ?ALLOC_XSTACK8
    622            uint8 buffer[3];
    623            buffer[0] = (uint8)(SampleAppFlashCounter++);
   \   00000A   90....       MOV     DPTR,#SampleAppFlashCounter
   \   00000D   E0           MOVX    A,@DPTR
   \   00000E   85..82       MOV     DPL,?XSP + 0
   \   000011   85..83       MOV     DPH,?XSP + 1
   \   000014   F0           MOVX    @DPTR,A
   \   000015   90....       MOV     DPTR,#SampleAppFlashCounter
   \   000018   E0           MOVX    A,@DPTR
   \   000019   04           INC     A
   \   00001A   F0           MOVX    @DPTR,A
    624            buffer[1] = LO_UINT16( flashTime );
   \   00001B   7401         MOV     A,#0x1
   \   00001D   12....       LCALL   ?XSTACK_DISP0_8
   \   000020   EA           MOV     A,R2
   \   000021   F0           MOVX    @DPTR,A
    625            buffer[2] = HI_UINT16( flashTime );
   \   000022   7402         MOV     A,#0x2
   \   000024   12....       LCALL   ?XSTACK_DISP0_8
   \   000027   EB           MOV     A,R3
   \   000028   F0           MOVX    @DPTR,A
    626          
    627            if ( AF_DataRequest( &SampleApp_Flash_DstAddr, &SampleApp_epDesc,
    628                                 SAMPLEAPP_FLASH_CLUSTERID,
    629                                 3,
    630                                 buffer,
    631                                 &SampleApp_TransID,
    632                                 AF_DISCV_ROUTE,
    633                                 AF_DEFAULT_RADIUS ) == afStatus_SUCCESS )
   \   000029                ; Setup parameters for call to function AF_DataRequest
   \   000029   75..1E       MOV     ?V0 + 0,#0x1e
   \   00002C   78..         MOV     R0,#?V0 + 0
   \   00002E   12....       LCALL   ?PUSH_XSTACK_I_ONE
   \   000031   75....       MOV     ?V0 + 0,#SampleApp_TransID & 0xff
   \   000034   75....       MOV     ?V0 + 1,#(SampleApp_TransID >> 8) & 0xff
   \   000037   78..         MOV     R0,#?V0 + 0
   \   000039   12....       LCALL   ?PUSH_XSTACK_I_TWO
   \   00003C   7403         MOV     A,#0x3
   \   00003E   12....       LCALL   ?XSTACK_DISP0_8
   \   000041   8582..       MOV     ?V0 + 0,DPL
   \   000044   8583..       MOV     ?V0 + 1,DPH
   \   000047   78..         MOV     R0,#?V0 + 0
   \   000049   12....       LCALL   ?PUSH_XSTACK_I_TWO
   \   00004C   75..03       MOV     ?V0 + 0,#0x3
   \   00004F   75..00       MOV     ?V0 + 1,#0x0
   \   000052   78..         MOV     R0,#?V0 + 0
   \   000054   12....       LCALL   ?PUSH_XSTACK_I_TWO
   \   000057   75..02       MOV     ?V0 + 0,#0x2
   \   00005A   78..         MOV     R0,#?V0 + 0
   \   00005C   12....       LCALL   ?PUSH_XSTACK_I_TWO
   \   00005F   7920         MOV     R1,#0x20
   \   000061   7C..         MOV     R4,#SampleApp_epDesc & 0xff
   \   000063   7D..         MOV     R5,#(SampleApp_epDesc >> 8) & 0xff
   \   000065   7A..         MOV     R2,#SampleApp_Flash_DstAddr & 0xff
   \   000067   7B..         MOV     R3,#(SampleApp_Flash_DstAddr >> 8) & 0xff
   \   000069   12....       LCALL   ??Subroutine4_0 & 0xFFFF
   \                     ??CrossCallReturnLabel_7:
   \   00006C   12....       LCALL   ?DEALLOC_XSTACK8
    634            {
    635            }
    636            else
    637            {
    638              // Error occurred in request to send.
    639            }
    640          }
   \   00006F   7403         MOV     A,#0x3
   \   000071                REQUIRE ?Subroutine0
   \   000071                ; // Fall through to label ?Subroutine0
    641          
    642          
    643          
    644          
    645          /*********************************************************************
    646           * Event Generation Functions
    647           */
    648          /*********************************************************************
    649           * @fn      SampleApp_HandleKeys
    650           *
    651           * @brief   Handles all key events for this device.
    652           *
    653           * @param   shift - true if in shift/alt.
    654           * @param   keys - bit field for key events. Valid entries:
    655           *                 HAL_KEY_SW_2
    656           *                 HAL_KEY_SW_1
    657           *
    658           * @return  none
    659           */

   \                                 In  segment BANKED_CODE, align 1, keep-with-next
    660          void SampleApp_HandleKeys( uint8 shift, uint8 keys )
   \                     SampleApp_HandleKeys:
    661          {
   \   000000   74F6         MOV     A,#-0xa
   \   000002   12....       LCALL   ?BANKED_ENTER_XDATA
   \   000005                ; Saved register size: 10
   \   000005                ; Auto size: 0
   \   000005   EA           MOV     A,R2
   \   000006   FE           MOV     R6,A
    662            (void)shift;  // Intentionally unreferenced parameter
    663          
    664            if ( keys & HAL_KEY_SW_1 )
   \   000007   A2E0         MOV     C,0xE0 /* A   */.0
   \   000009   5007         JNC     ??SampleApp_HandleKeys_0
    665            {
    666              /* This key sends the Flash Command is sent to Group 1.
    667               * This device will not receive the Flash Command from this
    668               * device (even if it belongs to group 1).
    669               */
    670              SampleApp_SendFlashMessage( SAMPLEAPP_FLASH_DURATION );
   \   00000B                ; Setup parameters for call to function SampleApp_SendFlashMessage
   \   00000B   7AE8         MOV     R2,#-0x18
   \   00000D   7B03         MOV     R3,#0x3
   \   00000F   12....       LCALL   ??SampleApp_SendFlashMessage?relay
    671            }
    672          
    673            if ( keys & HAL_KEY_SW_2 )
   \                     ??SampleApp_HandleKeys_0:
   \   000012   EE           MOV     A,R6
   \   000013   A2E1         MOV     C,0xE0 /* A   */.1
   \   000015   5024         JNC     ??SampleApp_HandleKeys_1
    674            {
    675              /* The Flashr Command is sent to Group 1.
    676               * This key toggles this device in and out of group 1.
    677               * If this device doesn't belong to group 1, this application
    678               * will not receive the Flash command sent to group 1.
    679               */
    680              aps_Group_t *grp;
    681              grp = aps_FindGroup( SAMPLEAPP_ENDPOINT, SAMPLEAPP_FLASH_GROUP );
    682              if ( grp )
   \   000017                ; Setup parameters for call to function aps_FindGroup
   \   000017   7A02         MOV     R2,#0x2
   \   000019   7B00         MOV     R3,#0x0
   \   00001B   7914         MOV     R1,#0x14
   \   00001D   12....       LCALL   ??aps_FindGroup?relay
   \   000020   8B..         MOV     ?V0 + 1,R3
   \   000022   EA           MOV     A,R2
   \   000023   45..         ORL     A,?V0 + 1
   \   000025   600B         JZ      ??SampleApp_HandleKeys_2
    683              {
    684                // Remove from the group
    685                aps_RemoveGroup( SAMPLEAPP_ENDPOINT, SAMPLEAPP_FLASH_GROUP );
   \   000027                ; Setup parameters for call to function aps_RemoveGroup
   \   000027   7A02         MOV     R2,#0x2
   \   000029   7B00         MOV     R3,#0x0
   \   00002B   7914         MOV     R1,#0x14
   \   00002D   12....       LCALL   ??aps_RemoveGroup?relay
   \   000030   8009         SJMP    ??SampleApp_HandleKeys_1
    686              }
    687              else
    688              {
    689                // Add to the flash group
    690                aps_AddGroup( SAMPLEAPP_ENDPOINT, &SampleApp_Group );
   \                     ??SampleApp_HandleKeys_2:
   \   000032                ; Setup parameters for call to function aps_AddGroup
   \   000032   7A..         MOV     R2,#SampleApp_Group & 0xff
   \   000034   7B..         MOV     R3,#(SampleApp_Group >> 8) & 0xff
   \   000036   7914         MOV     R1,#0x14
   \   000038   12....       LCALL   ??aps_AddGroup?relay
    691              }
    692            }
    693            //判断按键S2按下，发送数据到串口
    694            if ( keys & HAL_KEY_SW_6 )
   \                     ??SampleApp_HandleKeys_1:
   \   00003B   EE           MOV     A,R6
   \   00003C   A2E5         MOV     C,0xE0 /* A   */.5
   \   00003E   501A         JNC     ??SampleApp_HandleKeys_3
    695            {
    696              HalUARTWrite(0,"S1\n",3);
   \   000040                ; Setup parameters for call to function HalUARTWrite
   \   000040   7C03         MOV     R4,#0x3
   \   000042   7D00         MOV     R5,#0x0
   \   000044   7A..         MOV     R2,#`?<Constant "S1\\n">` & 0xff
   \   000046   7B..         MOV     R3,#(`?<Constant "S1\\n">` >> 8) & 0xff
   \   000048   7900         MOV     R1,#0x0
   \   00004A   12....       LCALL   ??HalUARTWrite?relay
    697              HalLedBlink( HAL_LED_3, 2,50, 500 ); //LED1 闪烁提示
   \   00004D                ; Setup parameters for call to function HalLedBlink
   \   00004D   7CF4         MOV     R4,#-0xc
   \   00004F   7D01         MOV     R5,#0x1
   \   000051   7B32         MOV     R3,#0x32
   \   000053   7A02         MOV     R2,#0x2
   \   000055   7904         MOV     R1,#0x4
   \   000057   12....       LCALL   ??HalLedBlink?relay
    698            }
    699          }
   \                     ??SampleApp_HandleKeys_3:
   \   00005A   80..         SJMP    ??Subroutine3_0

   \                                 In  segment BANK_RELAYS, align 1
   \                     ??SampleApp_Init?relay:
   \   000000   12....       LCALL   ?BDISPATCH
   \   000003   ......       DC24    SampleApp_Init

   \                                 In  segment BANK_RELAYS, align 1
   \                     ??SampleApp_ProcessEvent?relay:
   \   000000   12....       LCALL   ?BDISPATCH
   \   000003   ......       DC24    SampleApp_ProcessEvent

   \                                 In  segment BANK_RELAYS, align 1
   \                     ??SampleApp_SendPointToPointMessage?relay:
   \   000000   12....       LCALL   ?BDISPATCH
   \   000003   ......       DC24    SampleApp_SendPointToPointMessage

   \                                 In  segment BANK_RELAYS, align 1
   \                     ??SampleApp_SerialCMD?relay:
   \   000000   12....       LCALL   ?BDISPATCH
   \   000003   ......       DC24    SampleApp_SerialCMD

   \                                 In  segment BANK_RELAYS, align 1
   \                     ??SampleApp_SendGroupMessage?relay:
   \   000000   12....       LCALL   ?BDISPATCH
   \   000003   ......       DC24    SampleApp_SendGroupMessage

   \                                 In  segment BANK_RELAYS, align 1
   \                     ??SampleApp_MessageMSGCB?relay:
   \   000000   12....       LCALL   ?BDISPATCH
   \   000003   ......       DC24    SampleApp_MessageMSGCB

   \                                 In  segment BANK_RELAYS, align 1
   \                     ??SampleApp_SendPeriodicMessage?relay:
   \   000000   12....       LCALL   ?BDISPATCH
   \   000003   ......       DC24    SampleApp_SendPeriodicMessage

   \                                 In  segment BANK_RELAYS, align 1
   \                     ??SampleApp_SendFlashMessage?relay:
   \   000000   12....       LCALL   ?BDISPATCH
   \   000003   ......       DC24    SampleApp_SendFlashMessage

   \                                 In  segment BANK_RELAYS, align 1
   \                     ??SampleApp_HandleKeys?relay:
   \   000000   12....       LCALL   ?BDISPATCH
   \   000003   ......       DC24    SampleApp_HandleKeys

   \                                 In  segment XDATA_ROM_C, align 1
   \                     `?<Constant "Hello World\\n">`:
   \   000000   48656C6C     DB "Hello World\012"
   \            6F20576F
   \            726C640A
   \            00      

   \                                 In  segment XDATA_ROM_C, align 1
   \                     `?<Constant "Group 1">`:
   \   000000   47726F75     DB "Group 1"
   \            70203100

   \                                 In  segment XDATA_ROM_C, align 1
   \                     `?<Constant "SampleApp">`:
   \   000000   53616D70     DB "SampleApp"
   \            6C654170
   \            7000    

   \                                 In  segment XDATA_ROM_C, align 1
   \                     `?<Constant "KEY ">`:
   \   000000   4B455920     DB "KEY "
   \            00      

   \                                 In  segment XDATA_ROM_C, align 1
   \                     `?<Constant {102, 114, 111, 109, 32, 114, 111, `:
   \   000000   66           DB 102
   \   000001   72           DB 114
   \   000002   6F           DB 111
   \   000003   6D           DB 109
   \   000004   20           DB 32
   \   000005   72           DB 114
   \   000006   6F           DB 111
   \   000007   75           DB 117
   \   000008   74           DB 116
   \   000009   65           DB 101
   \   00000A   31           DB 49

   \                                 In  segment XDATA_ROM_C, align 1
   \                     `?<Constant "\\316\\322\\313\\265: ">`:
   \   000000   CED2CBB5     DB "\316\322\313\265: "
   \            3A2000  

   \                                 In  segment XDATA_ROM_C, align 1
   \                     `?<Constant "\\n">`:
   \   000000   0A00         DB "\012"

   \                                 In  segment XDATA_ROM_C, align 1
   \                     `?<Constant {103, 114, 111, 117, 112, 32, 50, 3`:
   \   000000   67           DB 103
   \   000001   72           DB 114
   \   000002   6F           DB 111
   \   000003   75           DB 117
   \   000004   70           DB 112
   \   000005   20           DB 32
   \   000006   32           DB 50
   \   000007   20           DB 32
   \   000008   72           DB 114
   \   000009   31           DB 49

   \                                 In  segment XDATA_ROM_C, align 1
   \                     `?<Constant "I got DATA ">`:
   \   000000   4920676F     DB "I got DATA "
   \            74204441
   \            54412000

   \                                 In  segment XDATA_ROM_C, align 1
   \                     `?<Constant "\\266\\324\\267\\275\\313\\265: ">`:
   \   000000   B6D4B7BD     DB "\266\324\267\275\313\265: "
   \            CBB53A20
   \            00      

   \                                 In  segment XDATA_ROM_C, align 1
   \                     `?<Constant "I get data\\n">`:
   \   000000   49206765     DB "I get data\012"
   \            74206461
   \            74610A00

   \                                 In  segment XDATA_ROM_C, align 1
   \                     `?<Constant "S1\\n">`:
   \   000000   53310A00     DB "S1\012"
    700          
    701          
    702          
    703          
    704          
    705          
    706          /*********************************************************************
    707          *********************************************************************/

   Maximum stack usage in bytes:

     Function                       ISTACK PSTACK XSTACK
     --------                       ------ ------ ------
     SampleApp_HandleKeys               0      0     22
       -> SampleApp_SendFlashMessage
                                        0      0     20
       -> aps_FindGroup                 0      0     20
       -> aps_RemoveGroup               0      0     20
       -> aps_AddGroup                  0      0     20
       -> HalUARTWrite                  0      0     20
       -> HalLedBlink                   0      0     20
     SampleApp_Init                     0      0     14
       -> MT_UartInit                   0      0     22
       -> MT_UartRegisterTaskID         0      0     22
       -> HalUARTWrite                  0      0     22
       -> afRegister                    0      0     22
       -> RegisterForKeys               0      0     22
       -> osal_memcpy                   0      0     28
       -> aps_AddGroup                  0      0     22
       -> HalLcdWriteString             0      0     22
     SampleApp_MessageMSGCB             0      0     22
       -> HalUARTWrite                  0      0     20
       -> HalUARTWrite                  0      0     20
       -> HalUARTWrite                  0      0     20
       -> HalUARTWrite                  0      0     20
       -> HalUARTWrite                  0      0     20
       -> HalUARTWrite                  0      0     20
       -> HalUARTWrite                  0      0     20
       -> HalUARTWrite                  0      0     20
       -> HalUARTWrite                  0      0     20
     SampleApp_ProcessEvent             0      0     12
       -> osal_msg_receive              0      0     24
       -> osal_start_timerEx            0      0     24
       -> osal_msg_deallocate           0      0     24
       -> osal_msg_receive              0      0     24
       -> SampleApp_SerialCMD           0      0     24
       -> HalUARTWrite                  0      0     24
       -> SampleApp_HandleKeys          0      0     24
       -> SampleApp_MessageMSGCB        0      0     24
       -> SampleApp_SendGroupMessage
                                        0      0     24
       -> osal_rand                     0      0     24
       -> osal_start_timerEx            0      0     24
     SampleApp_SendFlashMessage         1      0     32
       -> AF_DataRequest                0      0     44
     SampleApp_SendGroupMessage         2      0     41
       -> AF_DataRequest                0      0     58
     SampleApp_SendPeriodicMessage      0      0     19
       -> AF_DataRequest                0      0     38
     SampleApp_SendPointToPointMessage
                                        2      0     30
       -> AF_DataRequest                0      0     60
     SampleApp_SerialCMD                0      0     35
       -> HalUARTWrite                  0      0     28
       -> HalUARTWrite                  0      0     28
       -> HalUARTWrite                  0      0     28
       -> AF_DataRequest                0      0     46


   Segment part sizes:

     Function/Label                                 Bytes
     --------------                                 -----
     SampleApp_ClusterList                             8
     SampleApp_SimpleDesc                             12
     SampleApp_epDesc                                  6
     SampleApp_TaskID                                  1
     SampleApp_NwkState                                1
     SampleApp_TransID                                 1
     SampleApp_Periodic_DstAddr                       12
     SampleApp_Flash_DstAddr                          12
     Point_To_Point_DstAddr                           12
     SampleApp_Group                                  18
     SampleAppPeriodicCounter                          1
     SampleAppFlashCounter                             1
     SampleApp_Init                                  198
     SampleApp_ProcessEvent                          215
     SampleApp_SendPointToPointMessage
                                                     106
     ?Subroutine0                                      3
     ??Subroutine3_0                                   5
     ??Subroutine4_0                                   6
     SampleApp_SerialCMD                             142
     ?Subroutine2                                     10
     SampleApp_SendGroupMessage                      106
     SampleApp_MessageMSGCB                          166
     ?Subroutine1                                     12
     SampleApp_SendPeriodicMessage                    56
     SampleApp_SendFlashMessage                      113
     SampleApp_HandleKeys                             92
     ??SampleApp_Init?relay                            6
     ??SampleApp_ProcessEvent?relay                    6
     ??SampleApp_SendPointToPointMessage?relay         6
     ??SampleApp_SerialCMD?relay                       6
     ??SampleApp_SendGroupMessage?relay                6
     ??SampleApp_MessageMSGCB?relay                    6
     ??SampleApp_SendPeriodicMessage?relay             6
     ??SampleApp_SendFlashMessage?relay                6
     ??SampleApp_HandleKeys?relay                      6
     ?<Constant "Hello World\n">                      13
     ?<Constant "Group 1">                             8
     ?<Constant "SampleApp">                          10
     ?<Constant "KEY ">                                5
     ?<Constant {102, 114, 111, 109, 32, 114, 111,    11
     ?<Constant "\316\322\313\265: ">                  7
     ?<Constant "\n">                                  2
     ?<Constant {103, 114, 111, 117, 112, 32, 50, 3   10
     ?<Constant "I got DATA ">                        12
     ?<Constant "\266\324\267\275\313\265: ">          9
     ?<Constant "I get data\n">                       12
     ?<Constant "S1\n">                                4

 
 1 230 bytes in segment BANKED_CODE
    54 bytes in segment BANK_RELAYS
   123 bytes in segment XDATA_ROM_C
    65 bytes in segment XDATA_Z
 
 1 284 bytes of CODE  memory
   123 bytes of CONST memory
    65 bytes of XDATA memory

Errors: none
Warnings: 1
