###############################################################################
#                                                                             #
# IAR C/C++ Compiler V8.10.1.10194/W32 for 8051         30/Aug/2019  09:51:32 #
# Copyright 2004-2011 IAR Systems AB.                                         #
#                                                                             #
#    Core               =  plain                                              #
#    Code model         =  banked                                             #
#    Data model         =  large                                              #
#    Calling convention =  xdata reentrant                                    #
#    Constant location  =  data_rom                                           #
#    Dptr setup         =  1,16                                               #
#    Source file        =  D:\ZStack-CC2530-2.5.1a\Components\hal\target\CC25 #
#                          30EB\hal_key.c                                     #
#    Command line       =  -f D:\ZStack-CC2530-2.5.1a\Projects\zstack\Samples #
#                          \SampleApp\CC2530DB\..\..\..\Tools\CC2530DB\f8wCoo #
#                          rd.cfg (-DCPU32MHZ -DROOT=__near_func              #
#                          -DMAC_CFG_APP_PENDING_QUEUE=TRUE                   #
#                          -DMAC_CFG_TX_DATA_MAX=5 -DMAC_CFG_TX_MAX=8         #
#                          -DMAC_CFG_RX_MAX=5 -DZDO_COORDINATOR -DRTR_NWK)    #
#                          -f D:\ZStack-CC2530-2.5.1a\Projects\zstack\Samples #
#                          \SampleApp\CC2530DB\..\..\..\Tools\CC2530DB\f8wCon #
#                          fig.cfg (-DZIGBEEPRO -DSECURE=0                    #
#                          -DZG_SECURE_DYNAMIC=0 -DREFLECTOR                  #
#                          -DDEFAULT_CHANLIST=0x02000000                      #
#                          -DZDAPP_CONFIG_PAN_ID=0xFFF0                       #
#                          -DNWK_START_DELAY=100 -DEXTENDED_JOINING_RANDOM_MA #
#                          SK=0x007F -DBEACON_REQUEST_DELAY=100               #
#                          -DBEACON_REQ_DELAY_MASK=0x00FF                     #
#                          -DLINK_STATUS_JITTER_MASK=0x007F                   #
#                          -DROUTE_EXPIRY_TIME=30 -DAPSC_ACK_WAIT_DURATION_PO #
#                          LLED=3000 -DNWK_INDIRECT_MSG_TIMEOUT=7             #
#                          -DMAX_RREQ_ENTRIES=8 -DAPSC_MAX_FRAME_RETRIES=3    #
#                          -DNWK_MAX_DATA_RETRIES=2                           #
#                          -DMAX_POLL_FAILURE_RETRIES=2 -DMAX_BCAST=9         #
#                          -DAPS_MAX_GROUPS=16 -DMAX_RTG_ENTRIES=40           #
#                          -DNWK_MAX_BINDING_ENTRIES=4                        #
#                          -DMAX_BINDING_CLUSTER_IDS=4 "-DDEFAULT_KEY={0x01,  #
#                          0x03, 0x05, 0x07, 0x09, 0x0B, 0x0D, 0x0F, 0x00,    #
#                          0x02, 0x04, 0x06, 0x08, 0x0A, 0x0C, 0x0D}"         #
#                          -DMAC_MAX_FRAME_SIZE=116                           #
#                          -DZDNWKMGR_MIN_TRANSMISSIONS=20 "-DCONST=const     #
#                          __code" -DGENERIC=__generic                        #
#                          -DRFD_RCVC_ALWAYS_ON=FALSE -DPOLL_RATE=1000        #
#                          -DQUEUED_POLL_RATE=100 -DRESPONSE_POLL_RATE=100)   #
#                          -DREJOIN_POLL_RATE=440 D:\ZStack-CC2530-2.5.1a\Com #
#                          ponents\hal\target\CC2530EB\hal_key.c -D           #
#                          BUILD_ALL_DEVICES -D HOLD_AUTO_START -D            #
#                          LCD_SUPPORTED -D HAL_UART=FALSE -lC                #
#                          D:\ZStack-CC2530-2.5.1a\Projects\zstack\Samples\Sa #
#                          mpleApp\CC2530DB\DemoEB\List\ -lA                  #
#                          D:\ZStack-CC2530-2.5.1a\Projects\zstack\Samples\Sa #
#                          mpleApp\CC2530DB\DemoEB\List\ --diag_suppress      #
#                          Pe001,Pa010 -o D:\ZStack-CC2530-2.5.1a\Projects\zs #
#                          tack\Samples\SampleApp\CC2530DB\DemoEB\Obj\ -e     #
#                          --no_code_motion --debug --core=plain --dptr=16,1  #
#                          --data_model=large --code_model=banked             #
#                          --calling_convention=xdata_reentrant               #
#                          --place_constants=data_rom --nr_virtual_regs 16    #
#                          -I D:\ZStack-CC2530-2.5.1a\Projects\zstack\Samples #
#                          \SampleApp\CC2530DB\ -I D:\ZStack-CC2530-2.5.1a\Pr #
#                          ojects\zstack\Samples\SampleApp\CC2530DB\..\Source #
#                          \ -I D:\ZStack-CC2530-2.5.1a\Projects\zstack\Sampl #
#                          es\SampleApp\CC2530DB\..\..\..\ZMain\TI2530DB\ -I  #
#                          D:\ZStack-CC2530-2.5.1a\Projects\zstack\Samples\Sa #
#                          mpleApp\CC2530DB\..\..\..\..\..\Components\hal\inc #
#                          lude\ -I D:\ZStack-CC2530-2.5.1a\Projects\zstack\S #
#                          amples\SampleApp\CC2530DB\..\..\..\..\..\Component #
#                          s\hal\target\CC2530EB\ -I                          #
#                          D:\ZStack-CC2530-2.5.1a\Projects\zstack\Samples\Sa #
#                          mpleApp\CC2530DB\..\..\..\..\..\Components\mac\inc #
#                          lude\ -I D:\ZStack-CC2530-2.5.1a\Projects\zstack\S #
#                          amples\SampleApp\CC2530DB\..\..\..\..\..\Component #
#                          s\mac\high_level\ -I D:\ZStack-CC2530-2.5.1a\Proje #
#                          cts\zstack\Samples\SampleApp\CC2530DB\..\..\..\..\ #
#                          ..\Components\mac\low_level\srf04\ -I              #
#                          D:\ZStack-CC2530-2.5.1a\Projects\zstack\Samples\Sa #
#                          mpleApp\CC2530DB\..\..\..\..\..\Components\mac\low #
#                          _level\srf04\single_chip\ -I                       #
#                          D:\ZStack-CC2530-2.5.1a\Projects\zstack\Samples\Sa #
#                          mpleApp\CC2530DB\..\..\..\..\..\Components\mt\ -I  #
#                          D:\ZStack-CC2530-2.5.1a\Projects\zstack\Samples\Sa #
#                          mpleApp\CC2530DB\..\..\..\..\..\Components\osal\in #
#                          clude\ -I D:\ZStack-CC2530-2.5.1a\Projects\zstack\ #
#                          Samples\SampleApp\CC2530DB\..\..\..\..\..\Componen #
#                          ts\services\saddr\ -I D:\ZStack-CC2530-2.5.1a\Proj #
#                          ects\zstack\Samples\SampleApp\CC2530DB\..\..\..\.. #
#                          \..\Components\services\sdata\ -I                  #
#                          D:\ZStack-CC2530-2.5.1a\Projects\zstack\Samples\Sa #
#                          mpleApp\CC2530DB\..\..\..\..\..\Components\stack\a #
#                          f\ -I D:\ZStack-CC2530-2.5.1a\Projects\zstack\Samp #
#                          les\SampleApp\CC2530DB\..\..\..\..\..\Components\s #
#                          tack\nwk\ -I D:\ZStack-CC2530-2.5.1a\Projects\zsta #
#                          ck\Samples\SampleApp\CC2530DB\..\..\..\..\..\Compo #
#                          nents\stack\sapi\ -I D:\ZStack-CC2530-2.5.1a\Proje #
#                          cts\zstack\Samples\SampleApp\CC2530DB\..\..\..\..\ #
#                          ..\Components\stack\sec\ -I                        #
#                          D:\ZStack-CC2530-2.5.1a\Projects\zstack\Samples\Sa #
#                          mpleApp\CC2530DB\..\..\..\..\..\Components\stack\s #
#                          ys\ -I D:\ZStack-CC2530-2.5.1a\Projects\zstack\Sam #
#                          ples\SampleApp\CC2530DB\..\..\..\..\..\Components\ #
#                          stack\zdo\ -I D:\ZStack-CC2530-2.5.1a\Projects\zst #
#                          ack\Samples\SampleApp\CC2530DB\..\..\..\..\..\Comp #
#                          onents\zmac\ -I D:\ZStack-CC2530-2.5.1a\Projects\z #
#                          stack\Samples\SampleApp\CC2530DB\..\..\..\..\..\Co #
#                          mponents\zmac\f8w\ -Ohz --require_prototypes       #
#    List file          =  D:\ZStack-CC2530-2.5.1a\Projects\zstack\Samples\Sa #
#                          mpleApp\CC2530DB\DemoEB\List\hal_key.lst           #
#    Object file        =  D:\ZStack-CC2530-2.5.1a\Projects\zstack\Samples\Sa #
#                          mpleApp\CC2530DB\DemoEB\Obj\hal_key.r51            #
#                                                                             #
#                                                                             #
###############################################################################

D:\ZStack-CC2530-2.5.1a\Components\hal\target\CC2530EB\hal_key.c
      1          /**************************************************************************************************
      2            Filename:       hal_key.c
      3            Revised:        $Date: 2010-09-15 19:02:45 -0700 (Wed, 15 Sep 2010) $
      4            Revision:       $Revision: 23815 $
      5          
      6            Description:    This file contains the interface to the HAL KEY Service.
      7          
      8          
      9            Copyright 2006-2010 Texas Instruments Incorporated. All rights reserved.
     10          
     11            IMPORTANT: Your use of this Software is limited to those specific rights
     12            granted under the terms of a software license agreement between the user
     13            who downloaded the software, his/her employer (which must be your employer)
     14            and Texas Instruments Incorporated (the "License").  You may not use this
     15            Software unless you agree to abide by the terms of the License. The License
     16            limits your use, and you acknowledge, that the Software may not be modified,
     17            copied or distributed unless embedded on a Texas Instruments microcontroller
     18            or used solely and exclusively in conjunction with a Texas Instruments radio
     19            frequency transceiver, which is integrated into your product.  Other than for
     20            the foregoing purpose, you may not use, reproduce, copy, prepare derivative
     21            works of, modify, distribute, perform, display or sell this Software and/or
     22            its documentation for any purpose.
     23          
     24            YOU FURTHER ACKNOWLEDGE AND AGREE THAT THE SOFTWARE AND DOCUMENTATION ARE
     25            PROVIDED AS IS?WITHOUT WARRANTY OF ANY KIND, EITHER EXPRESS OR IMPLIED,
     26            INCLUDING WITHOUT LIMITATION, ANY WARRANTY OF MERCHANTABILITY, TITLE,
     27            NON-INFRINGEMENT AND FITNESS FOR A PARTICULAR PURPOSE. IN NO EVENT SHALL
     28            TEXAS INSTRUMENTS OR ITS LICENSORS BE LIABLE OR OBLIGATED UNDER CONTRACT,
     29            NEGLIGENCE, STRICT LIABILITY, CONTRIBUTION, BREACH OF WARRANTY, OR OTHER
     30            LEGAL EQUITABLE THEORY ANY DIRECT OR INDIRECT DAMAGES OR EXPENSES
     31            INCLUDING BUT NOT LIMITED TO ANY INCIDENTAL, SPECIAL, INDIRECT, PUNITIVE
     32            OR CONSEQUENTIAL DAMAGES, LOST PROFITS OR LOST DATA, COST OF PROCUREMENT
     33            OF SUBSTITUTE GOODS, TECHNOLOGY, SERVICES, OR ANY CLAIMS BY THIRD PARTIES
     34            (INCLUDING BUT NOT LIMITED TO ANY DEFENSE THEREOF), OR OTHER SIMILAR COSTS.
     35          
     36            Should you have any questions regarding your right to use this Software,
     37            contact Texas Instruments Incorporated at www.TI.com.
     38          **************************************************************************************************/
     39          /*********************************************************************
     40           NOTE: If polling is used, the hal_driver task schedules the KeyRead()
     41                 to occur every 100ms.  This should be long enough to naturally
     42                 debounce the keys.  The KeyRead() function remembers the key
     43                 state of the previous poll and will only return a non-zero
     44                 value if the key state changes.
     45          
     46           NOTE: If interrupts are used, the KeyRead() function is scheduled
     47                 25ms after the interrupt occurs by the ISR.  This delay is used
     48                 for key debouncing.  The ISR disables any further Key interrupt
     49                 until KeyRead() is executed.  KeyRead() will re-enable Key
     50                 interrupts after executing.  Unlike polling, when interrupts
     51                 are enabled, the previous key state is not remembered.  This
     52                 means that KeyRead() will return the current state of the keys
     53                 (not a change in state of the keys).
     54          
     55           NOTE: If interrupts are used, the KeyRead() fucntion is scheduled by
     56                 the ISR.  Therefore, the joystick movements will only be detected
     57                 during a pushbutton interrupt caused by S1 or the center joystick
     58                 pushbutton.
     59          
     60           NOTE: When a switch like S1 is pushed, the S1 signal goes from a normally
     61                 high state to a low state.  This transition is typically clean.  The
     62                 duration of the low state is around 200ms.  When the signal returns
     63                 to the high state, there is a high likelihood of signal bounce, which
     64                 causes a unwanted interrupts.  Normally, we would set the interrupt
     65                 edge to falling edge to generate an interrupt when S1 is pushed, but
     66                 because of the signal bounce, it is better to set the edge to rising
     67                 edge to generate an interrupt when S1 is released.  The debounce logic
     68                 can then filter out the signal bounce.  The result is that we typically
     69                 get only 1 interrupt per button push.  This mechanism is not totally
     70                 foolproof because occasionally, signal bound occurs during the falling
     71                 edge as well.  A similar mechanism is used to handle the joystick
     72                 pushbutton on the DB.  For the EB, we do not have independent control
     73                 of the interrupt edge for the S1 and center joystick pushbutton.  As
     74                 a result, only one or the other pushbuttons work reasonably well with
     75                 interrupts.  The default is the make the S1 switch on the EB work more
     76                 reliably.
     77          
     78          *********************************************************************/
     79          
     80          /**************************************************************************************************
     81           *                                            INCLUDES
     82           **************************************************************************************************/
     83          #include "hal_mcu.h"

   \                                 In  segment SFR_AN, at 0x80
   \   union <unnamed> volatile __sfr _A_P0
   \                     _A_P0:
   \   000000                DS 1

   \                                 In  segment SFR_AN, at 0x89
   \   unsigned char volatile __sfr P0IFG
   \                     P0IFG:
   \   000000                DS 1

   \                                 In  segment SFR_AN, at 0x8c
   \   unsigned char volatile __sfr PICTL
   \                     PICTL:
   \   000000                DS 1

   \                                 In  segment SFR_AN, at 0xa8
   \   union <unnamed> volatile __sfr _A_IEN0
   \                     _A_IEN0:
   \   000000                DS 1

   \                                 In  segment SFR_AN, at 0xab
   \   unsigned char volatile __sfr P0IEN
   \                     P0IEN:
   \   000000                DS 1

   \                                 In  segment SFR_AN, at 0xb8
   \   union <unnamed> volatile __sfr _A_IEN1
   \                     _A_IEN1:
   \   000000                DS 1

   \                                 In  segment SFR_AN, at 0xc0
   \   union <unnamed> volatile __sfr _A_IRCON
   \                     _A_IRCON:
   \   000000                DS 1

   \                                 In  segment SFR_AN, at 0xe8
   \   union <unnamed> volatile __sfr _A_IRCON2
   \                     _A_IRCON2:
   \   000000                DS 1

   \                                 In  segment SFR_AN, at 0xf3
   \   unsigned char volatile __sfr P0SEL
   \                     P0SEL:
   \   000000                DS 1

   \                                 In  segment SFR_AN, at 0xfd
   \   unsigned char volatile __sfr P0DIR
   \                     P0DIR:
   \   000000                DS 1
     84          #include "hal_defs.h"
     85          #include "hal_types.h"
     86          #include "hal_board.h"
     87          #include "hal_drivers.h"
     88          #include "hal_adc.h"
     89          #include "hal_key.h"
     90          #include "osal.h"
     91          
     92          #if (defined HAL_KEY) && (HAL_KEY == TRUE)
     93          
     94          /**************************************************************************************************
     95           *                                              MACROS
     96           **************************************************************************************************/
     97          
     98          /**************************************************************************************************
     99           *                                            CONSTANTS
    100           **************************************************************************************************/
    101          #define HAL_KEY_RISING_EDGE   0
    102          #define HAL_KEY_FALLING_EDGE  1
    103          
    104          #define HAL_KEY_DEBOUNCE_VALUE  25
    105          
    106          /* CPU port interrupt */
    107          #define HAL_KEY_CPU_PORT_0_IF P0IF
    108          #define HAL_KEY_CPU_PORT_2_IF P2IF
    109          
    110          /* SW_6 is at P0.1 */
    111          #define HAL_KEY_SW_6_PORT   P0
    112          #define HAL_KEY_SW_6_BIT    BV(0) //原BV(1)
    113          #define HAL_KEY_SW_6_SEL    P0SEL
    114          #define HAL_KEY_SW_6_DIR    P0DIR
    115          
    116          /* edge interrupt 边缘触发方式*/
    117          #define HAL_KEY_SW_6_EDGEBIT  BV(0)
    118          #define HAL_KEY_SW_6_EDGE     HAL_KEY_FALLING_EDGE
    119          //HAL_KEY_FALLING_EDGE下降沿触发  ，  HAL_KEY_RISING_EDGE 上升沿触发
    120          
    121          
    122          /* SW_6 interrupts */
    123          #define HAL_KEY_SW_6_IEN      IEN1  /* CPU interrupt mask register */
    124          #define HAL_KEY_SW_6_IENBIT   BV(5) /* Mask bit for all of Port_0 */
    125          #define HAL_KEY_SW_6_ICTL     P0IEN /* Port Interrupt Control register */
    126          #define HAL_KEY_SW_6_ICTLBIT  BV(0) /* P0IEN - P0.1 enable/disable bit *///原BV(1)
    127          #define HAL_KEY_SW_6_PXIFG    P0IFG /* Interrupt flag at source */
    128          
    129          
    130          
    131          //无效摇杆部分
    132          ///* Joy stick move at P2.0 */
    133          //#define HAL_KEY_JOY_MOVE_PORT   P2
    134          //#define HAL_KEY_JOY_MOVE_BIT    BV(0)
    135          //#define HAL_KEY_JOY_MOVE_SEL    P2SEL
    136          //#define HAL_KEY_JOY_MOVE_DIR    P2DIR
    137          //
    138          ///* edge interrupt */
    139          //#define HAL_KEY_JOY_MOVE_EDGEBIT  BV(3)
    140          //#define HAL_KEY_JOY_MOVE_EDGE     HAL_KEY_FALLING_EDGE
    141          //
    142          ///* Joy move interrupts */
    143          //#define HAL_KEY_JOY_MOVE_IEN      IEN2  /* CPU interrupt mask register */
    144          //#define HAL_KEY_JOY_MOVE_IENBIT   BV(1) /* Mask bit for all of Port_2 */
    145          //#define HAL_KEY_JOY_MOVE_ICTL     P2IEN /* Port Interrupt Control register */
    146          //#define HAL_KEY_JOY_MOVE_ICTLBIT  BV(0) /* P2IENL - P2.0<->P2.3 enable/disable bit */
    147          //#define HAL_KEY_JOY_MOVE_PXIFG    P2IFG /* Interrupt flag at source */
    148          //
    149          //#define HAL_KEY_JOY_CHN   HAL_ADC_CHANNEL_6
    150          
    151          
    152          /**************************************************************************************************
    153           *                                            TYPEDEFS
    154           **************************************************************************************************/
    155          
    156          
    157          /**************************************************************************************************
    158           *                                        GLOBAL VARIABLES
    159           **************************************************************************************************/

   \                                 In  segment XDATA_Z, align 1, keep-with-next
    160          static uint8 halKeySavedKeys;     /* used to store previous key state in polling mode */
   \                     halKeySavedKeys:
   \   000000                DS 1
   \   000001                REQUIRE __INIT_XDATA_Z

   \                                 In  segment XDATA_Z, align 1, keep-with-next
    161          static halKeyCBack_t pHalKeyProcessFunction;
   \                     pHalKeyProcessFunction:
   \   000000                DS 2
   \   000002                REQUIRE __INIT_XDATA_Z

   \                                 In  segment XDATA_Z, align 1, keep-with-next
    162          static uint8 HalKeyConfigured;
   \                     HalKeyConfigured:
   \   000000                DS 1
   \   000001                REQUIRE __INIT_XDATA_Z

   \                                 In  segment XDATA_Z, align 1, keep-with-next
    163          bool Hal_KeyIntEnable;            /* interrupt enable/disable flag */
   \                     Hal_KeyIntEnable:
   \   000000                DS 1
   \   000001                REQUIRE __INIT_XDATA_Z
    164          
    165          /**************************************************************************************************
    166           *                                        FUNCTIONS - Local
    167           **************************************************************************************************/
    168          void halProcessKeyInterrupt(void);
    169          uint8 halGetJoyKeyInput(void);
    170          
    171          
    172          
    173          /**************************************************************************************************
    174           *                                        FUNCTIONS - API
    175           **************************************************************************************************/
    176          
    177          
    178          /**************************************************************************************************
    179           * @fn      HalKeyInit
    180           *
    181           * @brief   Initilize Key Service
    182           *
    183           * @param   none
    184           *
    185           * @return  None
    186           **************************************************************************************************/

   \                                 In  segment BANKED_CODE, align 1, keep-with-next
    187          void HalKeyInit( void )
   \                     HalKeyInit:
    188          {
   \   000000   C082         PUSH    DPL
   \   000002   C083         PUSH    DPH
   \   000004                ; Saved register size: 2
   \   000004                ; Auto size: 0
    189            /* Initialize previous key to 0 */
    190            halKeySavedKeys = 0;
   \   000004   90....       MOV     DPTR,#halKeySavedKeys
   \   000007   E4           CLR     A
   \   000008   F0           MOVX    @DPTR,A
    191          
    192            HAL_KEY_SW_6_SEL &= ~(HAL_KEY_SW_6_BIT);    /* Set pin function to GPIO */
   \   000009   53F3FE       ANL     0xf3,#0xfe
    193            HAL_KEY_SW_6_DIR &= ~(HAL_KEY_SW_6_BIT);    /* Set pin direction to Input */
   \   00000C   53FDFE       ANL     0xfd,#0xfe
    194          
    195          
    196            //这两个是摇杆，板子上没有
    197            //HAL_KEY_JOY_MOVE_SEL &= ~(HAL_KEY_JOY_MOVE_BIT); /* Set pin function to GPIO */
    198            //HAL_KEY_JOY_MOVE_DIR &= ~(HAL_KEY_JOY_MOVE_BIT); /* Set pin direction to Input */
    199          
    200          
    201            /* Initialize callback function */
    202            pHalKeyProcessFunction  = NULL;
   \   00000F   90....       MOV     DPTR,#pHalKeyProcessFunction
   \   000012   F0           MOVX    @DPTR,A
   \   000013   A3           INC     DPTR
   \   000014   F0           MOVX    @DPTR,A
    203          
    204            /* Start with key is not configured */
    205            HalKeyConfigured = FALSE;
   \   000015   90....       MOV     DPTR,#HalKeyConfigured
   \   000018   F0           MOVX    @DPTR,A
    206          }
   \   000019   02....       LJMP    ?Subroutine0 & 0xFFFF
   \   00001C                REQUIRE P0SEL
   \   00001C                REQUIRE P0DIR

   \                                 In  segment BANKED_CODE, align 1, keep-with-next
   \                     ?Subroutine0:
   \   000000   D083         POP     DPH
   \   000002   D082         POP     DPL
   \   000004   02....       LJMP    ?BRET
    207          
    208          
    209          /**************************************************************************************************
    210           * @fn      HalKeyConfig
    211           *
    212           * @brief   Configure the Key serivce
    213           *
    214           * @param   interruptEnable - TRUE/FALSE, enable/disable interrupt
    215           *          cback - pointer to the CallBack function
    216           *
    217           * @return  None
    218           **************************************************************************************************/

   \                                 In  segment BANKED_CODE, align 1, keep-with-next
    219          void HalKeyConfig (bool interruptEnable, halKeyCBack_t cback)
   \                     HalKeyConfig:
    220          {
   \   000000   74F7         MOV     A,#-0x9
   \   000002   12....       LCALL   ?BANKED_ENTER_XDATA
   \   000005                ; Saved register size: 9
   \   000005                ; Auto size: 0
   \   000005   E9           MOV     A,R1
    221            /* Enable/Disable Interrupt or */
    222            Hal_KeyIntEnable = interruptEnable;
   \   000006   90....       MOV     DPTR,#Hal_KeyIntEnable
   \   000009   F0           MOVX    @DPTR,A
    223          
    224            /* Register the callback fucntion 注册回调函数--重点*/
    225            pHalKeyProcessFunction = cback;
   \   00000A   90....       MOV     DPTR,#pHalKeyProcessFunction
   \   00000D   EA           MOV     A,R2
   \   00000E   F0           MOVX    @DPTR,A
   \   00000F   A3           INC     DPTR
   \   000010   EB           MOV     A,R3
   \   000011   F0           MOVX    @DPTR,A
    226          
    227            /* Determine if interrupt is enable or not */
    228            if (Hal_KeyIntEnable)
   \   000012   90....       MOV     DPTR,#Hal_KeyIntEnable
   \   000015   E0           MOVX    A,@DPTR
   \   000016   6024         JZ      ??HalKeyConfig_0
    229            {
    230              /* Rising/Falling edge configuratinn */
    231          
    232              PICTL &= ~(HAL_KEY_SW_6_EDGEBIT);    /* Clear the edge bit */
   \   000018   538CFE       ANL     0x8c,#0xfe
    233              /* For falling edge, the bit must be set. */
    234            #if (HAL_KEY_SW_6_EDGE == HAL_KEY_FALLING_EDGE)
    235              PICTL |= HAL_KEY_SW_6_EDGEBIT;
   \   00001B   438C01       ORL     0x8c,#0x1
    236            #endif
    237          
    238          
    239              /* Interrupt configuration:
    240               * - Enable interrupt generation at the port
    241               * - Enable CPU interrupt
    242               * - Clear any pending interrupt
    243               */
    244              HAL_KEY_SW_6_ICTL |= HAL_KEY_SW_6_ICTLBIT;
   \   00001E   43AB01       ORL     0xab,#0x1
    245              HAL_KEY_SW_6_IEN |= HAL_KEY_SW_6_IENBIT;
   \   000021   D2BD         SETB    0xb8.5
    246              HAL_KEY_SW_6_PXIFG = ~(HAL_KEY_SW_6_BIT);
   \   000023   7589FE       MOV     0x89,#-0x2
    247          
    248          
    249          
    250              /* Rising/Falling edge configuratinn */
    251          
    252          //    HAL_KEY_JOY_MOVE_ICTL &= ~(HAL_KEY_JOY_MOVE_EDGEBIT);    /* Clear the edge bit */
    253          //    /* For falling edge, the bit must be set. */
    254          //  #if (HAL_KEY_JOY_MOVE_EDGE == HAL_KEY_FALLING_EDGE)
    255          //    HAL_KEY_JOY_MOVE_ICTL |= HAL_KEY_JOY_MOVE_EDGEBIT;
    256          //  #endif
    257          
    258          
    259              /* Interrupt configuration:
    260               * - Enable interrupt generation at the port
    261               * - Enable CPU interrupt
    262               * - Clear any pending interrupt
    263               */
    264          //    HAL_KEY_JOY_MOVE_ICTL |= HAL_KEY_JOY_MOVE_ICTLBIT;
    265          //    HAL_KEY_JOY_MOVE_IEN |= HAL_KEY_JOY_MOVE_IENBIT;
    266          //    HAL_KEY_JOY_MOVE_PXIFG = ~(HAL_KEY_JOY_MOVE_BIT);
    267          
    268          
    269              /* Do this only after the hal_key is configured - to work with sleep stuff */
    270              if (HalKeyConfigured == TRUE)
   \   000026   90....       MOV     DPTR,#HalKeyConfigured
   \   000029   E0           MOVX    A,@DPTR
   \   00002A   6401         XRL     A,#0x1
   \   00002C   701F         JNZ     ??HalKeyConfig_1
    271              {
    272                osal_stop_timerEx(Hal_TaskID, HAL_KEY_EVENT);  /* Cancel polling if active */
   \   00002E                ; Setup parameters for call to function osal_stop_timerEx
   \   00002E   7A01         MOV     R2,#0x1
   \   000030   7B00         MOV     R3,#0x0
   \   000032   90....       MOV     DPTR,#Hal_TaskID
   \   000035   E0           MOVX    A,@DPTR
   \   000036   F9           MOV     R1,A
   \   000037   12....       LCALL   ??osal_stop_timerEx?relay
   \   00003A   8011         SJMP    ??HalKeyConfig_1
    273              }
    274            }
    275            else    /* Interrupts NOT enabled */
    276            {
    277              HAL_KEY_SW_6_ICTL &= ~(HAL_KEY_SW_6_ICTLBIT); /* don't generate interrupt */
   \                     ??HalKeyConfig_0:
   \   00003C   53ABFE       ANL     0xab,#0xfe
    278              HAL_KEY_SW_6_IEN &= ~(HAL_KEY_SW_6_IENBIT);   /* Clear interrupt enable bit */
   \   00003F   C2BD         CLR     0xb8.5
    279          
    280              /*启动HAL_KEY_EVENT事件*/
    281              osal_set_event(Hal_TaskID, HAL_KEY_EVENT);
   \   000041                ; Setup parameters for call to function osal_set_event
   \   000041   7A01         MOV     R2,#0x1
   \   000043   7B00         MOV     R3,#0x0
   \   000045   90....       MOV     DPTR,#Hal_TaskID
   \   000048   E0           MOVX    A,@DPTR
   \   000049   F9           MOV     R1,A
   \   00004A   12....       LCALL   ??osal_set_event?relay
    282            }
    283          
    284            /* Key now is configured */
    285            HalKeyConfigured = TRUE;
   \                     ??HalKeyConfig_1:
   \   00004D   90....       MOV     DPTR,#HalKeyConfigured
   \   000050   7401         MOV     A,#0x1
   \   000052   F0           MOVX    @DPTR,A
    286          }
   \   000053   FF           MOV     R7,A
   \   000054   02....       LJMP    ?BANKED_LEAVE_XDATA
   \   000057                REQUIRE PICTL
   \   000057                REQUIRE P0IEN
   \   000057                REQUIRE _A_IEN1
   \   000057                REQUIRE P0IFG
    287          
    288          
    289          /**************************************************************************************************
    290           * @fn      HalKeyRead
    291           *
    292           * @brief   Read the current value of a key
    293           *
    294           * @param   None
    295           *
    296           * @return  keys - current keys status
    297           **************************************************************************************************/

   \                                 In  segment BANKED_CODE, align 1, keep-with-next
    298          uint8 HalKeyRead ( void )
   \                     HalKeyRead:
    299          {
   \   000000                ; Saved register size: 0
   \   000000                ; Auto size: 0
    300            uint8 keys = 0;
   \   000000   7900         MOV     R1,#0x0
    301          
    302            if (HAL_PUSH_BUTTON1())
   \   000002   A280         MOV     C,0x80.0
   \   000004   4002         JC      ??HalKeyRead_0
    303            {
    304              keys |= HAL_KEY_SW_6;
   \   000006   7920         MOV     R1,#0x20
    305            }
    306          
    307          //  if ((HAL_KEY_JOY_MOVE_PORT & HAL_KEY_JOY_MOVE_BIT))  /* Key is active low */
    308          //  {
    309          //    keys |= halGetJoyKeyInput();
    310          //  }
    311          
    312            return keys;
   \                     ??HalKeyRead_0:
   \   000008   02....       LJMP    ?BRET
   \   00000B                REQUIRE _A_P0
    313          }
    314          
    315          
    316          /**************************************************************************************************
    317           * @fn      HalKeyPoll
    318           *
    319           * @brief   Called by hal_driver to poll the keys
    320           *
    321           * @param   None
    322           *
    323           * @return  None
    324           **************************************************************************************************/

   \                                 In  segment BANKED_CODE, align 1, keep-with-next
    325          void HalKeyPoll (void)
   \                     HalKeyPoll:
    326          {
   \   000000   C082         PUSH    DPL
   \   000002   C083         PUSH    DPH
   \   000004                ; Saved register size: 2
   \   000004                ; Auto size: 0
    327            uint8 keys = 0;
    328          
    329          //  if ((HAL_KEY_JOY_MOVE_PORT & HAL_KEY_JOY_MOVE_BIT))  /* Key is active HIGH */
    330          //  {
    331          //    keys = halGetJoyKeyInput();
    332          //  }
    333          
    334            /* If interrupts are not enabled, previous key status and current key status
    335             * are compared to find out if a key has changed status.
    336             */
    337            if (!Hal_KeyIntEnable)
   \   000004   90....       MOV     DPTR,#Hal_KeyIntEnable
   \   000007   E0           MOVX    A,@DPTR
   \   000008   7008         JNZ     ??HalKeyPoll_0
    338            {
    339              //按键延时，防止按键按下发送多次按键事件
    340              if (keys == halKeySavedKeys)
   \   00000A   90....       MOV     DPTR,#halKeySavedKeys
   \   00000D   E0           MOVX    A,@DPTR
   \   00000E   601E         JZ      ??HalKeyPoll_1
    341              {
    342                /* Exit - since no keys have changed */
    343                return;
    344              }
    345              /* Store the current keys for comparation next time */
    346              halKeySavedKeys = keys;
   \   000010   E4           CLR     A
   \   000011   F0           MOVX    @DPTR,A
    347            }
    348            else
    349            {
    350              /* Key interrupt handled here 在此处理按键中断*/
    351            }
    352          
    353            if (HAL_PUSH_BUTTON1())
   \                     ??HalKeyPoll_0:
   \   000012   A280         MOV     C,0x80.0
   \   000014   4018         JC      ??HalKeyPoll_1
    354            {
    355              keys |= HAL_KEY_SW_6;
   \   000016   90....       MOV     DPTR,#pHalKeyProcessFunction
   \   000019   E0           MOVX    A,@DPTR
   \   00001A   F8           MOV     R0,A
   \   00001B   A3           INC     DPTR
   \   00001C   E0           MOVX    A,@DPTR
   \   00001D   F9           MOV     R1,A
   \   00001E   E8           MOV     A,R0
   \   00001F   49           ORL     A,R1
   \   000020   600C         JZ      ??HalKeyPoll_1
    356            }
    357          
    358            /* Invoke Callback if new keys were depressed 调用注册的回调函数，即上面的 OnBoard_KeyCallback*/
    359            if (keys && (pHalKeyProcessFunction))
    360            {
    361              (pHalKeyProcessFunction) (keys, HAL_KEY_STATE_NORMAL);
   \   000022                ; Setup parameters for indirect call
   \   000022   7A00         MOV     R2,#0x0
   \   000024   7920         MOV     R1,#0x20
   \   000026   E0           MOVX    A,@DPTR
   \   000027   F583         MOV     DPH,A
   \   000029   8882         MOV     DPL,R0
   \   00002B   12....       LCALL   ?CALL_IND
    362            }
   \                     ??HalKeyPoll_1:
   \   00002E   80..         SJMP    ?Subroutine0
   \   000030                REQUIRE _A_P0
    363          }
    364          
    365          /**************************************************************************************************
    366           * @fn      halGetJoyKeyInput
    367           *
    368           * @brief   Map the ADC value to its corresponding key.
    369           *
    370           * @param   None
    371           *
    372           * @return  keys - current joy key status
    373           **************************************************************************************************/

   \                                 In  segment BANKED_CODE, align 1, keep-with-next
    374          uint8 halGetJoyKeyInput(void)
   \                     halGetJoyKeyInput:
    375          {
   \   000000                ; Saved register size: 0
   \   000000                ; Auto size: 0
    376            /* The joystick control is encoded as an analog voltage.
    377             * Read the JOY_LEVEL analog value and map it to joy movement.
    378             */
    379            uint8 adc;
    380            uint8 ksave0 = 0;
   \   000000   7900         MOV     R1,#0x0
    381            uint8 ksave1;
    382          
    383            /* Keep on reading the ADC until two consecutive key decisions are the same. */
    384            do
    385            {
    386              ksave1 = ksave0;    /* save previouse key reading */
   \                     ??halGetJoyKeyInput_0:
   \   000002   E9           MOV     A,R1
   \   000003   FA           MOV     R2,A
    387          
    388              //adc = HalAdcRead (HAL_KEY_JOY_CHN, HAL_ADC_RESOLUTION_8);
    389          
    390              if ((adc >= 2) && (adc <= 38))
   \   000004   74FE         MOV     A,#-0x2
   \   000006   28           ADD     A,R0
   \   000007   C3           CLR     C
   \   000008   9425         SUBB    A,#0x25
   \   00000A   5005         JNC     ??halGetJoyKeyInput_1
    391              {
    392                 ksave0 |= HAL_KEY_UP;
   \   00000C   E9           MOV     A,R1
   \   00000D   D2E0         SETB    0xE0 /* A   */.0
   \   00000F   8032         SJMP    ??halGetJoyKeyInput_2
    393              }
    394              else if ((adc >= 74) && (adc <= 88))
   \                     ??halGetJoyKeyInput_1:
   \   000011   74B6         MOV     A,#-0x4a
   \   000013   28           ADD     A,R0
   \   000014   C3           CLR     C
   \   000015   940F         SUBB    A,#0xf
   \   000017   5005         JNC     ??halGetJoyKeyInput_3
    395              {
    396                ksave0 |= HAL_KEY_RIGHT;
   \   000019   E9           MOV     A,R1
   \   00001A   D2E1         SETB    0xE0 /* A   */.1
   \   00001C   8025         SJMP    ??halGetJoyKeyInput_2
    397              }
    398              else if ((adc >= 60) && (adc <= 73))
   \                     ??halGetJoyKeyInput_3:
   \   00001E   74C4         MOV     A,#-0x3c
   \   000020   28           ADD     A,R0
   \   000021   C3           CLR     C
   \   000022   940E         SUBB    A,#0xe
   \   000024   5005         JNC     ??halGetJoyKeyInput_4
    399              {
    400                ksave0 |= HAL_KEY_LEFT;
   \   000026   E9           MOV     A,R1
   \   000027   D2E3         SETB    0xE0 /* A   */.3
   \   000029   8018         SJMP    ??halGetJoyKeyInput_2
    401              }
    402              else if ((adc >= 39) && (adc <= 59))
   \                     ??halGetJoyKeyInput_4:
   \   00002B   74D9         MOV     A,#-0x27
   \   00002D   28           ADD     A,R0
   \   00002E   C3           CLR     C
   \   00002F   9415         SUBB    A,#0x15
   \   000031   5005         JNC     ??halGetJoyKeyInput_5
    403              {
    404                ksave0 |= HAL_KEY_DOWN;
   \   000033   E9           MOV     A,R1
   \   000034   D2E4         SETB    0xE0 /* A   */.4
   \   000036   800B         SJMP    ??halGetJoyKeyInput_2
    405              }
    406              else if ((adc >= 89) && (adc <= 100))
   \                     ??halGetJoyKeyInput_5:
   \   000038   74A7         MOV     A,#-0x59
   \   00003A   28           ADD     A,R0
   \   00003B   C3           CLR     C
   \   00003C   940C         SUBB    A,#0xc
   \   00003E   5004         JNC     ??halGetJoyKeyInput_6
    407              {
    408                ksave0 |= HAL_KEY_CENTER;
   \   000040   E9           MOV     A,R1
   \   000041   D2E2         SETB    0xE0 /* A   */.2
   \                     ??halGetJoyKeyInput_2:
   \   000043   F9           MOV     R1,A
    409              }
    410            } while (ksave0 != ksave1);
   \                     ??halGetJoyKeyInput_6:
   \   000044   EA           MOV     A,R2
   \   000045   69           XRL     A,R1
   \   000046   70BA         JNZ     ??halGetJoyKeyInput_0
    411          
    412            return ksave0;
   \   000048   02....       LJMP    ?BRET
    413          }
    414          
    415          
    416          
    417          
    418          
    419          /**************************************************************************************************
    420           * @fn      halProcessKeyInterrupt
    421           *
    422           * @brief   Checks to see if it's a valid key interrupt, saves interrupt driven key states for
    423           *          processing by HalKeyRead(), and debounces keys by scheduling HalKeyRead() 25ms later.
    424           *
    425           * @param
    426           *
    427           * @return
    428           **************************************************************************************************/

   \                                 In  segment BANKED_CODE, align 1, keep-with-next
    429          void halProcessKeyInterrupt (void)
   \                     halProcessKeyInterrupt:
    430          {
   \   000000   C082         PUSH    DPL
   \   000002   C083         PUSH    DPH
   \   000004                ; Saved register size: 2
   \   000004                ; Auto size: 0
    431            bool valid=FALSE;
    432          
    433            if (HAL_KEY_SW_6_PXIFG & HAL_KEY_SW_6_BIT)  /* Interrupt Flag has been set */
   \   000004   E589         MOV     A,0x89
   \   000006   A2E0         MOV     C,0xE0 /* A   */.0
   \   000008   5013         JNC     ??halProcessKeyInterrupt_0
    434            {
    435              HAL_KEY_SW_6_PXIFG = ~(HAL_KEY_SW_6_BIT); /* Clear Interrupt Flag */
   \   00000A   7589FE       MOV     0x89,#-0x2
    436              valid = TRUE;
    437            }
    438          
    439          //  if (HAL_KEY_JOY_MOVE_PXIFG & HAL_KEY_JOY_MOVE_BIT)  /* Interrupt Flag has been set */
    440          //  {
    441          //    HAL_KEY_JOY_MOVE_PXIFG = ~(HAL_KEY_JOY_MOVE_BIT); /* Clear Interrupt Flag */
    442          //    valid = TRUE;
    443          //  }
    444          
    445            if (valid)
    446            {
    447              osal_start_timerEx (Hal_TaskID, HAL_KEY_EVENT, HAL_KEY_DEBOUNCE_VALUE);
   \   00000D                ; Setup parameters for call to function osal_start_timerEx
   \   00000D   7C19         MOV     R4,#0x19
   \   00000F   7D00         MOV     R5,#0x0
   \   000011   7A01         MOV     R2,#0x1
   \   000013   7B00         MOV     R3,#0x0
   \   000015   90....       MOV     DPTR,#Hal_TaskID
   \   000018   E0           MOVX    A,@DPTR
   \   000019   F9           MOV     R1,A
   \   00001A   12....       LCALL   ??osal_start_timerEx?relay
    448            }
    449          }
   \                     ??halProcessKeyInterrupt_0:
   \   00001D                REQUIRE ?Subroutine0
   \   00001D                REQUIRE P0IFG
   \   00001D                ; // Fall through to label ?Subroutine0
    450          
    451          /**************************************************************************************************
    452           * @fn      HalKeyEnterSleep
    453           *
    454           * @brief  - Get called to enter sleep mode
    455           *
    456           * @param
    457           *
    458           * @return
    459           **************************************************************************************************/

   \                                 In  segment BANKED_CODE, align 1, keep-with-next
    460          void HalKeyEnterSleep ( void )
   \                     HalKeyEnterSleep:
    461          {
   \   000000                ; Saved register size: 0
   \   000000                ; Auto size: 0
    462          }
   \   000000   02....       LJMP    ?BRET
    463          
    464          /**************************************************************************************************
    465           * @fn      HalKeyExitSleep
    466           *
    467           * @brief   - Get called when sleep is over
    468           *
    469           * @param
    470           *
    471           * @return  - return saved keys
    472           **************************************************************************************************/

   \                                 In  segment BANKED_CODE, align 1, keep-with-next
    473          uint8 HalKeyExitSleep ( void )
   \                     HalKeyExitSleep:
    474          {
   \   000000   C082         PUSH    DPL
   \   000002   C083         PUSH    DPH
   \   000004                ; Saved register size: 2
   \   000004                ; Auto size: 0
    475            /* Wake up and read keys */
    476            return ( HalKeyRead () );
   \   000004                ; Setup parameters for call to function HalKeyRead
   \   000004   12....       LCALL   ??HalKeyRead?relay
   \   000007   80..         SJMP    ?Subroutine0
    477          }
    478          
    479          /***************************************************************************************************
    480           *                                    INTERRUPT SERVICE ROUTINE
    481           ***************************************************************************************************/
    482          
    483          /**************************************************************************************************
    484           * @fn      halKeyPort0Isr
    485           *
    486           * @brief   Port0 ISR
    487           *
    488           * @param
    489           *
    490           * @return
    491           **************************************************************************************************/

   \                                 In  segment NEAR_CODE, align 1, keep-with-next
    492          HAL_ISR_FUNCTION( halKeyPort0Isr, P0INT_VECTOR )
   \                     halKeyPort0Isr:
    493          {
   \   000000   C0E0         PUSH    A
   \   000002   74F2         MOV     A,#-0xe
   \   000004   12....       LCALL   ?INTERRUPT_ENTER_XSP
   \   000007                ; Saved register size: 15
   \   000007                ; Auto size: 0
    494            HAL_ENTER_ISR();
   \   000007   A2AF         MOV     C,0xa8.7
   \   000009   E4           CLR     A
   \   00000A   33           RLC     A
   \   00000B   FE           MOV     R6,A
   \   00000C   D2AF         SETB    0xa8.7
    495          
    496            if (HAL_KEY_SW_6_PXIFG & HAL_KEY_SW_6_BIT)
   \   00000E   E589         MOV     A,0x89
   \   000010   A2E0         MOV     C,0xE0 /* A   */.0
   \   000012   5003         JNC     ??halKeyPort0Isr_0
    497            {
    498              halProcessKeyInterrupt();
   \   000014                ; Setup parameters for call to function halProcessKeyInterrupt
   \   000014   12....       LCALL   ??halProcessKeyInterrupt?relay
    499            }
    500          
    501            /*
    502              Clear the CPU interrupt flag for Port_0
    503              PxIFG has to be cleared before PxIF
    504            */
    505            HAL_KEY_SW_6_PXIFG = 0;
   \                     ??halKeyPort0Isr_0:
   \   000017   758900       MOV     0x89,#0x0
    506            HAL_KEY_CPU_PORT_0_IF = 0;
   \   00001A   C2C5         CLR     0xc0.5
    507          
    508            CLEAR_SLEEP_MODE();
    509            HAL_EXIT_ISR();
   \   00001C   EE           MOV     A,R6
   \   00001D   A2E0         MOV     C,0xE0 /* A   */.0
   \   00001F   92AF         MOV     0xa8.7,C
    510          }
   \   000021   7F01         MOV     R7,#0x1
   \   000023   02....       LJMP    ?INTERRUPT_LEAVE_XSP
   \   000026                REQUIRE _A_IEN0
   \   000026                REQUIRE P0IFG
   \   000026                REQUIRE _A_IRCON
    511          
    512          
    513          /**************************************************************************************************
    514           * @fn      halKeyPort2Isr
    515           *
    516           * @brief   Port2 ISR
    517           *
    518           * @param
    519           *
    520           * @return
    521           **************************************************************************************************/

   \                                 In  segment NEAR_CODE, align 1, keep-with-next
    522          HAL_ISR_FUNCTION( halKeyPort2Isr, P2INT_VECTOR )
   \                     halKeyPort2Isr:
    523          {
   \   000000   C0E0         PUSH    A
   \   000002   C0D0         PUSH    PSW
   \   000004   E8           MOV     A,R0
   \   000005   C0E0         PUSH    A
   \   000007                ; Saved register size: 3
   \   000007                ; Auto size: 0
    524            HAL_ENTER_ISR();
   \   000007   E5A8         MOV     A,0xa8
   \   000009   D2AF         SETB    0xa8.7
    525          
    526          //  if (HAL_KEY_JOY_MOVE_PXIFG & HAL_KEY_JOY_MOVE_BIT)
    527          //  {
    528          //    halProcessKeyInterrupt();
    529          //  }
    530          
    531            /*
    532              Clear the CPU interrupt flag for Port_2
    533              PxIFG has to be cleared before PxIF
    534              Notes: P2_1 and P2_2 are debug lines.
    535            */
    536            //HAL_KEY_JOY_MOVE_PXIFG = 0;
    537            HAL_KEY_CPU_PORT_2_IF = 0;
   \   00000B   C2E8         CLR     0xe8.0
    538          
    539            CLEAR_SLEEP_MODE();
    540            HAL_EXIT_ISR();
   \   00000D   A2E7         MOV     C,0xE0 /* A   */.7
   \   00000F   92AF         MOV     0xa8.7,C
    541          }
   \   000011   D0E0         POP     A
   \   000013   F8           MOV     R0,A
   \   000014   D0D0         POP     PSW
   \   000016   D0E0         POP     A
   \   000018   32           RETI
   \   000019                REQUIRE _A_IEN0
   \   000019                REQUIRE _A_IRCON2

   \                                 In  segment INTVEC, offset 0x33, root
   \                     `??halKeyPort2Isr??INTVEC 51`:
   \   000033   02....       LJMP       (halKeyPort2Isr)

   \                                 In  segment INTVEC, offset 0x6b, root
   \                     `??halKeyPort0Isr??INTVEC 107`:
   \   00006B   02....       LJMP       (halKeyPort0Isr)

   \                                 In  segment BANK_RELAYS, align 1
   \                     ??HalKeyInit?relay:
   \   000000   12....       LCALL   ?BDISPATCH
   \   000003   ......       DC24    HalKeyInit

   \                                 In  segment BANK_RELAYS, align 1
   \                     ??HalKeyConfig?relay:
   \   000000   12....       LCALL   ?BDISPATCH
   \   000003   ......       DC24    HalKeyConfig

   \                                 In  segment BANK_RELAYS, align 1
   \                     ??HalKeyRead?relay:
   \   000000   12....       LCALL   ?BDISPATCH
   \   000003   ......       DC24    HalKeyRead

   \                                 In  segment BANK_RELAYS, align 1
   \                     ??HalKeyPoll?relay:
   \   000000   12....       LCALL   ?BDISPATCH
   \   000003   ......       DC24    HalKeyPoll

   \                                 In  segment BANK_RELAYS, align 1
   \                     ??halGetJoyKeyInput?relay:
   \   000000   12....       LCALL   ?BDISPATCH
   \   000003   ......       DC24    halGetJoyKeyInput

   \                                 In  segment BANK_RELAYS, align 1
   \                     ??halProcessKeyInterrupt?relay:
   \   000000   12....       LCALL   ?BDISPATCH
   \   000003   ......       DC24    halProcessKeyInterrupt

   \                                 In  segment BANK_RELAYS, align 1
   \                     ??HalKeyEnterSleep?relay:
   \   000000   12....       LCALL   ?BDISPATCH
   \   000003   ......       DC24    HalKeyEnterSleep

   \                                 In  segment BANK_RELAYS, align 1
   \                     ??HalKeyExitSleep?relay:
   \   000000   12....       LCALL   ?BDISPATCH
   \   000003   ......       DC24    HalKeyExitSleep
    542          
    543          #else
    544          
    545          
    546          void HalKeyInit(void){}
    547          void HalKeyConfig(bool interruptEnable, halKeyCBack_t cback){}
    548          uint8 HalKeyRead(void){ return 0;}
    549          void HalKeyPoll(void){}
    550          
    551          #endif /* HAL_KEY */
    552          
    553          
    554          
    555          
    556          
    557          /**************************************************************************************************
    558          **************************************************************************************************/
    559          
    560          
    561          

   Maximum stack usage in bytes:

     Function                    ISTACK PSTACK XSTACK
     --------                    ------ ------ ------
     HalKeyConfig                    0      0      9
       -> osal_stop_timerEx          0      0     18
       -> osal_set_event             0      0     18
     HalKeyEnterSleep                0      0      0
     HalKeyExitSleep                 2      0      0
       -> HalKeyRead                 4      0      0
     HalKeyInit                      2      0      0
     HalKeyPoll                      2      0      0
     HalKeyRead                      0      0      0
     halGetJoyKeyInput               0      0      0
     halKeyPort0Isr                 15      0      0
       -> halProcessKeyInterrupt    30      0      0
     halKeyPort2Isr                  3      0      0
     halProcessKeyInterrupt          2      0      0
       -> osal_start_timerEx         4      0      0


   Segment part sizes:

     Function/Label                 Bytes
     --------------                 -----
     _A_P0                             1
     P0IFG                             1
     PICTL                             1
     _A_IEN0                           1
     P0IEN                             1
     _A_IEN1                           1
     _A_IRCON                          1
     _A_IRCON2                         1
     P0SEL                             1
     P0DIR                             1
     halKeySavedKeys                   1
     pHalKeyProcessFunction            2
     HalKeyConfigured                  1
     Hal_KeyIntEnable                  1
     HalKeyInit                       28
     ?Subroutine0                      7
     HalKeyConfig                     87
     HalKeyRead                       11
     HalKeyPoll                       48
     halGetJoyKeyInput                75
     halProcessKeyInterrupt           29
     HalKeyEnterSleep                  3
     HalKeyExitSleep                   9
     halKeyPort0Isr                   38
     halKeyPort2Isr                   25
     ??halKeyPort2Isr??INTVEC 51       3
     ??halKeyPort0Isr??INTVEC 107      3
     ??HalKeyInit?relay                6
     ??HalKeyConfig?relay              6
     ??HalKeyRead?relay                6
     ??HalKeyPoll?relay                6
     ??halGetJoyKeyInput?relay         6
     ??halProcessKeyInterrupt?relay    6
     ??HalKeyEnterSleep?relay          6
     ??HalKeyExitSleep?relay           6

 
 297 bytes in segment BANKED_CODE
  48 bytes in segment BANK_RELAYS
   6 bytes in segment INTVEC
  63 bytes in segment NEAR_CODE
  10 bytes in segment SFR_AN
   5 bytes in segment XDATA_Z
 
 408 bytes of CODE  memory (+  6 bytes shared)
   0 bytes of DATA  memory (+ 10 bytes shared)
   5 bytes of XDATA memory

Errors: none
Warnings: none
