###############################################################################
#                                                                             #
# IAR C/C++ Compiler V8.10.1.10194/W32 for 8051         23/Aug/2019  20:21:14 #
# Copyright 2004-2011 IAR Systems AB.                                         #
#                                                                             #
#    Core               =  plain                                              #
#    Code model         =  banked                                             #
#    Data model         =  large                                              #
#    Calling convention =  xdata reentrant                                    #
#    Constant location  =  data_rom                                           #
#    Dptr setup         =  1,16                                               #
#    Source file        =  D:\ZStack-CC2530-2.5.1a\Projects\zstack\Samples\Sa #
#                          mpleApp\Source\SampleApp.c                         #
#    Command line       =  -f D:\ZStack-CC2530-2.5.1a\Projects\zstack\Samples #
#                          \SampleApp\CC2530DB\..\..\..\Tools\CC2530DB\f8wEnd #
#                          ev.cfg (-DCPU32MHZ -DROOT=__near_func              #
#                          -DMAC_CFG_TX_DATA_MAX=3 -DMAC_CFG_TX_MAX=6         #
#                          -DMAC_CFG_RX_MAX=3) -f D:\ZStack-CC2530-2.5.1a\Pro #
#                          jects\zstack\Samples\SampleApp\CC2530DB\..\..\..\T #
#                          ools\CC2530DB\f8wConfig.cfg (-DZIGBEEPRO           #
#                          -DSECURE=0 -DZG_SECURE_DYNAMIC=0 -DREFLECTOR       #
#                          -DDEFAULT_CHANLIST=0x00000800                      #
#                          -DZDAPP_CONFIG_PAN_ID=0xFFFF                       #
#                          -DNWK_START_DELAY=100 -DEXTENDED_JOINING_RANDOM_MA #
#                          SK=0x007F -DBEACON_REQUEST_DELAY=100               #
#                          -DBEACON_REQ_DELAY_MASK=0x00FF                     #
#                          -DLINK_STATUS_JITTER_MASK=0x007F                   #
#                          -DROUTE_EXPIRY_TIME=30 -DAPSC_ACK_WAIT_DURATION_PO #
#                          LLED=3000 -DNWK_INDIRECT_MSG_TIMEOUT=7             #
#                          -DMAX_RREQ_ENTRIES=8 -DAPSC_MAX_FRAME_RETRIES=3    #
#                          -DNWK_MAX_DATA_RETRIES=2                           #
#                          -DMAX_POLL_FAILURE_RETRIES=2 -DMAX_BCAST=9         #
#                          -DAPS_MAX_GROUPS=16 -DMAX_RTG_ENTRIES=40           #
#                          -DNWK_MAX_BINDING_ENTRIES=4                        #
#                          -DMAX_BINDING_CLUSTER_IDS=4 "-DDEFAULT_KEY={0x01,  #
#                          0x03, 0x05, 0x07, 0x09, 0x0B, 0x0D, 0x0F, 0x00,    #
#                          0x02, 0x04, 0x06, 0x08, 0x0A, 0x0C, 0x0D}"         #
#                          -DMAC_MAX_FRAME_SIZE=116                           #
#                          -DZDNWKMGR_MIN_TRANSMISSIONS=20 "-DCONST=const     #
#                          __code" -DGENERIC=__generic                        #
#                          -DRFD_RCVC_ALWAYS_ON=FALSE -DPOLL_RATE=1000        #
#                          -DQUEUED_POLL_RATE=100 -DRESPONSE_POLL_RATE=100)   #
#                          -DREJOIN_POLL_RATE=440 D:\ZStack-CC2530-2.5.1a\Pro #
#                          jects\zstack\Samples\SampleApp\Source\SampleApp.c  #
#                          -D NWK_AUTO_POLL -D ZTOOL_P1 -D xMT_TASK -D        #
#                          xMT_SYS_FUNC -D xMT_ZDO_FUNC -D                    #
#                          xLCD_SUPPORTED=DEBUG -lC                           #
#                          D:\ZStack-CC2530-2.5.1a\Projects\zstack\Samples\Sa #
#                          mpleApp\CC2530DB\EndDeviceEB\List\ -lA             #
#                          D:\ZStack-CC2530-2.5.1a\Projects\zstack\Samples\Sa #
#                          mpleApp\CC2530DB\EndDeviceEB\List\                 #
#                          --diag_suppress Pe001,Pa010 -o                     #
#                          D:\ZStack-CC2530-2.5.1a\Projects\zstack\Samples\Sa #
#                          mpleApp\CC2530DB\EndDeviceEB\Obj\ -e               #
#                          --no_code_motion --debug --core=plain --dptr=16,1  #
#                          --data_model=large --code_model=banked             #
#                          --calling_convention=xdata_reentrant               #
#                          --place_constants=data_rom --nr_virtual_regs 16    #
#                          -I D:\ZStack-CC2530-2.5.1a\Projects\zstack\Samples #
#                          \SampleApp\CC2530DB\ -I D:\ZStack-CC2530-2.5.1a\Pr #
#                          ojects\zstack\Samples\SampleApp\CC2530DB\..\Source #
#                          \ -I D:\ZStack-CC2530-2.5.1a\Projects\zstack\Sampl #
#                          es\SampleApp\CC2530DB\..\..\..\ZMain\TI2530DB\ -I  #
#                          D:\ZStack-CC2530-2.5.1a\Projects\zstack\Samples\Sa #
#                          mpleApp\CC2530DB\..\..\..\..\..\Components\hal\inc #
#                          lude\ -I D:\ZStack-CC2530-2.5.1a\Projects\zstack\S #
#                          amples\SampleApp\CC2530DB\..\..\..\..\..\Component #
#                          s\hal\target\CC2530EB\ -I                          #
#                          D:\ZStack-CC2530-2.5.1a\Projects\zstack\Samples\Sa #
#                          mpleApp\CC2530DB\..\..\..\..\..\Components\mac\inc #
#                          lude\ -I D:\ZStack-CC2530-2.5.1a\Projects\zstack\S #
#                          amples\SampleApp\CC2530DB\..\..\..\..\..\Component #
#                          s\mac\high_level\ -I D:\ZStack-CC2530-2.5.1a\Proje #
#                          cts\zstack\Samples\SampleApp\CC2530DB\..\..\..\..\ #
#                          ..\Components\mac\low_level\srf04\ -I              #
#                          D:\ZStack-CC2530-2.5.1a\Projects\zstack\Samples\Sa #
#                          mpleApp\CC2530DB\..\..\..\..\..\Components\mac\low #
#                          _level\srf04\single_chip\ -I                       #
#                          D:\ZStack-CC2530-2.5.1a\Projects\zstack\Samples\Sa #
#                          mpleApp\CC2530DB\..\..\..\..\..\Components\mt\ -I  #
#                          D:\ZStack-CC2530-2.5.1a\Projects\zstack\Samples\Sa #
#                          mpleApp\CC2530DB\..\..\..\..\..\Components\osal\in #
#                          clude\ -I D:\ZStack-CC2530-2.5.1a\Projects\zstack\ #
#                          Samples\SampleApp\CC2530DB\..\..\..\..\..\Componen #
#                          ts\services\saddr\ -I D:\ZStack-CC2530-2.5.1a\Proj #
#                          ects\zstack\Samples\SampleApp\CC2530DB\..\..\..\.. #
#                          \..\Components\services\sdata\ -I                  #
#                          D:\ZStack-CC2530-2.5.1a\Projects\zstack\Samples\Sa #
#                          mpleApp\CC2530DB\..\..\..\..\..\Components\stack\a #
#                          f\ -I D:\ZStack-CC2530-2.5.1a\Projects\zstack\Samp #
#                          les\SampleApp\CC2530DB\..\..\..\..\..\Components\s #
#                          tack\nwk\ -I D:\ZStack-CC2530-2.5.1a\Projects\zsta #
#                          ck\Samples\SampleApp\CC2530DB\..\..\..\..\..\Compo #
#                          nents\stack\sapi\ -I D:\ZStack-CC2530-2.5.1a\Proje #
#                          cts\zstack\Samples\SampleApp\CC2530DB\..\..\..\..\ #
#                          ..\Components\stack\sec\ -I                        #
#                          D:\ZStack-CC2530-2.5.1a\Projects\zstack\Samples\Sa #
#                          mpleApp\CC2530DB\..\..\..\..\..\Components\stack\s #
#                          ys\ -I D:\ZStack-CC2530-2.5.1a\Projects\zstack\Sam #
#                          ples\SampleApp\CC2530DB\..\..\..\..\..\Components\ #
#                          stack\zdo\ -I D:\ZStack-CC2530-2.5.1a\Projects\zst #
#                          ack\Samples\SampleApp\CC2530DB\..\..\..\..\..\Comp #
#                          onents\zmac\ -I D:\ZStack-CC2530-2.5.1a\Projects\z #
#                          stack\Samples\SampleApp\CC2530DB\..\..\..\..\..\Co #
#                          mponents\zmac\f8w\ -Ohz --require_prototypes       #
#    List file          =  D:\ZStack-CC2530-2.5.1a\Projects\zstack\Samples\Sa #
#                          mpleApp\CC2530DB\EndDeviceEB\List\SampleApp.lst    #
#    Object file        =  D:\ZStack-CC2530-2.5.1a\Projects\zstack\Samples\Sa #
#                          mpleApp\CC2530DB\EndDeviceEB\Obj\SampleApp.r51     #
#                                                                             #
#                                                                             #
###############################################################################

D:\ZStack-CC2530-2.5.1a\Projects\zstack\Samples\SampleApp\Source\SampleApp.c
      1          /**************************************************************************************************
      2            Filename:       SampleApp.c
      3            Revised:        $Date: 2009-03-18 15:56:27 -0700 (Wed, 18 Mar 2009) $
      4            Revision:       $Revision: 19453 $
      5          
      6            Description:    Sample Application (no Profile).
      7          
      8          
      9            Copyright 2007 Texas Instruments Incorporated. All rights reserved.
     10          
     11            IMPORTANT: Your use of this Software is limited to those specific rights
     12            granted under the terms of a software license agreement between the user
     13            who downloaded the software, his/her employer (which must be your employer)
     14            and Texas Instruments Incorporated (the "License").  You may not use this
     15            Software unless you agree to abide by the terms of the License. The License
     16            limits your use, and you acknowledge, that the Software may not be modified,
     17            copied or distributed unless embedded on a Texas Instruments microcontroller
     18            or used solely and exclusively in conjunction with a Texas Instruments radio
     19            frequency transceiver, which is integrated into your product.  Other than for
     20            the foregoing purpose, you may not use, reproduce, copy, prepare derivative
     21            works of, modify, distribute, perform, display or sell this Software and/or
     22            its documentation for any purpose.
     23          
     24            YOU FURTHER ACKNOWLEDGE AND AGREE THAT THE SOFTWARE AND DOCUMENTATION ARE
     25            PROVIDED AS IS?WITHOUT WARRANTY OF ANY KIND, EITHER EXPRESS OR IMPLIED,
     26            INCLUDING WITHOUT LIMITATION, ANY WARRANTY OF MERCHANTABILITY, TITLE,
     27            NON-INFRINGEMENT AND FITNESS FOR A PARTICULAR PURPOSE. IN NO EVENT SHALL
     28            TEXAS INSTRUMENTS OR ITS LICENSORS BE LIABLE OR OBLIGATED UNDER CONTRACT,
     29            NEGLIGENCE, STRICT LIABILITY, CONTRIBUTION, BREACH OF WARRANTY, OR OTHER
     30            LEGAL EQUITABLE THEORY ANY DIRECT OR INDIRECT DAMAGES OR EXPENSES
     31            INCLUDING BUT NOT LIMITED TO ANY INCIDENTAL, SPECIAL, INDIRECT, PUNITIVE
     32            OR CONSEQUENTIAL DAMAGES, LOST PROFITS OR LOST DATA, COST OF PROCUREMENT
     33            OF SUBSTITUTE GOODS, TECHNOLOGY, SERVICES, OR ANY CLAIMS BY THIRD PARTIES
     34            (INCLUDING BUT NOT LIMITED TO ANY DEFENSE THEREOF), OR OTHER SIMILAR COSTS.
     35          
     36            Should you have any questions regarding your right to use this Software,
     37            contact Texas Instruments Incorporated at www.TI.com.
     38          **************************************************************************************************/
     39          
     40          /*********************************************************************
     41            This application isn't intended to do anything useful, it is
     42            intended to be a simple example of an application's structure.
     43          
     44            This application sends it's messages either as broadcast or
     45            broadcast filtered group messages.  The other (more normal)
     46            message addressing is unicast.  Most of the other sample
     47            applications are written to support the unicast message model.
     48          
     49            Key control:
     50              SW1:  Sends a flash command to all devices in Group 1.
     51              SW2:  Adds/Removes (toggles) this device in and out
     52                    of Group 1.  This will enable and disable the
     53                    reception of the flash command.
     54          *********************************************************************/
     55          
     56          /*********************************************************************
     57           * INCLUDES
     58           */
     59          #include "OSAL.h"
     60          #include "ZGlobals.h"
     61          #include "AF.h"
     62          #include "aps_groups.h"
     63          #include "ZDApp.h"
     64          #include "MT.h"  //透传中CMD_SERIAL_MSG的定义
     65          
     66          #include "SampleApp.h"
     67          #include "SampleAppHw.h"
     68          
     69          #include "OnBoard.h"
     70          
     71          /* HAL */
     72          #include "hal_lcd.h"
     73          #include "hal_led.h"
     74          #include "hal_key.h"
     75          
     76          
     77          
     78          //用户引入的头文件
     79          #include "MT_UART.h"
     80          /*********************************************************************
     81           * MACROS
     82           */
     83          
     84          /*********************************************************************
     85           * CONSTANTS
     86           */
     87          
     88          /*********************************************************************
     89           * TYPEDEFS
     90           */
     91          
     92          /*********************************************************************
     93           * GLOBAL VARIABLES
     94           */
     95          
     96          // This list should be filled with Application specific Cluster IDs.

   \                                 In  segment XDATA_ROM_C, align 1
     97          const cId_t SampleApp_ClusterList[SAMPLEAPP_MAX_CLUSTERS] =
   \                     SampleApp_ClusterList:
   \   000000   0100         DW 1
   \   000002   0200         DW 2
   \   000004   0000         DW 0
     98          {
     99            SAMPLEAPP_PERIODIC_CLUSTERID,
    100            SAMPLEAPP_FLASH_CLUSTERID
    101          };
    102          

   \                                 In  segment XDATA_ROM_C, align 1
    103          const SimpleDescriptionFormat_t SampleApp_SimpleDesc =
   \                     SampleApp_SimpleDesc:
   \   000000   14           DB 20
   \   000001   080F         DW 3848
   \   000003   0100         DW 1
   \   000005   00           DB 0
   \   000006   03           DB 3
   \   000007   ....         DW SampleApp_ClusterList
   \   000009   03           DB 3
   \   00000A   ....         DW SampleApp_ClusterList
    104          {
    105            SAMPLEAPP_ENDPOINT,              //  int Endpoint;
    106            SAMPLEAPP_PROFID,                //  uint16 AppProfId[2];
    107            SAMPLEAPP_DEVICEID,              //  uint16 AppDeviceId[2];
    108            SAMPLEAPP_DEVICE_VERSION,        //  int   AppDevVer:4;
    109            SAMPLEAPP_FLAGS,                 //  int   AppFlags:4;
    110            SAMPLEAPP_MAX_CLUSTERS,          //  uint8  AppNumInClusters;
    111            (cId_t *)SampleApp_ClusterList,  //  uint8 *pAppInClusterList;
    112            SAMPLEAPP_MAX_CLUSTERS,          //  uint8  AppNumInClusters;
    113            (cId_t *)SampleApp_ClusterList   //  uint8 *pAppInClusterList;
    114          };
    115          
    116          // This is the Endpoint/Interface description.  It is defined here, but
    117          // filled-in in SampleApp_Init().  Another way to go would be to fill
    118          // in the structure here and make it a "const" (in code space).  The
    119          // way it's defined in this sample app it is define in RAM.

   \                                 In  segment XDATA_Z, align 1, keep-with-next
    120          endPointDesc_t SampleApp_epDesc;
   \                     SampleApp_epDesc:
   \   000000                DS 6
   \   000006                REQUIRE __INIT_XDATA_Z
    121          
    122          /*********************************************************************
    123           * EXTERNAL VARIABLES
    124           */
    125          
    126          /*********************************************************************
    127           * EXTERNAL FUNCTIONS
    128           */
    129          
    130          /*********************************************************************
    131           * LOCAL VARIABLES
    132           */

   \                                 In  segment XDATA_Z, align 1, keep-with-next
    133          uint8 SampleApp_TaskID;   // Task ID for internal task/event processing
   \                     SampleApp_TaskID:
   \   000000                DS 1
   \   000001                REQUIRE __INIT_XDATA_Z
    134                                    // This variable will be received when
    135                                    // SampleApp_Init() is called.

   \                                 In  segment XDATA_Z, align 1, keep-with-next
    136          devStates_t SampleApp_NwkState;
   \                     SampleApp_NwkState:
   \   000000                DS 1
   \   000001                REQUIRE __INIT_XDATA_Z
    137          

   \                                 In  segment XDATA_Z, align 1, keep-with-next
    138          uint8 SampleApp_TransID;  // This is the unique message ID (counter)
   \                     SampleApp_TransID:
   \   000000                DS 1
   \   000001                REQUIRE __INIT_XDATA_Z
    139          

   \                                 In  segment XDATA_Z, align 1, keep-with-next
    140          afAddrType_t SampleApp_Periodic_DstAddr;
   \                     SampleApp_Periodic_DstAddr:
   \   000000                DS 12
   \   00000C                REQUIRE __INIT_XDATA_Z

   \                                 In  segment XDATA_Z, align 1, keep-with-next
    141          afAddrType_t SampleApp_Flash_DstAddr;
   \                     SampleApp_Flash_DstAddr:
   \   000000                DS 12
   \   00000C                REQUIRE __INIT_XDATA_Z
    142          

   \                                 In  segment XDATA_Z, align 1, keep-with-next
    143          aps_Group_t SampleApp_Group;
   \                     SampleApp_Group:
   \   000000                DS 18
   \   000012                REQUIRE __INIT_XDATA_Z
    144          

   \                                 In  segment XDATA_Z, align 1, keep-with-next
    145          uint8 SampleAppPeriodicCounter = 0;
   \                     SampleAppPeriodicCounter:
   \   000000                DS 1
   \   000001                REQUIRE __INIT_XDATA_Z

   \                                 In  segment XDATA_Z, align 1, keep-with-next
    146          uint8 SampleAppFlashCounter = 0;
   \                     SampleAppFlashCounter:
   \   000000                DS 1
   \   000001                REQUIRE __INIT_XDATA_Z
    147          
    148          /*********************************************************************
    149           * LOCAL FUNCTIONS
    150           */
    151          void SampleApp_HandleKeys( uint8 shift, uint8 keys );
    152          void SampleApp_MessageMSGCB( afIncomingMSGPacket_t *pckt );
    153          void SampleApp_SendPeriodicMessage( void );
    154          void SampleApp_SendFlashMessage( uint16 flashTime );
    155          void SampleApp_SerialCMD(mtOSALSerialData_t *cmdMsg);
    156          
    157          /*********************************************************************
    158           * NETWORK LAYER CALLBACKS
    159           */
    160          
    161          /*********************************************************************
    162           * PUBLIC FUNCTIONS
    163           */
    164          
    165          /*********************************************************************
    166           * @fn      SampleApp_Init
    167           *
    168           * @brief   Initialization function for the Generic App Task.
    169           *          This is called during initialization and should contain
    170           *          any application specific initialization (ie. hardware
    171           *          initialization/setup, table initialization, power up
    172           *          notificaiton ... ).
    173           *
    174           * @param   task_id - the ID assigned by OSAL.  This ID should be
    175           *                    used to send messages and set timers.
    176           *
    177           * @return  none
    178           */

   \                                 In  segment BANKED_CODE, align 1, keep-with-next
    179          void SampleApp_Init( uint8 task_id )
   \                     SampleApp_Init:
    180          {
   \   000000   74F5         MOV     A,#-0xb
   \   000002   12....       LCALL   ?BANKED_ENTER_XDATA
   \   000005                ; Saved register size: 11
   \   000005                ; Auto size: 0
   \   000005   E9           MOV     A,R1
   \   000006   FE           MOV     R6,A
    181            SampleApp_TaskID = task_id;
   \   000007   90....       MOV     DPTR,#SampleApp_TaskID
   \   00000A   F0           MOVX    @DPTR,A
    182            SampleApp_NwkState = DEV_INIT;
   \   00000B   90....       MOV     DPTR,#SampleApp_NwkState
   \   00000E   7401         MOV     A,#0x1
   \   000010   F0           MOVX    @DPTR,A
    183            SampleApp_TransID = 0;
   \   000011   90....       MOV     DPTR,#SampleApp_TransID
   \   000014   E4           CLR     A
   \   000015   F0           MOVX    @DPTR,A
    184            MT_UartInit(); //初始化UART
   \   000016                ; Setup parameters for call to function MT_UartInit
   \   000016   12....       LCALL   ??MT_UartInit?relay
    185            MT_UartRegisterTaskID(task_id);// 登记任务号
   \   000019                ; Setup parameters for call to function MT_UartRegisterTaskID
   \   000019   EE           MOV     A,R6
   \   00001A   F9           MOV     R1,A
   \   00001B   12....       LCALL   ??MT_UartRegisterTaskID?relay
    186            HalUARTWrite(0, "Hello World\n", 12); // （串口 0 ，'字符’,字符个数）
   \   00001E                ; Setup parameters for call to function HalUARTWrite
   \   00001E   7C0C         MOV     R4,#0xc
   \   000020   7D00         MOV     R5,#0x0
   \   000022   7A..         MOV     R2,#`?<Constant "Hello World\\n">` & 0xff
   \   000024   7B..         MOV     R3,#(`?<Constant "Hello World\\n">` >> 8) & 0xff
   \   000026   7900         MOV     R1,#0x0
   \   000028   12....       LCALL   ??HalUARTWrite?relay
    187          
    188          
    189          
    190          
    191          
    192          
    193          
    194            // Device hardware initialization can be added here or in main() (Zmain.c).
    195            // If the hardware is application specific - add it here.
    196            // If the hardware is other parts of the device add it in main().
    197          
    198           #if defined ( BUILD_ALL_DEVICES )
    199            // The "Demo" target is setup to have BUILD_ALL_DEVICES and HOLD_AUTO_START
    200            // We are looking at a jumper (defined in SampleAppHw.c) to be jumpered
    201            // together - if they are - we will start up a coordinator. Otherwise,
    202            // the device will start as a router.
    203            if ( readCoordinatorJumper() )
    204              zgDeviceLogicalType = ZG_DEVICETYPE_COORDINATOR;
    205            else
    206              zgDeviceLogicalType = ZG_DEVICETYPE_ROUTER;
    207          #endif // BUILD_ALL_DEVICES
    208          
    209          #if defined ( HOLD_AUTO_START )
    210            // HOLD_AUTO_START is a compile option that will surpress ZDApp
    211            //  from starting the device and wait for the application to
    212            //  start the device.
    213            ZDOInitDevice(0);
    214          #endif
    215          
    216            // Setup for the periodic message's destination address
    217            // Broadcast to everyone
    218            SampleApp_Periodic_DstAddr.addrMode = (afAddrMode_t)AddrBroadcast;
   \   00002B   90....       MOV     DPTR,#SampleApp_Periodic_DstAddr + 8
   \   00002E   740F         MOV     A,#0xf
   \   000030   F0           MOVX    @DPTR,A
    219            SampleApp_Periodic_DstAddr.endPoint = SAMPLEAPP_ENDPOINT;
   \   000031   A3           INC     DPTR
   \   000032   7414         MOV     A,#0x14
   \   000034   F0           MOVX    @DPTR,A
    220            SampleApp_Periodic_DstAddr.addr.shortAddr = 0xFFFF;
   \   000035   90....       MOV     DPTR,#SampleApp_Periodic_DstAddr
   \   000038   74FF         MOV     A,#-0x1
   \   00003A   F0           MOVX    @DPTR,A
   \   00003B   A3           INC     DPTR
   \   00003C   F0           MOVX    @DPTR,A
    221          
    222            // Setup for the flash command's destination address - Group 1
    223            SampleApp_Flash_DstAddr.addrMode = (afAddrMode_t)afAddrGroup;
   \   00003D   90....       MOV     DPTR,#SampleApp_Flash_DstAddr + 8
   \   000040   7401         MOV     A,#0x1
   \   000042   F0           MOVX    @DPTR,A
    224            SampleApp_Flash_DstAddr.endPoint = SAMPLEAPP_ENDPOINT;
   \   000043   A3           INC     DPTR
   \   000044   7414         MOV     A,#0x14
   \   000046   F0           MOVX    @DPTR,A
    225            SampleApp_Flash_DstAddr.addr.shortAddr = SAMPLEAPP_FLASH_GROUP;
   \   000047   90....       MOV     DPTR,#SampleApp_Flash_DstAddr
   \   00004A   7401         MOV     A,#0x1
   \   00004C   F0           MOVX    @DPTR,A
   \   00004D   A3           INC     DPTR
   \   00004E   E4           CLR     A
   \   00004F   F0           MOVX    @DPTR,A
    226          
    227            // Fill out the endpoint description.
    228            SampleApp_epDesc.endPoint = SAMPLEAPP_ENDPOINT;
   \   000050   90....       MOV     DPTR,#SampleApp_epDesc
   \   000053   7414         MOV     A,#0x14
   \   000055   F0           MOVX    @DPTR,A
    229            SampleApp_epDesc.task_id = &SampleApp_TaskID;
   \   000056   A3           INC     DPTR
   \   000057   74..         MOV     A,#SampleApp_TaskID & 0xff
   \   000059   F0           MOVX    @DPTR,A
   \   00005A   A3           INC     DPTR
   \   00005B   74..         MOV     A,#(SampleApp_TaskID >> 8) & 0xff
   \   00005D   F0           MOVX    @DPTR,A
    230            SampleApp_epDesc.simpleDesc
    231                      = (SimpleDescriptionFormat_t *)&SampleApp_SimpleDesc;
   \   00005E   A3           INC     DPTR
   \   00005F   74..         MOV     A,#SampleApp_SimpleDesc & 0xff
   \   000061   F0           MOVX    @DPTR,A
   \   000062   A3           INC     DPTR
   \   000063   74..         MOV     A,#(SampleApp_SimpleDesc >> 8) & 0xff
   \   000065   F0           MOVX    @DPTR,A
    232            SampleApp_epDesc.latencyReq = noLatencyReqs;
   \   000066   A3           INC     DPTR
   \   000067   E4           CLR     A
   \   000068   F0           MOVX    @DPTR,A
    233          
    234            // Register the endpoint description with the AF
    235            afRegister( &SampleApp_epDesc );
   \   000069                ; Setup parameters for call to function afRegister
   \   000069   7A..         MOV     R2,#SampleApp_epDesc & 0xff
   \   00006B   7B..         MOV     R3,#(SampleApp_epDesc >> 8) & 0xff
   \   00006D   12....       LCALL   ??afRegister?relay
    236          
    237            // Register for all key events - This app will handle all key events
    238            RegisterForKeys( SampleApp_TaskID );
   \   000070                ; Setup parameters for call to function RegisterForKeys
   \   000070   90....       MOV     DPTR,#SampleApp_TaskID
   \   000073   E0           MOVX    A,@DPTR
   \   000074   F9           MOV     R1,A
   \   000075   12....       LCALL   ??RegisterForKeys?relay
    239          
    240            // By default, all devices start out in Group 1
    241            SampleApp_Group.ID = 0x0001;
   \   000078   90....       MOV     DPTR,#SampleApp_Group
   \   00007B   7401         MOV     A,#0x1
   \   00007D   F0           MOVX    @DPTR,A
   \   00007E   A3           INC     DPTR
   \   00007F   E4           CLR     A
   \   000080   F0           MOVX    @DPTR,A
    242            osal_memcpy( SampleApp_Group.name, "Group 1", 7  );
   \   000081                ; Setup parameters for call to function osal_memcpy
   \   000081   75....       MOV     ?V0 + 0,#`?<Constant "Group 1">` & 0xff
   \   000084   75....       MOV     ?V0 + 1,#(`?<Constant "Group 1">` >> 8) & 0xff
   \   000087   F5..         MOV     ?V0 + 2,A
   \   000089   78..         MOV     R0,#?V0 + 0
   \   00008B   12....       LCALL   ?PUSH_XSTACK_I_THREE
   \   00008E   7C07         MOV     R4,#0x7
   \   000090   7D00         MOV     R5,#0x0
   \   000092   7A..         MOV     R2,#(SampleApp_Group + 2) & 0xff
   \   000094   7B..         MOV     R3,#((SampleApp_Group + 2) >> 8) & 0xff
   \   000096   12....       LCALL   ??osal_memcpy?relay
   \   000099   7403         MOV     A,#0x3
   \   00009B   12....       LCALL   ?DEALLOC_XSTACK8
    243            aps_AddGroup( SAMPLEAPP_ENDPOINT, &SampleApp_Group );
   \   00009E                ; Setup parameters for call to function aps_AddGroup
   \   00009E   7A..         MOV     R2,#SampleApp_Group & 0xff
   \   0000A0   7B..         MOV     R3,#(SampleApp_Group >> 8) & 0xff
   \   0000A2   7914         MOV     R1,#0x14
   \   0000A4   12....       LCALL   ??aps_AddGroup?relay
    244          
    245          #if defined ( LCD_SUPPORTED )
    246            HalLcdWriteString( "SampleApp", HAL_LCD_LINE_1 );
    247          #endif
    248          }
   \   0000A7   7F03         MOV     R7,#0x3
   \   0000A9   02....       LJMP    ?BANKED_LEAVE_XDATA
    249          
    250          /*********************************************************************
    251           * @fn      SampleApp_ProcessEvent
    252           *
    253           * @brief   Generic Application Task event processor.  This function
    254           *          is called to process all events for the task.  Events
    255           *          include timers, messages and any other user defined events.
    256           *
    257           * @param   task_id  - The OSAL assigned task ID.
    258           * @param   events - events to process.  This is a bit map and can
    259           *                   contain more than one event.
    260           *
    261           * @return  none
    262           */

   \                                 In  segment BANKED_CODE, align 1, keep-with-next
    263          uint16 SampleApp_ProcessEvent( uint8 task_id, uint16 events )
   \                     SampleApp_ProcessEvent:
    264          {
   \   000000   74F4         MOV     A,#-0xc
   \   000002   12....       LCALL   ?BANKED_ENTER_XDATA
   \   000005                ; Saved register size: 12
   \   000005                ; Auto size: 0
   \   000005   EA           MOV     A,R2
   \   000006   FE           MOV     R6,A
   \   000007   EB           MOV     A,R3
   \   000008   FF           MOV     R7,A
    265            afIncomingMSGPacket_t *MSGpkt;
    266            (void)task_id;  // Intentionally unreferenced parameter
    267          
    268            if ( events & SYS_EVENT_MSG ) //系统信息发送事件
   \   000009   5480         ANL     A,#0x80
   \   00000B   7003         JNZ     $+5
   \   00000D   02....       LJMP    ??SampleApp_ProcessEvent_0 & 0xFFFF
    269            {
    270              MSGpkt = (afIncomingMSGPacket_t *)osal_msg_receive( SampleApp_TaskID );
   \   000010                ; Setup parameters for call to function osal_msg_receive
   \   000010   802B         SJMP    ??SampleApp_ProcessEvent_1
    271              while ( MSGpkt )
    272              {
    273                switch ( MSGpkt->hdr.event )
    274                {
    275                  case CMD_SERIAL_MSG:    // 串口收到数据后由MT_UART层传递过的数据，用网蜂方法接收，编译时不定义MT相关内容
    276                      SampleApp_SerialCMD((mtOSALSerialData_t *)MSGpkt);
    277                      break;
    278          
    279                  // Received when a key is pressed
    280                  case KEY_CHANGE: //按键事件及处理函数
    281                    HalUARTWrite(0, "KEY ", 4);
    282                    SampleApp_HandleKeys( ((keyChange_t *)MSGpkt)->state, ((keyChange_t *)MSGpkt)->keys );
    283                    break;
    284          
    285                  // Received when a messages is received (OTA) for this endpoint
    286                  // 接收处理函数
    287                  case AF_INCOMING_MSG_CMD:
    288                    SampleApp_MessageMSGCB( MSGpkt );
    289                    break;
    290          
    291                  // Received whenever the device changes state in the network
    292                  case ZDO_STATE_CHANGE:  //网络状态改变，如未连接上网络
    293                    SampleApp_NwkState = (devStates_t)(MSGpkt->hdr.status);
   \                     ??SampleApp_ProcessEvent_2:
   \   000012   A3           INC     DPTR
   \   000013   E0           MOVX    A,@DPTR
   \   000014   90....       MOV     DPTR,#SampleApp_NwkState
   \   000017   F0           MOVX    @DPTR,A
    294                    if ( (SampleApp_NwkState == DEV_ZB_COORD) //协调器
    295                        || (SampleApp_NwkState == DEV_ROUTER) //路由器
    296                        || (SampleApp_NwkState == DEV_END_DEVICE) ) //终端 都执行
   \   000018   6409         XRL     A,#0x9
   \   00001A   600A         JZ      ??SampleApp_ProcessEvent_3
   \   00001C   E0           MOVX    A,@DPTR
   \   00001D   6407         XRL     A,#0x7
   \   00001F   6005         JZ      ??SampleApp_ProcessEvent_3
   \   000021   E0           MOVX    A,@DPTR
   \   000022   6406         XRL     A,#0x6
   \   000024   7010         JNZ     ??SampleApp_ProcessEvent_4
    297                    {
    298                      // Start sending the periodic message in a regular interval.
    299                      osal_start_timerEx( SampleApp_TaskID,
    300                                        SAMPLEAPP_SEND_PERIODIC_MSG_EVT,
    301                                        SAMPLEAPP_SEND_PERIODIC_MSG_TIMEOUT );
   \                     ??SampleApp_ProcessEvent_3:
   \   000026                ; Setup parameters for call to function osal_start_timerEx
   \   000026   7C88         MOV     R4,#-0x78
   \   000028   7D13         MOV     R5,#0x13
   \   00002A   7A01         MOV     R2,#0x1
   \   00002C   7B00         MOV     R3,#0x0
   \   00002E   90....       MOV     DPTR,#SampleApp_TaskID
   \   000031   E0           MOVX    A,@DPTR
   \   000032   F9           MOV     R1,A
   \   000033   12....       LCALL   ??osal_start_timerEx?relay
    302                    }
    303                    else
    304                    {
    305                      // Device is no longer in the network
    306          //              HalUARTWrite(0,"网络断开",8);
    307                    }
    308                    break;
    309          
    310                  default:
    311                    break;
    312                }
    313          
    314                // Release the memory
    315                osal_msg_deallocate( (uint8 *)MSGpkt );
   \                     ??SampleApp_ProcessEvent_4:
   \   000036                ; Setup parameters for call to function osal_msg_deallocate
   \   000036   AA..         MOV     R2,?V0 + 0
   \   000038   AB..         MOV     R3,?V0 + 1
   \   00003A   12....       LCALL   ??osal_msg_deallocate?relay
    316          
    317                // Next - if one is available
    318                MSGpkt = (afIncomingMSGPacket_t *)osal_msg_receive( SampleApp_TaskID );
   \   00003D                ; Setup parameters for call to function osal_msg_receive
   \                     ??SampleApp_ProcessEvent_1:
   \   00003D   90....       MOV     DPTR,#SampleApp_TaskID
   \   000040   E0           MOVX    A,@DPTR
   \   000041   F9           MOV     R1,A
   \   000042   12....       LCALL   ??osal_msg_receive?relay
   \   000045   8A..         MOV     ?V0 + 0,R2
   \   000047   8B..         MOV     ?V0 + 1,R3
   \   000049   E5..         MOV     A,?V0 + 0
   \   00004B   45..         ORL     A,?V0 + 1
   \   00004D   6051         JZ      ??SampleApp_ProcessEvent_5
   \   00004F   85..82       MOV     DPL,?V0 + 0
   \   000052   85..83       MOV     DPH,?V0 + 1
   \   000055   E0           MOVX    A,@DPTR
   \   000056   14           DEC     A
   \   000057   600E         JZ      ??SampleApp_ProcessEvent_6
   \   000059   24E7         ADD     A,#-0x19
   \   00005B   603A         JZ      ??SampleApp_ProcessEvent_7
   \   00005D   245A         ADD     A,#0x5a
   \   00005F   600F         JZ      ??SampleApp_ProcessEvent_8
   \   000061   24EF         ADD     A,#-0x11
   \   000063   60AD         JZ      ??SampleApp_ProcessEvent_2
   \   000065   80CF         SJMP    ??SampleApp_ProcessEvent_4
   \                     ??SampleApp_ProcessEvent_6:
   \   000067                ; Setup parameters for call to function SampleApp_SerialCMD
   \   000067   AA..         MOV     R2,?V0 + 0
   \   000069   AB..         MOV     R3,?V0 + 1
   \   00006B   12....       LCALL   ??SampleApp_SerialCMD?relay
   \   00006E   80C6         SJMP    ??SampleApp_ProcessEvent_4
   \                     ??SampleApp_ProcessEvent_8:
   \   000070                ; Setup parameters for call to function HalUARTWrite
   \   000070   7C04         MOV     R4,#0x4
   \   000072   7D00         MOV     R5,#0x0
   \   000074   7A..         MOV     R2,#`?<Constant "KEY ">` & 0xff
   \   000076   7B..         MOV     R3,#(`?<Constant "KEY ">` >> 8) & 0xff
   \   000078   7900         MOV     R1,#0x0
   \   00007A   12....       LCALL   ??HalUARTWrite?relay
   \   00007D                ; Setup parameters for call to function SampleApp_HandleKeys
   \   00007D   85..82       MOV     DPL,?V0 + 0
   \   000080   85..83       MOV     DPH,?V0 + 1
   \   000083   A3           INC     DPTR
   \   000084   A3           INC     DPTR
   \   000085   A3           INC     DPTR
   \   000086   E0           MOVX    A,@DPTR
   \   000087   FA           MOV     R2,A
   \   000088   85..82       MOV     DPL,?V0 + 0
   \   00008B   85..83       MOV     DPH,?V0 + 1
   \   00008E   A3           INC     DPTR
   \   00008F   A3           INC     DPTR
   \   000090   E0           MOVX    A,@DPTR
   \   000091   F9           MOV     R1,A
   \   000092   12....       LCALL   ??SampleApp_HandleKeys?relay
   \   000095   809F         SJMP    ??SampleApp_ProcessEvent_4
   \                     ??SampleApp_ProcessEvent_7:
   \   000097                ; Setup parameters for call to function SampleApp_MessageMSGCB
   \   000097   AA..         MOV     R2,?V0 + 0
   \   000099   AB..         MOV     R3,?V0 + 1
   \   00009B   12....       LCALL   ??SampleApp_MessageMSGCB?relay
   \   00009E   8096         SJMP    ??SampleApp_ProcessEvent_4
    319              }
    320          
    321              // return unprocessed events
    322              return (events ^ SYS_EVENT_MSG);
   \                     ??SampleApp_ProcessEvent_5:
   \   0000A0   EE           MOV     A,R6
   \   0000A1   FA           MOV     R2,A
   \   0000A2   EF           MOV     A,R7
   \   0000A3   6480         XRL     A,#0x80
   \                     ??SampleApp_ProcessEvent_9:
   \   0000A5   FB           MOV     R3,A
   \   0000A6   802A         SJMP    ??SampleApp_ProcessEvent_10
    323            }
    324          
    325            // Send a message out - This event is generated by a timer
    326            //  (setup in SampleApp_Init()).
    327            if ( events & SAMPLEAPP_SEND_PERIODIC_MSG_EVT )
   \                     ??SampleApp_ProcessEvent_0:
   \   0000A8   EE           MOV     A,R6
   \   0000A9   A2E0         MOV     C,0xE0 /* A   */.0
   \   0000AB   5021         JNC     ??SampleApp_ProcessEvent_11
    328            {
    329              // Send the periodic message
    330              SampleApp_SendPeriodicMessage(); //用户发送处理函数
   \   0000AD                ; Setup parameters for call to function SampleApp_SendPeriodicMessage
   \   0000AD   12....       LCALL   ??SampleApp_SendPeriodicMessage?relay
    331          
    332              // Setup to send message again in normal period (+ a little jitter)
    333              osal_start_timerEx( SampleApp_TaskID, SAMPLEAPP_SEND_PERIODIC_MSG_EVT,
    334                  (SAMPLEAPP_SEND_PERIODIC_MSG_TIMEOUT + (osal_rand() & 0x00FF)) );
   \   0000B0                ; Setup parameters for call to function osal_rand
   \   0000B0   12....       LCALL   ??osal_rand?relay
   \   0000B3                ; Setup parameters for call to function osal_start_timerEx
   \   0000B3   EA           MOV     A,R2
   \   0000B4   2488         ADD     A,#-0x78
   \   0000B6   FC           MOV     R4,A
   \   0000B7   E4           CLR     A
   \   0000B8   3413         ADDC    A,#0x13
   \   0000BA   FD           MOV     R5,A
   \   0000BB   7A01         MOV     R2,#0x1
   \   0000BD   7B00         MOV     R3,#0x0
   \   0000BF   90....       MOV     DPTR,#SampleApp_TaskID
   \   0000C2   E0           MOVX    A,@DPTR
   \   0000C3   F9           MOV     R1,A
   \   0000C4   12....       LCALL   ??osal_start_timerEx?relay
    335          
    336              // return unprocessed events
    337              return (events ^ SAMPLEAPP_SEND_PERIODIC_MSG_EVT);
   \   0000C7   EE           MOV     A,R6
   \   0000C8   6401         XRL     A,#0x1
   \   0000CA   FA           MOV     R2,A
   \   0000CB   EF           MOV     A,R7
   \   0000CC   80D7         SJMP    ??SampleApp_ProcessEvent_9
    338            }
    339          
    340            // Discard unknown events
    341            return 0;
   \                     ??SampleApp_ProcessEvent_11:
   \   0000CE   7A00         MOV     R2,#0x0
   \   0000D0   7B00         MOV     R3,#0x0
   \                     ??SampleApp_ProcessEvent_10:
   \   0000D2   7F04         MOV     R7,#0x4
   \   0000D4   02....       LJMP    ?BANKED_LEAVE_XDATA
    342          }
    343          
    344          
    345          

   \                                 In  segment BANKED_CODE, align 1, keep-with-next
    346          void SampleApp_SerialCMD(mtOSALSerialData_t *cmdMsg)
   \                     SampleApp_SerialCMD:
    347          {
   \   000000   74F2         MOV     A,#-0xe
   \   000002   12....       LCALL   ?BANKED_ENTER_XDATA
   \   000005                ; Saved register size: 14
   \   000005                ; Auto size: 0
    348              uint8 i,len,*str=NULL; //len 有用数据长度
    349              str=cmdMsg->msg; //指向数据开头
   \   000005   8A82         MOV     DPL,R2
   \   000007   8B83         MOV     DPH,R3
   \   000009   A3           INC     DPTR
   \   00000A   A3           INC     DPTR
   \   00000B   E0           MOVX    A,@DPTR
   \   00000C   F5..         MOV     ?V0 + 0,A
   \   00000E   A3           INC     DPTR
   \   00000F   E0           MOVX    A,@DPTR
   \   000010   F5..         MOV     ?V0 + 1,A
    350              len=*str; //msg 里的第 1 个字节代表后面的数据长度
   \   000012   85..82       MOV     DPL,?V0 + 0
   \   000015   F583         MOV     DPH,A
   \   000017   E0           MOVX    A,@DPTR
   \   000018   F5..         MOV     ?V0 + 2,A
    351              /********打印出串口接收到的数据，用于提示*********/
    352              for(i=1;i<=len;i++)
   \   00001A   7E01         MOV     R6,#0x1
   \   00001C   8012         SJMP    ??SampleApp_SerialCMD_0
    353                  HalUARTWrite(0,str+i,1 );
   \                     ??SampleApp_SerialCMD_1:
   \   00001E                ; Setup parameters for call to function HalUARTWrite
   \   00001E   8E..         MOV     ?V0 + 4,R6
   \   000020   E5..         MOV     A,?V0 + 0
   \   000022   25..         ADD     A,?V0 + 4
   \   000024   FA           MOV     R2,A
   \   000025   E5..         MOV     A,?V0 + 1
   \   000027   3400         ADDC    A,#0x0
   \   000029   FB           MOV     R3,A
   \   00002A   7900         MOV     R1,#0x0
   \   00002C   12....       LCALL   ??HalUARTWrite?relay
   \   00002F   0E           INC     R6
   \                     ??SampleApp_SerialCMD_0:
   \   000030   E5..         MOV     A,?V0 + 2
   \   000032   C3           CLR     C
   \   000033   9E           SUBB    A,R6
   \   000034   7C01         MOV     R4,#0x1
   \   000036   7D00         MOV     R5,#0x0
   \   000038   50E4         JNC     ??SampleApp_SerialCMD_1
    354              HalUARTWrite(0,"\n",1 );//换行
   \   00003A                ; Setup parameters for call to function HalUARTWrite
   \   00003A   7A..         MOV     R2,#`?<Constant "\\n">` & 0xff
   \   00003C   7B..         MOV     R3,#(`?<Constant "\\n">` >> 8) & 0xff
   \   00003E   7900         MOV     R1,#0x0
   \   000040   12....       LCALL   ??HalUARTWrite?relay
    355          
    356              /*******发送出去***参考网蜂 1 小时无线数据传输教程*********/
    357              if ( AF_DataRequest( &SampleApp_Periodic_DstAddr, &SampleApp_epDesc,
    358                                  SAMPLEAPP_COM_CLUSTERID,//自己定义一个
    359                                  len+1, // 数据长度
    360                                  str, //数据内容
    361                                  &SampleApp_TransID,
    362                                  AF_DISCV_ROUTE,
    363                                  AF_DEFAULT_RADIUS ) == afStatus_SUCCESS )
   \   000043                ; Setup parameters for call to function AF_DataRequest
   \   000043   75..1E       MOV     ?V0 + 3,#0x1e
   \   000046   78..         MOV     R0,#?V0 + 3
   \   000048   12....       LCALL   ?PUSH_XSTACK_I_ONE
   \   00004B   75....       MOV     ?V0 + 4,#SampleApp_TransID & 0xff
   \   00004E   75....       MOV     ?V0 + 5,#(SampleApp_TransID >> 8) & 0xff
   \   000051   78..         MOV     R0,#?V0 + 4
   \   000053   12....       LCALL   ?PUSH_XSTACK_I_TWO
   \   000056   78..         MOV     R0,#?V0 + 0
   \   000058   12....       LCALL   ?PUSH_XSTACK_I_TWO
   \   00005B   E5..         MOV     A,?V0 + 2
   \   00005D   2401         ADD     A,#0x1
   \   00005F   F5..         MOV     ?V0 + 0,A
   \   000061   E4           CLR     A
   \   000062   3400         ADDC    A,#0x0
   \   000064   F5..         MOV     ?V0 + 1,A
   \   000066   78..         MOV     R0,#?V0 + 0
   \   000068   12....       LCALL   ?PUSH_XSTACK_I_TWO
   \   00006B   75..03       MOV     ?V0 + 0,#0x3
   \   00006E   75..00       MOV     ?V0 + 1,#0x0
   \   000071   78..         MOV     R0,#?V0 + 0
   \   000073   12....       LCALL   ?PUSH_XSTACK_I_TWO
   \   000076   7920         MOV     R1,#0x20
   \   000078   7C..         MOV     R4,#SampleApp_epDesc & 0xff
   \   00007A   7D..         MOV     R5,#(SampleApp_epDesc >> 8) & 0xff
   \   00007C   7A..         MOV     R2,#SampleApp_Periodic_DstAddr & 0xff
   \   00007E   7B..         MOV     R3,#(SampleApp_Periodic_DstAddr >> 8) & 0xff
   \   000080   12....       LCALL   ??AF_DataRequest?relay
   \   000083   7409         MOV     A,#0x9
   \   000085   12....       LCALL   ?DEALLOC_XSTACK8
    364              {
    365              }
    366              else
    367              {
    368                  // Error occurred in request to send.
    369              }
    370          }
   \   000088   7F06         MOV     R7,#0x6
   \   00008A   02....       LJMP    ?BANKED_LEAVE_XDATA
    371          
    372          
    373          
    374          
    375          
    376          
    377          
    378          
    379          
    380          
    381          
    382          
    383          
    384          /*********************************************************************
    385           * Event Generation Functions
    386           */
    387          /*********************************************************************
    388           * @fn      SampleApp_HandleKeys
    389           *
    390           * @brief   Handles all key events for this device.
    391           *
    392           * @param   shift - true if in shift/alt.
    393           * @param   keys - bit field for key events. Valid entries:
    394           *                 HAL_KEY_SW_2
    395           *                 HAL_KEY_SW_1
    396           *
    397           * @return  none
    398           */

   \                                 In  segment BANKED_CODE, align 1, keep-with-next
    399          void SampleApp_HandleKeys( uint8 shift, uint8 keys )
   \                     SampleApp_HandleKeys:
    400          {
   \   000000   74F6         MOV     A,#-0xa
   \   000002   12....       LCALL   ?BANKED_ENTER_XDATA
   \   000005                ; Saved register size: 10
   \   000005                ; Auto size: 0
   \   000005   EA           MOV     A,R2
   \   000006   FE           MOV     R6,A
    401            (void)shift;  // Intentionally unreferenced parameter
    402          
    403            if ( keys & HAL_KEY_SW_1 )
   \   000007   A2E0         MOV     C,0xE0 /* A   */.0
   \   000009   5007         JNC     ??SampleApp_HandleKeys_0
    404            {
    405              /* This key sends the Flash Command is sent to Group 1.
    406               * This device will not receive the Flash Command from this
    407               * device (even if it belongs to group 1).
    408               */
    409              SampleApp_SendFlashMessage( SAMPLEAPP_FLASH_DURATION );
   \   00000B                ; Setup parameters for call to function SampleApp_SendFlashMessage
   \   00000B   7AE8         MOV     R2,#-0x18
   \   00000D   7B03         MOV     R3,#0x3
   \   00000F   12....       LCALL   ??SampleApp_SendFlashMessage?relay
    410            }
    411          
    412            if ( keys & HAL_KEY_SW_2 )
   \                     ??SampleApp_HandleKeys_0:
   \   000012   EE           MOV     A,R6
   \   000013   A2E1         MOV     C,0xE0 /* A   */.1
   \   000015   5024         JNC     ??SampleApp_HandleKeys_1
    413            {
    414              /* The Flashr Command is sent to Group 1.
    415               * This key toggles this device in and out of group 1.
    416               * If this device doesn't belong to group 1, this application
    417               * will not receive the Flash command sent to group 1.
    418               */
    419              aps_Group_t *grp;
    420              grp = aps_FindGroup( SAMPLEAPP_ENDPOINT, SAMPLEAPP_FLASH_GROUP );
    421              if ( grp )
   \   000017                ; Setup parameters for call to function aps_FindGroup
   \   000017   7A01         MOV     R2,#0x1
   \   000019   7B00         MOV     R3,#0x0
   \   00001B   7914         MOV     R1,#0x14
   \   00001D   12....       LCALL   ??aps_FindGroup?relay
   \   000020   8B..         MOV     ?V0 + 1,R3
   \   000022   EA           MOV     A,R2
   \   000023   45..         ORL     A,?V0 + 1
   \   000025   600B         JZ      ??SampleApp_HandleKeys_2
    422              {
    423                // Remove from the group
    424                aps_RemoveGroup( SAMPLEAPP_ENDPOINT, SAMPLEAPP_FLASH_GROUP );
   \   000027                ; Setup parameters for call to function aps_RemoveGroup
   \   000027   7A01         MOV     R2,#0x1
   \   000029   7B00         MOV     R3,#0x0
   \   00002B   7914         MOV     R1,#0x14
   \   00002D   12....       LCALL   ??aps_RemoveGroup?relay
   \   000030   8009         SJMP    ??SampleApp_HandleKeys_1
    425              }
    426              else
    427              {
    428                // Add to the flash group
    429                aps_AddGroup( SAMPLEAPP_ENDPOINT, &SampleApp_Group );
   \                     ??SampleApp_HandleKeys_2:
   \   000032                ; Setup parameters for call to function aps_AddGroup
   \   000032   7A..         MOV     R2,#SampleApp_Group & 0xff
   \   000034   7B..         MOV     R3,#(SampleApp_Group >> 8) & 0xff
   \   000036   7914         MOV     R1,#0x14
   \   000038   12....       LCALL   ??aps_AddGroup?relay
    430              }
    431            }
    432            //判断按键S2按下，发送数据到串口
    433            if ( keys & HAL_KEY_SW_6 )
   \                     ??SampleApp_HandleKeys_1:
   \   00003B   EE           MOV     A,R6
   \   00003C   A2E5         MOV     C,0xE0 /* A   */.5
   \   00003E   501A         JNC     ??SampleApp_HandleKeys_3
    434            {
    435              HalUARTWrite(0,"S1\n",3);
   \   000040                ; Setup parameters for call to function HalUARTWrite
   \   000040   7C03         MOV     R4,#0x3
   \   000042   7D00         MOV     R5,#0x0
   \   000044   7A..         MOV     R2,#`?<Constant "S1\\n">` & 0xff
   \   000046   7B..         MOV     R3,#(`?<Constant "S1\\n">` >> 8) & 0xff
   \   000048   7900         MOV     R1,#0x0
   \   00004A   12....       LCALL   ??HalUARTWrite?relay
    436              HalLedBlink( HAL_LED_3, 2,50, 500 ); //LED1 闪烁提示
   \   00004D                ; Setup parameters for call to function HalLedBlink
   \   00004D   7CF4         MOV     R4,#-0xc
   \   00004F   7D01         MOV     R5,#0x1
   \   000051   7B32         MOV     R3,#0x32
   \   000053   7A02         MOV     R2,#0x2
   \   000055   7904         MOV     R1,#0x4
   \   000057   12....       LCALL   ??HalLedBlink?relay
    437            }
    438          }
   \                     ??SampleApp_HandleKeys_3:
   \   00005A   80..         SJMP    ??Subroutine3_0

   \                                 In  segment BANKED_CODE, align 1, keep-with-next
   \                     ??Subroutine3_0:
   \   000000   7F02         MOV     R7,#0x2
   \   000002   02....       LJMP    ?BANKED_LEAVE_XDATA
    439          
    440          
    441          
    442          
    443          
    444          
    445          
    446          
    447          
    448          
    449          /*********************************************************************
    450           * LOCAL FUNCTIONS
    451           */
    452          
    453          /*********************************************************************
    454           * @fn      SampleApp_MessageMSGCB
    455           *
    456           * @brief   Data message processor callback.  This function processes
    457           *          any incoming data - probably from other devices.  So, based
    458           *          on cluster ID, perform the intended action.
    459           *          
    460                      处理接收到的数据,可能是从其他设备收到的数据.
    461          
    462           * @param   none
    463           *
    464           * @return  none
    465           */

   \                                 In  segment BANKED_CODE, align 1, keep-with-next
    466          void SampleApp_MessageMSGCB( afIncomingMSGPacket_t *pkt )
   \                     SampleApp_MessageMSGCB:
    467          {
   \   000000   74F6         MOV     A,#-0xa
   \   000002   12....       LCALL   ?BANKED_ENTER_XDATA
   \   000005                ; Saved register size: 10
   \   000005                ; Auto size: 0
   \   000005   EA           MOV     A,R2
   \   000006   FE           MOV     R6,A
   \   000007   EB           MOV     A,R3
   \   000008   FF           MOV     R7,A
    468            uint16 flashTime;
    469            uint8 i,len; //透传
    470            switch ( pkt->clusterId )
   \   000009   8E82         MOV     DPL,R6
   \   00000B   8F83         MOV     DPH,R7
   \   00000D   A3           INC     DPTR
   \   00000E   A3           INC     DPTR
   \   00000F   A3           INC     DPTR
   \   000010   A3           INC     DPTR
   \   000011   E0           MOVX    A,@DPTR
   \   000012   F5..         MOV     ?V0 + 0,A
   \   000014   A3           INC     DPTR
   \   000015   E0           MOVX    A,@DPTR
   \   000016   F5..         MOV     ?V0 + 1,A
   \   000018   78..         MOV     R0,#?V0 + 0
   \   00001A   12....       LCALL   ?US_SWITCH_DENSE
   \                     `?<Jumptable for SampleApp_MessageMSGCB>_0`:
   \   00001D   0200         DW        2
   \   00001F   01           DB        1
   \   000020   ....         DW        ??SampleApp_MessageMSGCB_0
   \   000022   ....         DW        ??SampleApp_MessageMSGCB_1
   \   000024   ....         DW        ??SampleApp_MessageMSGCB_2
   \                     ??SampleApp_MessageMSGCB_1:
   \   000026   12....       LCALL   ?Subroutine1 & 0xFFFF
   \                     ??CrossCallReturnLabel_0:
   \   000029   F9           MOV     R1,A
   \   00002A                ; Setup parameters for call to function HalLedBlink
   \   00002A   8882         MOV     DPL,R0
   \   00002C   8983         MOV     DPH,R1
   \   00002E   A3           INC     DPTR
   \   00002F   E0           MOVX    A,@DPTR
   \   000030   FA           MOV     R2,A
   \   000031   8882         MOV     DPL,R0
   \   000033   8983         MOV     DPH,R1
   \   000035   A3           INC     DPTR
   \   000036   A3           INC     DPTR
   \   000037   E0           MOVX    A,@DPTR
   \   000038   F9           MOV     R1,A
   \   000039   EA           MOV     A,R2
   \   00003A   2400         ADD     A,#0x0
   \   00003C   F5..         MOV     ?V0 + 0,A
   \   00003E   E4           CLR     A
   \   00003F   39           ADDC    A,R1
   \   000040   F5..         MOV     ?V0 + 1,A
   \   000042   7402         MOV     A,#0x2
   \   000044   78..         MOV     R0,#?V0 + 0
   \   000046   12....       LCALL   ?US_SHR
   \   000049   AC..         MOV     R4,?V0 + 0
   \   00004B   AD..         MOV     R5,?V0 + 1
   \   00004D   7B32         MOV     R3,#0x32
   \   00004F   7A04         MOV     R2,#0x4
   \   000051   7908         MOV     R1,#0x8
    471            {
    472            case SAMPLEAPP_PERIODIC_CLUSTERID:
    473              //        HalUARTWrite(0, "I get data ", 11);  //给串口发送提示
    474              //        HalUARTWrite(0, &pkt->cmd.Data[0], 10); // 打印收到数据
    475              //        HalUARTWrite(0, "\n", 1); // 回车换行
    476              break;
    477              
    478            case SAMPLEAPP_FLASH_CLUSTERID:
    479              flashTime = BUILD_UINT16(pkt->cmd.Data[1], pkt->cmd.Data[2] );
    480              HalLedBlink( HAL_LED_4, 4, 50, (flashTime / 4) );
   \   000053   12....       LCALL   ??HalLedBlink?relay
    481              break;
   \   000056   803E         SJMP    ??SampleApp_MessageMSGCB_0
    482              
    483            case SAMPLEAPP_COM_CLUSTERID: //如果是串口透传的信息
    484              len=pkt->cmd.Data[0];
   \                     ??SampleApp_MessageMSGCB_2:
   \   000058   12....       LCALL   ?Subroutine1 & 0xFFFF
   \                     ??CrossCallReturnLabel_1:
   \   00005B   F583         MOV     DPH,A
   \   00005D   8882         MOV     DPL,R0
   \   00005F   E0           MOVX    A,@DPTR
   \   000060   F5..         MOV     ?V0 + 1,A
    485              for(i=0;i<len;i++)
   \   000062   75..00       MOV     ?V0 + 0,#0x0
   \   000065   801B         SJMP    ??SampleApp_MessageMSGCB_3
    486                HalUARTWrite(0,&pkt->cmd.Data[i+1],1);//发给 PC 机
   \                     ??SampleApp_MessageMSGCB_4:
   \   000067                ; Setup parameters for call to function HalUARTWrite
   \   000067   A8..         MOV     R0,?V0 + 0
   \   000069   12....       LCALL   ?Subroutine2 & 0xFFFF
   \                     ??CrossCallReturnLabel_2:
   \   00006C   28           ADD     A,R0
   \   00006D   FA           MOV     R2,A
   \   00006E   A3           INC     DPTR
   \   00006F   E0           MOVX    A,@DPTR
   \   000070   3400         ADDC    A,#0x0
   \   000072   8A82         MOV     DPL,R2
   \   000074   F583         MOV     DPH,A
   \   000076   A3           INC     DPTR
   \   000077   AA82         MOV     R2,DPL
   \   000079   AB83         MOV     R3,DPH
   \   00007B   7900         MOV     R1,#0x0
   \   00007D   12....       LCALL   ??HalUARTWrite?relay
   \   000080   05..         INC     ?V0 + 0
   \                     ??SampleApp_MessageMSGCB_3:
   \   000082   E5..         MOV     A,?V0 + 0
   \   000084   C3           CLR     C
   \   000085   95..         SUBB    A,?V0 + 1
   \   000087   7C01         MOV     R4,#0x1
   \   000089   7D00         MOV     R5,#0x0
   \   00008B   40DA         JC      ??SampleApp_MessageMSGCB_4
    487              HalUARTWrite(0,"\n",1); // 回车换行
   \   00008D                ; Setup parameters for call to function HalUARTWrite
   \   00008D   7A..         MOV     R2,#`?<Constant "\\n">` & 0xff
   \   00008F   7B..         MOV     R3,#(`?<Constant "\\n">` >> 8) & 0xff
   \   000091   7900         MOV     R1,#0x0
   \   000093   12....       LCALL   ??HalUARTWrite?relay
    488              break;
    489            }
    490          }
   \                     ??SampleApp_MessageMSGCB_0:
   \   000096   02....       LJMP    ??Subroutine3_0 & 0xFFFF

   \                                 In  segment BANKED_CODE, align 1, keep-with-next
   \                     ?Subroutine1:
   \   000000   12....       LCALL   ?Subroutine2 & 0xFFFF
   \                     ??CrossCallReturnLabel_3:
   \   000003   F8           MOV     R0,A
   \   000004   A3           INC     DPTR
   \   000005   E0           MOVX    A,@DPTR
   \   000006   22           RET

   \                                 In  segment BANKED_CODE, align 1, keep-with-next
   \                     ?Subroutine2:
   \   000000   EE           MOV     A,R6
   \   000001   2422         ADD     A,#0x22
   \   000003   F582         MOV     DPL,A
   \   000005   EF           MOV     A,R7
   \   000006   3400         ADDC    A,#0x0
   \   000008   F583         MOV     DPH,A
   \   00000A   E0           MOVX    A,@DPTR
   \   00000B   22           RET
    491          
    492          /*********************************************************************
    493           * @fn      SampleApp_SendPeriodicMessage
    494           *
    495           * @brief   Send the periodic message.
    496           *
    497           * @param   none
    498           *
    499           * @return  none
    500           */

   \                                 In  segment BANKED_CODE, align 1, keep-with-next
   \                     ?Subroutine0:
   \   000000   12....       LCALL   ?DEALLOC_XSTACK8
   \   000003                REQUIRE ??Subroutine3_0
   \   000003                ; // Fall through to label ??Subroutine3_0

   \                                 In  segment BANKED_CODE, align 1, keep-with-next
    501          void SampleApp_SendPeriodicMessage( void )
   \                     SampleApp_SendPeriodicMessage:
    502          {
   \   000000   74F6         MOV     A,#-0xa
   \   000002   12....       LCALL   ?BANKED_ENTER_XDATA
   \   000005                ; Saved register size: 10
   \   000005                ; Auto size: 0
    503            //uint8 data[10]={'0','1','2','3','4','5','6','7','8','9'};
    504            if ( AF_DataRequest( &SampleApp_Periodic_DstAddr, &SampleApp_epDesc,
    505                                 SAMPLEAPP_PERIODIC_CLUSTERID,
    506          //                       10,    //数据长度
    507          //                       data,  //指针方式
    508                                 1,  //数据长度
    509                                 (uint8*)&SampleAppPeriodicCounter, //要发送的内容
    510                                 &SampleApp_TransID,
    511                                 AF_DISCV_ROUTE,
    512                                 AF_DEFAULT_RADIUS ) == afStatus_SUCCESS )
   \   000005                ; Setup parameters for call to function AF_DataRequest
   \   000005   75..1E       MOV     ?V0 + 0,#0x1e
   \   000008   78..         MOV     R0,#?V0 + 0
   \   00000A   12....       LCALL   ?PUSH_XSTACK_I_ONE
   \   00000D   75....       MOV     ?V0 + 0,#SampleApp_TransID & 0xff
   \   000010   75....       MOV     ?V0 + 1,#(SampleApp_TransID >> 8) & 0xff
   \   000013   78..         MOV     R0,#?V0 + 0
   \   000015   12....       LCALL   ?PUSH_XSTACK_I_TWO
   \   000018   75....       MOV     ?V0 + 0,#SampleAppPeriodicCounter & 0xff
   \   00001B   75....       MOV     ?V0 + 1,#(SampleAppPeriodicCounter >> 8) & 0xff
   \   00001E   78..         MOV     R0,#?V0 + 0
   \   000020   12....       LCALL   ?PUSH_XSTACK_I_TWO
   \   000023   75..01       MOV     ?V0 + 0,#0x1
   \   000026   75..00       MOV     ?V0 + 1,#0x0
   \   000029   78..         MOV     R0,#?V0 + 0
   \   00002B   12....       LCALL   ?PUSH_XSTACK_I_TWO
   \   00002E   78..         MOV     R0,#?V0 + 0
   \   000030   12....       LCALL   ?PUSH_XSTACK_I_TWO
   \   000033   7920         MOV     R1,#0x20
   \   000035   7C..         MOV     R4,#SampleApp_epDesc & 0xff
   \   000037   7D..         MOV     R5,#(SampleApp_epDesc >> 8) & 0xff
   \   000039   7A..         MOV     R2,#SampleApp_Periodic_DstAddr & 0xff
   \   00003B   7B..         MOV     R3,#(SampleApp_Periodic_DstAddr >> 8) & 0xff
   \   00003D   12....       LCALL   ??AF_DataRequest?relay
   \   000040   7409         MOV     A,#0x9
   \   000042   02....       LJMP    ?Subroutine0 & 0xFFFF
    513            {
    514            }
    515            else
    516            {
    517              // Error occurred in request to send.
    518            }
    519          }
    520          
    521          /*********************************************************************
    522           * @fn      SampleApp_SendFlashMessage
    523           *
    524           * @brief   Send the flash message to group 1.
    525           *
    526           * @param   flashTime - in milliseconds
    527           *
    528           * @return  none
    529           */

   \                                 In  segment BANKED_CODE, align 1, keep-with-next
    530          void SampleApp_SendFlashMessage( uint16 flashTime )
   \                     SampleApp_SendFlashMessage:
    531          {
   \   000000   74F6         MOV     A,#-0xa
   \   000002   12....       LCALL   ?BANKED_ENTER_XDATA
   \   000005                ; Saved register size: 10
   \   000005                ; Auto size: 3
   \   000005   74FD         MOV     A,#-0x3
   \   000007   12....       LCALL   ?ALLOC_XSTACK8
    532            uint8 buffer[3];
    533            buffer[0] = (uint8)(SampleAppFlashCounter++);
   \   00000A   90....       MOV     DPTR,#SampleAppFlashCounter
   \   00000D   E0           MOVX    A,@DPTR
   \   00000E   85..82       MOV     DPL,?XSP + 0
   \   000011   85..83       MOV     DPH,?XSP + 1
   \   000014   F0           MOVX    @DPTR,A
   \   000015   90....       MOV     DPTR,#SampleAppFlashCounter
   \   000018   E0           MOVX    A,@DPTR
   \   000019   04           INC     A
   \   00001A   F0           MOVX    @DPTR,A
    534            buffer[1] = LO_UINT16( flashTime );
   \   00001B   7401         MOV     A,#0x1
   \   00001D   12....       LCALL   ?XSTACK_DISP0_8
   \   000020   EA           MOV     A,R2
   \   000021   F0           MOVX    @DPTR,A
    535            buffer[2] = HI_UINT16( flashTime );
   \   000022   7402         MOV     A,#0x2
   \   000024   12....       LCALL   ?XSTACK_DISP0_8
   \   000027   EB           MOV     A,R3
   \   000028   F0           MOVX    @DPTR,A
    536          
    537            if ( AF_DataRequest( &SampleApp_Flash_DstAddr, &SampleApp_epDesc,
    538                                 SAMPLEAPP_FLASH_CLUSTERID,
    539                                 3,
    540                                 buffer,
    541                                 &SampleApp_TransID,
    542                                 AF_DISCV_ROUTE,
    543                                 AF_DEFAULT_RADIUS ) == afStatus_SUCCESS )
   \   000029                ; Setup parameters for call to function AF_DataRequest
   \   000029   75..1E       MOV     ?V0 + 0,#0x1e
   \   00002C   78..         MOV     R0,#?V0 + 0
   \   00002E   12....       LCALL   ?PUSH_XSTACK_I_ONE
   \   000031   75....       MOV     ?V0 + 0,#SampleApp_TransID & 0xff
   \   000034   75....       MOV     ?V0 + 1,#(SampleApp_TransID >> 8) & 0xff
   \   000037   78..         MOV     R0,#?V0 + 0
   \   000039   12....       LCALL   ?PUSH_XSTACK_I_TWO
   \   00003C   7403         MOV     A,#0x3
   \   00003E   12....       LCALL   ?XSTACK_DISP0_8
   \   000041   8582..       MOV     ?V0 + 0,DPL
   \   000044   8583..       MOV     ?V0 + 1,DPH
   \   000047   78..         MOV     R0,#?V0 + 0
   \   000049   12....       LCALL   ?PUSH_XSTACK_I_TWO
   \   00004C   75..03       MOV     ?V0 + 0,#0x3
   \   00004F   75..00       MOV     ?V0 + 1,#0x0
   \   000052   78..         MOV     R0,#?V0 + 0
   \   000054   12....       LCALL   ?PUSH_XSTACK_I_TWO
   \   000057   75..02       MOV     ?V0 + 0,#0x2
   \   00005A   78..         MOV     R0,#?V0 + 0
   \   00005C   12....       LCALL   ?PUSH_XSTACK_I_TWO
   \   00005F   7920         MOV     R1,#0x20
   \   000061   7C..         MOV     R4,#SampleApp_epDesc & 0xff
   \   000063   7D..         MOV     R5,#(SampleApp_epDesc >> 8) & 0xff
   \   000065   7A..         MOV     R2,#SampleApp_Flash_DstAddr & 0xff
   \   000067   7B..         MOV     R3,#(SampleApp_Flash_DstAddr >> 8) & 0xff
   \   000069   12....       LCALL   ??AF_DataRequest?relay
   \   00006C   7409         MOV     A,#0x9
   \   00006E   12....       LCALL   ?DEALLOC_XSTACK8
    544            {
    545            }
    546            else
    547            {
    548              // Error occurred in request to send.
    549            }
    550          }
   \   000071   7403         MOV     A,#0x3
   \   000073   02....       LJMP    ?Subroutine0 & 0xFFFF

   \                                 In  segment BANK_RELAYS, align 1
   \                     ??SampleApp_Init?relay:
   \   000000   12....       LCALL   ?BDISPATCH
   \   000003   ......       DC24    SampleApp_Init

   \                                 In  segment BANK_RELAYS, align 1
   \                     ??SampleApp_ProcessEvent?relay:
   \   000000   12....       LCALL   ?BDISPATCH
   \   000003   ......       DC24    SampleApp_ProcessEvent

   \                                 In  segment BANK_RELAYS, align 1
   \                     ??SampleApp_SerialCMD?relay:
   \   000000   12....       LCALL   ?BDISPATCH
   \   000003   ......       DC24    SampleApp_SerialCMD

   \                                 In  segment BANK_RELAYS, align 1
   \                     ??SampleApp_HandleKeys?relay:
   \   000000   12....       LCALL   ?BDISPATCH
   \   000003   ......       DC24    SampleApp_HandleKeys

   \                                 In  segment BANK_RELAYS, align 1
   \                     ??SampleApp_MessageMSGCB?relay:
   \   000000   12....       LCALL   ?BDISPATCH
   \   000003   ......       DC24    SampleApp_MessageMSGCB

   \                                 In  segment BANK_RELAYS, align 1
   \                     ??SampleApp_SendPeriodicMessage?relay:
   \   000000   12....       LCALL   ?BDISPATCH
   \   000003   ......       DC24    SampleApp_SendPeriodicMessage

   \                                 In  segment BANK_RELAYS, align 1
   \                     ??SampleApp_SendFlashMessage?relay:
   \   000000   12....       LCALL   ?BDISPATCH
   \   000003   ......       DC24    SampleApp_SendFlashMessage

   \                                 In  segment XDATA_ROM_C, align 1
   \                     `?<Constant "Hello World\\n">`:
   \   000000   48656C6C     DB "Hello World\012"
   \            6F20576F
   \            726C640A
   \            00      

   \                                 In  segment XDATA_ROM_C, align 1
   \                     `?<Constant "Group 1">`:
   \   000000   47726F75     DB "Group 1"
   \            70203100

   \                                 In  segment XDATA_ROM_C, align 1
   \                     `?<Constant "KEY ">`:
   \   000000   4B455920     DB "KEY "
   \            00      

   \                                 In  segment XDATA_ROM_C, align 1
   \                     `?<Constant "\\n">`:
   \   000000   0A00         DB "\012"

   \                                 In  segment XDATA_ROM_C, align 1
   \                     `?<Constant "S1\\n">`:
   \   000000   53310A00     DB "S1\012"
    551          
    552          /*********************************************************************
    553          *********************************************************************/

   Maximum stack usage in bytes:

     Function                       ISTACK PSTACK XSTACK
     --------                       ------ ------ ------
     SampleApp_HandleKeys               0      0     22
       -> SampleApp_SendFlashMessage
                                        0      0     20
       -> aps_FindGroup                 0      0     20
       -> aps_RemoveGroup               0      0     20
       -> aps_AddGroup                  0      0     20
       -> HalUARTWrite                  0      0     20
       -> HalLedBlink                   0      0     20
     SampleApp_Init                     0      0     14
       -> MT_UartInit                   0      0     22
       -> MT_UartRegisterTaskID         0      0     22
       -> HalUARTWrite                  0      0     22
       -> afRegister                    0      0     22
       -> RegisterForKeys               0      0     22
       -> osal_memcpy                   0      0     28
       -> aps_AddGroup                  0      0     22
     SampleApp_MessageMSGCB             0      0     22
       -> HalLedBlink                   0      0     20
       -> HalUARTWrite                  0      0     20
       -> HalUARTWrite                  0      0     20
     SampleApp_ProcessEvent             0      0     12
       -> osal_msg_receive              0      0     24
       -> osal_start_timerEx            0      0     24
       -> osal_msg_deallocate           0      0     24
       -> osal_msg_receive              0      0     24
       -> SampleApp_SerialCMD           0      0     24
       -> HalUARTWrite                  0      0     24
       -> SampleApp_HandleKeys          0      0     24
       -> SampleApp_MessageMSGCB        0      0     24
       -> SampleApp_SendPeriodicMessage
                                        0      0     24
       -> osal_rand                     0      0     24
       -> osal_start_timerEx            0      0     24
     SampleApp_SendFlashMessage         1      0     32
       -> AF_DataRequest                0      0     44
     SampleApp_SendPeriodicMessage      0      0     31
       -> AF_DataRequest                0      0     38
     SampleApp_SerialCMD                0      0     35
       -> HalUARTWrite                  0      0     28
       -> HalUARTWrite                  0      0     28
       -> AF_DataRequest                0      0     46


   Segment part sizes:

     Function/Label                        Bytes
     --------------                        -----
     SampleApp_ClusterList                    6
     SampleApp_SimpleDesc                    12
     SampleApp_epDesc                         6
     SampleApp_TaskID                         1
     SampleApp_NwkState                       1
     SampleApp_TransID                        1
     SampleApp_Periodic_DstAddr              12
     SampleApp_Flash_DstAddr                 12
     SampleApp_Group                         18
     SampleAppPeriodicCounter                 1
     SampleAppFlashCounter                    1
     SampleApp_Init                         172
     SampleApp_ProcessEvent                 215
     SampleApp_SerialCMD                    141
     SampleApp_HandleKeys                    92
     ??Subroutine3_0                          5
     SampleApp_MessageMSGCB                 153
     ?Subroutine1                             7
     ?Subroutine2                            12
     ?Subroutine0                             3
     SampleApp_SendPeriodicMessage           69
     SampleApp_SendFlashMessage             118
     ??SampleApp_Init?relay                   6
     ??SampleApp_ProcessEvent?relay           6
     ??SampleApp_SerialCMD?relay              6
     ??SampleApp_HandleKeys?relay             6
     ??SampleApp_MessageMSGCB?relay           6
     ??SampleApp_SendPeriodicMessage?relay    6
     ??SampleApp_SendFlashMessage?relay       6
     ?<Constant "Hello World\n">             13
     ?<Constant "Group 1">                    8
     ?<Constant "KEY ">                       5
     ?<Constant "\n">                         2
     ?<Constant "S1\n">                       4

 
 987 bytes in segment BANKED_CODE
  42 bytes in segment BANK_RELAYS
  50 bytes in segment XDATA_ROM_C
  53 bytes in segment XDATA_Z
 
 1 029 bytes of CODE  memory
    50 bytes of CONST memory
    53 bytes of XDATA memory

Errors: none
Warnings: none
